2025-05-08 22:56:22,841 INFO werkzeug [31m[1mWARNING: This is a development server. Do not use it in a production deployment. Use a production WSGI server instead.[0m
 * Running on http://127.0.0.1:5000
2025-05-08 22:56:22,841 INFO werkzeug [33mPress CTRL+C to quit[0m
2025-05-08 22:56:28,779 INFO werkzeug 127.0.0.1 - - [08/May/2025 22:56:28] "GET / HTTP/1.1" 200 -
2025-05-08 22:56:28,813 INFO werkzeug 127.0.0.1 - - [08/May/2025 22:56:28] "[36mGET /static/css/main.css HTTP/1.1[0m" 304 -
2025-05-08 22:56:28,814 INFO werkzeug 127.0.0.1 - - [08/May/2025 22:56:28] "[36mGET /static/css/base.css HTTP/1.1[0m" 304 -
2025-05-08 22:56:28,847 INFO werkzeug 127.0.0.1 - - [08/May/2025 22:56:28] "[36mGET /static/img/profile2.svg HTTP/1.1[0m" 304 -
2025-05-08 22:56:28,860 INFO werkzeug 127.0.0.1 - - [08/May/2025 22:56:28] "[36mGET /static/img/fon.jpg HTTP/1.1[0m" 304 -
2025-05-08 22:56:30,259 INFO werkzeug 127.0.0.1 - - [08/May/2025 22:56:30] "GET /my_plans HTTP/1.1" 200 -
2025-05-08 22:56:30,273 INFO werkzeug 127.0.0.1 - - [08/May/2025 22:56:30] "[36mGET /static/css/base.css HTTP/1.1[0m" 304 -
2025-05-08 22:56:30,274 INFO werkzeug 127.0.0.1 - - [08/May/2025 22:56:30] "[36mGET /static/img/profile2.svg HTTP/1.1[0m" 304 -
2025-05-08 22:56:30,959 INFO werkzeug 127.0.0.1 - - [08/May/2025 22:56:30] "GET /create_plan HTTP/1.1" 200 -
2025-05-08 22:56:30,972 INFO werkzeug 127.0.0.1 - - [08/May/2025 22:56:30] "[36mGET /static/css/base.css HTTP/1.1[0m" 304 -
2025-05-08 22:56:30,973 INFO werkzeug 127.0.0.1 - - [08/May/2025 22:56:30] "[36mGET /static/img/profile2.svg HTTP/1.1[0m" 304 -
2025-05-08 22:56:41,613 INFO werkzeug 127.0.0.1 - - [08/May/2025 22:56:41] "POST /create_plan HTTP/1.1" 200 -
2025-05-08 22:56:41,626 INFO werkzeug 127.0.0.1 - - [08/May/2025 22:56:41] "[36mGET /static/css/base.css HTTP/1.1[0m" 304 -
2025-05-08 22:56:41,627 INFO werkzeug 127.0.0.1 - - [08/May/2025 22:56:41] "[36mGET /static/img/profile2.svg HTTP/1.1[0m" 304 -
2025-05-08 22:56:42,876 INFO werkzeug 127.0.0.1 - - [08/May/2025 22:56:42] "GET /russian_cities HTTP/1.1" 200 -
2025-05-08 22:56:42,891 INFO werkzeug 127.0.0.1 - - [08/May/2025 22:56:42] "[36mGET /static/css/base.css HTTP/1.1[0m" 304 -
2025-05-08 22:56:42,892 INFO werkzeug 127.0.0.1 - - [08/May/2025 22:56:42] "[36mGET /static/img/profile2.svg HTTP/1.1[0m" 304 -
2025-05-08 22:56:42,894 INFO werkzeug 127.0.0.1 - - [08/May/2025 22:56:42] "[36mGET /static/img/–ú–æ—Å–∫–≤–∞.png HTTP/1.1[0m" 304 -
2025-05-08 22:56:42,897 INFO werkzeug 127.0.0.1 - - [08/May/2025 22:56:42] "[36mGET /static/img/–°–∞–Ω–∫—Ç-–ü–µ—Ç–µ—Ä–±—É—Ä–≥.png HTTP/1.1[0m" 304 -
2025-05-08 22:56:42,924 INFO werkzeug 127.0.0.1 - - [08/May/2025 22:56:42] "[36mGET /static/img/–ö–∞—Ä–µ–ª–∏—è.png HTTP/1.1[0m" 304 -
2025-05-08 22:56:42,925 INFO werkzeug 127.0.0.1 - - [08/May/2025 22:56:42] "[36mGET /static/img/–ö–∞–º—á–∞—Ç–∫–∞.png HTTP/1.1[0m" 304 -
2025-05-08 22:56:42,926 INFO werkzeug 127.0.0.1 - - [08/May/2025 22:56:42] "[36mGET /static/img/–°–æ—á–∏.png HTTP/1.1[0m" 304 -
2025-05-08 22:56:42,927 INFO werkzeug 127.0.0.1 - - [08/May/2025 22:56:42] "[36mGET /static/img/–ö–∞–∑–∞–Ω—å.png HTTP/1.1[0m" 304 -
2025-05-08 22:56:42,931 INFO werkzeug 127.0.0.1 - - [08/May/2025 22:56:42] "[36mGET /static/img/–ö–∏—Å–ª–æ–≤–æ–¥—Å–∫.png HTTP/1.1[0m" 304 -
2025-05-08 22:56:42,935 INFO werkzeug 127.0.0.1 - - [08/May/2025 22:56:42] "[36mGET /static/img/–ö–∞–≤–∫–∞–∑.png HTTP/1.1[0m" 304 -
2025-05-08 22:56:42,943 INFO werkzeug 127.0.0.1 - - [08/May/2025 22:56:42] "[36mGET /static/img/–ö—Ä—ã–º.png HTTP/1.1[0m" 304 -
2025-05-08 22:56:42,968 INFO werkzeug 127.0.0.1 - - [08/May/2025 22:56:42] "[36mGET /static/img/–í–ª–∞–¥–∏–≤–æ—Å—Ç–æ–∫.png HTTP/1.1[0m" 304 -
2025-05-08 22:56:42,972 INFO werkzeug 127.0.0.1 - - [08/May/2025 22:56:42] "[36mGET /static/img/–ö–∞–ª–∏–Ω–∏–Ω–≥—Ä–∞–¥.png HTTP/1.1[0m" 304 -
2025-05-08 22:56:42,976 INFO werkzeug 127.0.0.1 - - [08/May/2025 22:56:42] "[36mGET /static/img/–î–µ—Ä–±–µ–Ω—Ç.png HTTP/1.1[0m" 304 -
2025-05-08 22:56:43,488 INFO werkzeug 127.0.0.1 - - [08/May/2025 22:56:43] "GET /my_plans HTTP/1.1" 200 -
2025-05-08 22:56:43,501 INFO werkzeug 127.0.0.1 - - [08/May/2025 22:56:43] "[36mGET /static/css/base.css HTTP/1.1[0m" 304 -
2025-05-08 22:56:43,504 INFO werkzeug 127.0.0.1 - - [08/May/2025 22:56:43] "[36mGET /static/img/profile2.svg HTTP/1.1[0m" 304 -
2025-05-08 22:58:01,788 INFO werkzeug [31m[1mWARNING: This is a development server. Do not use it in a production deployment. Use a production WSGI server instead.[0m
 * Running on http://127.0.0.1:5000
2025-05-08 22:58:01,788 INFO werkzeug [33mPress CTRL+C to quit[0m
2025-05-08 22:58:08,253 INFO werkzeug 127.0.0.1 - - [08/May/2025 22:58:08] "GET / HTTP/1.1" 200 -
2025-05-08 22:58:08,285 INFO werkzeug 127.0.0.1 - - [08/May/2025 22:58:08] "[36mGET /static/css/main.css HTTP/1.1[0m" 304 -
2025-05-08 22:58:08,285 INFO werkzeug 127.0.0.1 - - [08/May/2025 22:58:08] "[36mGET /static/css/base.css HTTP/1.1[0m" 304 -
2025-05-08 22:58:08,319 INFO werkzeug 127.0.0.1 - - [08/May/2025 22:58:08] "[36mGET /static/img/profile2.svg HTTP/1.1[0m" 304 -
2025-05-08 22:58:08,332 INFO werkzeug 127.0.0.1 - - [08/May/2025 22:58:08] "[36mGET /static/img/fon.jpg HTTP/1.1[0m" 304 -
2025-05-08 22:58:09,291 INFO werkzeug 127.0.0.1 - - [08/May/2025 22:58:09] "GET /my_plans HTTP/1.1" 200 -
2025-05-08 22:58:09,302 INFO werkzeug 127.0.0.1 - - [08/May/2025 22:58:09] "[36mGET /static/css/base.css HTTP/1.1[0m" 304 -
2025-05-08 22:58:09,302 INFO werkzeug 127.0.0.1 - - [08/May/2025 22:58:09] "[36mGET /static/img/profile2.svg HTTP/1.1[0m" 304 -
2025-05-08 22:58:09,832 INFO werkzeug 127.0.0.1 - - [08/May/2025 22:58:09] "GET /liked HTTP/1.1" 200 -
2025-05-08 22:58:09,846 INFO werkzeug 127.0.0.1 - - [08/May/2025 22:58:09] "[36mGET /static/img/profile2.svg HTTP/1.1[0m" 304 -
2025-05-08 22:58:09,847 INFO werkzeug 127.0.0.1 - - [08/May/2025 22:58:09] "[36mGET /static/css/base.css HTTP/1.1[0m" 304 -
2025-05-08 22:58:09,848 INFO werkzeug 127.0.0.1 - - [08/May/2025 22:58:09] "[36mGET /static/img/–ï–≥–∏–ø–µ—Ç.png HTTP/1.1[0m" 304 -
2025-05-08 22:58:09,849 INFO werkzeug 127.0.0.1 - - [08/May/2025 22:58:09] "[36mGET /static/img/–ò—Å–ø–∞–Ω–∏—è.png HTTP/1.1[0m" 304 -
2025-05-08 22:58:09,872 INFO werkzeug 127.0.0.1 - - [08/May/2025 22:58:09] "[36mGET /static/img/–ê–Ω—Ç–∞–ª—å—è.png HTTP/1.1[0m" 304 -
2025-05-08 22:58:09,872 INFO werkzeug 127.0.0.1 - - [08/May/2025 22:58:09] "[36mGET /static/img/–°—Ç–∞–º–±—É–ª.png HTTP/1.1[0m" 304 -
2025-05-08 22:58:10,257 INFO werkzeug 127.0.0.1 - - [08/May/2025 22:58:10] "GET /my_plans HTTP/1.1" 200 -
2025-05-08 22:58:10,270 INFO werkzeug 127.0.0.1 - - [08/May/2025 22:58:10] "[36mGET /static/css/base.css HTTP/1.1[0m" 304 -
2025-05-08 22:58:10,271 INFO werkzeug 127.0.0.1 - - [08/May/2025 22:58:10] "[36mGET /static/img/profile2.svg HTTP/1.1[0m" 304 -
2025-05-08 22:58:11,016 INFO werkzeug 127.0.0.1 - - [08/May/2025 22:58:11] "GET /create_plan HTTP/1.1" 200 -
2025-05-08 22:58:11,028 INFO werkzeug 127.0.0.1 - - [08/May/2025 22:58:11] "[36mGET /static/css/base.css HTTP/1.1[0m" 304 -
2025-05-08 22:58:11,029 INFO werkzeug 127.0.0.1 - - [08/May/2025 22:58:11] "[36mGET /static/img/profile2.svg HTTP/1.1[0m" 304 -
2025-05-08 22:58:24,118 INFO werkzeug 127.0.0.1 - - [08/May/2025 22:58:24] "POST /create_plan HTTP/1.1" 200 -
2025-05-08 22:58:24,131 INFO werkzeug 127.0.0.1 - - [08/May/2025 22:58:24] "[36mGET /static/css/base.css HTTP/1.1[0m" 304 -
2025-05-08 22:58:24,133 INFO werkzeug 127.0.0.1 - - [08/May/2025 22:58:24] "[36mGET /static/img/profile2.svg HTTP/1.1[0m" 304 -
2025-05-08 22:58:25,218 INFO werkzeug 127.0.0.1 - - [08/May/2025 22:58:25] "GET /countries HTTP/1.1" 200 -
2025-05-08 22:58:25,231 INFO werkzeug 127.0.0.1 - - [08/May/2025 22:58:25] "[36mGET /static/css/base.css HTTP/1.1[0m" 304 -
2025-05-08 22:58:25,232 INFO werkzeug 127.0.0.1 - - [08/May/2025 22:58:25] "[36mGET /static/img/profile2.svg HTTP/1.1[0m" 304 -
2025-05-08 22:58:25,235 INFO werkzeug 127.0.0.1 - - [08/May/2025 22:58:25] "[36mGET /static/img/–¢—É—Ä—Ü–∏—è.png HTTP/1.1[0m" 304 -
2025-05-08 22:58:25,237 INFO werkzeug 127.0.0.1 - - [08/May/2025 22:58:25] "[36mGET /static/img/–ò—Å–ø–∞–Ω–∏—è.png HTTP/1.1[0m" 304 -
2025-05-08 22:58:25,262 INFO werkzeug 127.0.0.1 - - [08/May/2025 22:58:25] "[36mGET /static/img/–ï–≥–∏–ø–µ—Ç.png HTTP/1.1[0m" 304 -
2025-05-08 22:58:25,751 INFO werkzeug 127.0.0.1 - - [08/May/2025 22:58:25] "GET /my_plans HTTP/1.1" 200 -
2025-05-08 22:58:25,764 INFO werkzeug 127.0.0.1 - - [08/May/2025 22:58:25] "[36mGET /static/css/base.css HTTP/1.1[0m" 304 -
2025-05-08 22:58:25,766 INFO werkzeug 127.0.0.1 - - [08/May/2025 22:58:25] "[36mGET /static/img/profile2.svg HTTP/1.1[0m" 304 -
2025-05-08 22:58:30,029 INFO werkzeug 127.0.0.1 - - [08/May/2025 22:58:30] "GET /my_profile HTTP/1.1" 200 -
2025-05-08 22:58:30,042 INFO werkzeug 127.0.0.1 - - [08/May/2025 22:58:30] "[36mGET /static/css/base.css HTTP/1.1[0m" 304 -
2025-05-08 22:58:30,043 INFO werkzeug 127.0.0.1 - - [08/May/2025 22:58:30] "[36mGET /static/img/profile2.svg HTTP/1.1[0m" 304 -
2025-05-08 22:58:31,572 INFO werkzeug 127.0.0.1 - - [08/May/2025 22:58:31] "GET /my_plans HTTP/1.1" 200 -
2025-05-08 22:58:31,583 INFO werkzeug 127.0.0.1 - - [08/May/2025 22:58:31] "[36mGET /static/css/base.css HTTP/1.1[0m" 304 -
2025-05-08 22:58:31,584 INFO werkzeug 127.0.0.1 - - [08/May/2025 22:58:31] "[36mGET /static/img/profile2.svg HTTP/1.1[0m" 304 -
2025-05-08 23:00:07,684 INFO werkzeug [31m[1mWARNING: This is a development server. Do not use it in a production deployment. Use a production WSGI server instead.[0m
 * Running on http://127.0.0.1:5000
2025-05-08 23:00:07,684 INFO werkzeug [33mPress CTRL+C to quit[0m
2025-05-08 23:00:13,207 INFO werkzeug 127.0.0.1 - - [08/May/2025 23:00:13] "GET / HTTP/1.1" 200 -
2025-05-08 23:00:13,241 INFO werkzeug 127.0.0.1 - - [08/May/2025 23:00:13] "[36mGET /static/css/main.css HTTP/1.1[0m" 304 -
2025-05-08 23:00:13,242 INFO werkzeug 127.0.0.1 - - [08/May/2025 23:00:13] "[36mGET /static/css/base.css HTTP/1.1[0m" 304 -
2025-05-08 23:00:13,275 INFO werkzeug 127.0.0.1 - - [08/May/2025 23:00:13] "[36mGET /static/img/profile2.svg HTTP/1.1[0m" 304 -
2025-05-08 23:00:13,288 INFO werkzeug 127.0.0.1 - - [08/May/2025 23:00:13] "[36mGET /static/img/fon.jpg HTTP/1.1[0m" 304 -
2025-05-08 23:00:14,983 INFO werkzeug 127.0.0.1 - - [08/May/2025 23:00:14] "GET /my_plans HTTP/1.1" 200 -
2025-05-08 23:00:14,997 INFO werkzeug 127.0.0.1 - - [08/May/2025 23:00:14] "[36mGET /static/css/base.css HTTP/1.1[0m" 304 -
2025-05-08 23:00:14,998 INFO werkzeug 127.0.0.1 - - [08/May/2025 23:00:14] "[36mGET /static/img/profile2.svg HTTP/1.1[0m" 304 -
2025-05-08 23:00:15,651 INFO werkzeug 127.0.0.1 - - [08/May/2025 23:00:15] "GET /create_plan HTTP/1.1" 200 -
2025-05-08 23:00:15,662 INFO werkzeug 127.0.0.1 - - [08/May/2025 23:00:15] "[36mGET /static/css/base.css HTTP/1.1[0m" 304 -
2025-05-08 23:00:15,663 INFO werkzeug 127.0.0.1 - - [08/May/2025 23:00:15] "[36mGET /static/img/profile2.svg HTTP/1.1[0m" 304 -
2025-05-08 23:00:26,226 INFO werkzeug 127.0.0.1 - - [08/May/2025 23:00:26] "POST /create_plan HTTP/1.1" 200 -
2025-05-08 23:00:26,241 INFO werkzeug 127.0.0.1 - - [08/May/2025 23:00:26] "[36mGET /static/css/base.css HTTP/1.1[0m" 304 -
2025-05-08 23:00:26,243 INFO werkzeug 127.0.0.1 - - [08/May/2025 23:00:26] "[36mGET /static/img/profile2.svg HTTP/1.1[0m" 304 -
2025-05-08 23:00:27,175 INFO werkzeug 127.0.0.1 - - [08/May/2025 23:00:27] "GET /russian_cities HTTP/1.1" 200 -
2025-05-08 23:00:27,188 INFO werkzeug 127.0.0.1 - - [08/May/2025 23:00:27] "[36mGET /static/css/base.css HTTP/1.1[0m" 304 -
2025-05-08 23:00:27,191 INFO werkzeug 127.0.0.1 - - [08/May/2025 23:00:27] "[36mGET /static/img/–ú–æ—Å–∫–≤–∞.png HTTP/1.1[0m" 304 -
2025-05-08 23:00:27,192 INFO werkzeug 127.0.0.1 - - [08/May/2025 23:00:27] "[36mGET /static/img/profile2.svg HTTP/1.1[0m" 304 -
2025-05-08 23:00:27,195 INFO werkzeug 127.0.0.1 - - [08/May/2025 23:00:27] "[36mGET /static/img/–°–∞–Ω–∫—Ç-–ü–µ—Ç–µ—Ä–±—É—Ä–≥.png HTTP/1.1[0m" 304 -
2025-05-08 23:00:27,222 INFO werkzeug 127.0.0.1 - - [08/May/2025 23:00:27] "[36mGET /static/img/–ö–∞—Ä–µ–ª–∏—è.png HTTP/1.1[0m" 304 -
2025-05-08 23:00:27,222 INFO werkzeug 127.0.0.1 - - [08/May/2025 23:00:27] "[36mGET /static/img/–ö–∞–∑–∞–Ω—å.png HTTP/1.1[0m" 304 -
2025-05-08 23:00:27,223 INFO werkzeug 127.0.0.1 - - [08/May/2025 23:00:27] "[36mGET /static/img/–°–æ—á–∏.png HTTP/1.1[0m" 304 -
2025-05-08 23:00:27,224 INFO werkzeug 127.0.0.1 - - [08/May/2025 23:00:27] "[36mGET /static/img/–ö–∞–º—á–∞—Ç–∫–∞.png HTTP/1.1[0m" 304 -
2025-05-08 23:00:27,229 INFO werkzeug 127.0.0.1 - - [08/May/2025 23:00:27] "[36mGET /static/img/–ö–∏—Å–ª–æ–≤–æ–¥—Å–∫.png HTTP/1.1[0m" 304 -
2025-05-08 23:00:27,233 INFO werkzeug 127.0.0.1 - - [08/May/2025 23:00:27] "[36mGET /static/img/–ö–∞–≤–∫–∞–∑.png HTTP/1.1[0m" 304 -
2025-05-08 23:00:27,243 INFO werkzeug 127.0.0.1 - - [08/May/2025 23:00:27] "[36mGET /static/img/–ö—Ä—ã–º.png HTTP/1.1[0m" 304 -
2025-05-08 23:00:27,244 INFO werkzeug 127.0.0.1 - - [08/May/2025 23:00:27] "[36mGET /static/img/–í–ª–∞–¥–∏–≤–æ—Å—Ç–æ–∫.png HTTP/1.1[0m" 304 -
2025-05-08 23:00:27,250 INFO werkzeug 127.0.0.1 - - [08/May/2025 23:00:27] "[36mGET /static/img/–ö–∞–ª–∏–Ω–∏–Ω–≥—Ä–∞–¥.png HTTP/1.1[0m" 304 -
2025-05-08 23:00:27,272 INFO werkzeug 127.0.0.1 - - [08/May/2025 23:00:27] "[36mGET /static/img/–î–µ—Ä–±–µ–Ω—Ç.png HTTP/1.1[0m" 304 -
2025-05-08 23:00:27,670 INFO werkzeug 127.0.0.1 - - [08/May/2025 23:00:27] "GET /my_plans HTTP/1.1" 200 -
2025-05-08 23:00:27,681 INFO werkzeug 127.0.0.1 - - [08/May/2025 23:00:27] "[36mGET /static/css/base.css HTTP/1.1[0m" 304 -
2025-05-08 23:00:27,683 INFO werkzeug 127.0.0.1 - - [08/May/2025 23:00:27] "[36mGET /static/img/profile2.svg HTTP/1.1[0m" 304 -
2025-05-08 23:00:29,024 INFO werkzeug 127.0.0.1 - - [08/May/2025 23:00:29] "GET /plan/–º–æ–π HTTP/1.1" 200 -
2025-05-08 23:00:29,040 INFO werkzeug 127.0.0.1 - - [08/May/2025 23:00:29] "[36mGET /static/css/base.css HTTP/1.1[0m" 304 -
2025-05-08 23:00:29,042 INFO werkzeug 127.0.0.1 - - [08/May/2025 23:00:29] "[36mGET /static/img/–ê–Ω—Ç–∞–ª—å—è.png HTTP/1.1[0m" 304 -
2025-05-08 23:00:29,045 INFO werkzeug 127.0.0.1 - - [08/May/2025 23:00:29] "[36mGET /static/img/profile2.svg HTTP/1.1[0m" 304 -
2025-05-08 23:00:29,047 INFO werkzeug 127.0.0.1 - - [08/May/2025 23:00:29] "[36mGET /static/css/style_plan.css HTTP/1.1[0m" 304 -
2025-05-08 23:00:29,068 INFO werkzeug 127.0.0.1 - - [08/May/2025 23:00:29] "[36mGET /static/img/–°—Ç–∞–º–±—É–ª.png HTTP/1.1[0m" 304 -
2025-05-08 23:00:29,070 INFO werkzeug 127.0.0.1 - - [08/May/2025 23:00:29] "[36mGET /static/img/–°–∞–Ω–∫—Ç-–ü–µ—Ç–µ—Ä–±—É—Ä–≥.png HTTP/1.1[0m" 304 -
2025-05-08 23:00:29,071 INFO werkzeug 127.0.0.1 - - [08/May/2025 23:00:29] "[36mGET /static/img/–ö–∏—Å–ª–æ–≤–æ–¥—Å–∫.png HTTP/1.1[0m" 304 -
2025-05-08 23:00:29,072 INFO werkzeug 127.0.0.1 - - [08/May/2025 23:00:29] "[36mGET /static/img/–ú–æ—Å–∫–≤–∞.png HTTP/1.1[0m" 304 -
2025-05-08 23:00:33,949 INFO werkzeug 127.0.0.1 - - [08/May/2025 23:00:33] "[32mGET /delete_from_plan/–º–æ–π/–ê–Ω—Ç–∞–ª—å—è HTTP/1.1[0m" 302 -
2025-05-08 23:00:33,956 INFO werkzeug 127.0.0.1 - - [08/May/2025 23:00:33] "GET /plan/–º–æ–π HTTP/1.1" 200 -
2025-05-08 23:00:33,971 INFO werkzeug 127.0.0.1 - - [08/May/2025 23:00:33] "[36mGET /static/img/profile2.svg HTTP/1.1[0m" 304 -
2025-05-08 23:00:33,972 INFO werkzeug 127.0.0.1 - - [08/May/2025 23:00:33] "[36mGET /static/css/base.css HTTP/1.1[0m" 304 -
2025-05-08 23:00:33,976 INFO werkzeug 127.0.0.1 - - [08/May/2025 23:00:33] "[36mGET /static/css/style_plan.css HTTP/1.1[0m" 304 -
2025-05-08 23:00:33,977 INFO werkzeug 127.0.0.1 - - [08/May/2025 23:00:33] "[36mGET /static/img/–°—Ç–∞–º–±—É–ª.png HTTP/1.1[0m" 304 -
2025-05-08 23:00:34,001 INFO werkzeug 127.0.0.1 - - [08/May/2025 23:00:34] "[36mGET /static/img/–°–∞–Ω–∫—Ç-–ü–µ—Ç–µ—Ä–±—É—Ä–≥.png HTTP/1.1[0m" 304 -
2025-05-08 23:00:34,001 INFO werkzeug 127.0.0.1 - - [08/May/2025 23:00:34] "[36mGET /static/img/–ú–æ—Å–∫–≤–∞.png HTTP/1.1[0m" 304 -
2025-05-08 23:00:34,005 INFO werkzeug 127.0.0.1 - - [08/May/2025 23:00:34] "[36mGET /static/img/–ö–∏—Å–ª–æ–≤–æ–¥—Å–∫.png HTTP/1.1[0m" 304 -
2025-05-08 23:00:35,027 INFO werkzeug 127.0.0.1 - - [08/May/2025 23:00:35] "GET /my_plans HTTP/1.1" 200 -
2025-05-08 23:00:35,041 INFO werkzeug 127.0.0.1 - - [08/May/2025 23:00:35] "[36mGET /static/css/base.css HTTP/1.1[0m" 304 -
2025-05-08 23:00:35,042 INFO werkzeug 127.0.0.1 - - [08/May/2025 23:00:35] "[36mGET /static/img/profile2.svg HTTP/1.1[0m" 304 -
2025-05-08 23:00:35,966 INFO werkzeug 127.0.0.1 - - [08/May/2025 23:00:35] "GET /plan/–º–æ–π HTTP/1.1" 200 -
2025-05-08 23:00:35,981 INFO werkzeug 127.0.0.1 - - [08/May/2025 23:00:35] "[36mGET /static/css/style_plan.css HTTP/1.1[0m" 304 -
2025-05-08 23:00:35,982 INFO werkzeug 127.0.0.1 - - [08/May/2025 23:00:35] "[36mGET /static/css/base.css HTTP/1.1[0m" 304 -
2025-05-08 23:00:35,985 INFO werkzeug 127.0.0.1 - - [08/May/2025 23:00:35] "[36mGET /static/img/–°—Ç–∞–º–±—É–ª.png HTTP/1.1[0m" 304 -
2025-05-08 23:00:35,986 INFO werkzeug 127.0.0.1 - - [08/May/2025 23:00:35] "[36mGET /static/img/profile2.svg HTTP/1.1[0m" 304 -
2025-05-08 23:00:36,012 INFO werkzeug 127.0.0.1 - - [08/May/2025 23:00:36] "[36mGET /static/img/–ú–æ—Å–∫–≤–∞.png HTTP/1.1[0m" 304 -
2025-05-08 23:00:36,013 INFO werkzeug 127.0.0.1 - - [08/May/2025 23:00:36] "[36mGET /static/img/–°–∞–Ω–∫—Ç-–ü–µ—Ç–µ—Ä–±—É—Ä–≥.png HTTP/1.1[0m" 304 -
2025-05-08 23:00:36,014 INFO werkzeug 127.0.0.1 - - [08/May/2025 23:00:36] "[36mGET /static/img/–ö–∏—Å–ª–æ–≤–æ–¥—Å–∫.png HTTP/1.1[0m" 304 -
2025-05-08 23:00:37,902 INFO werkzeug 127.0.0.1 - - [08/May/2025 23:00:37] "GET /my_plans HTTP/1.1" 200 -
2025-05-08 23:00:37,915 INFO werkzeug 127.0.0.1 - - [08/May/2025 23:00:37] "[36mGET /static/css/base.css HTTP/1.1[0m" 304 -
2025-05-08 23:00:37,916 INFO werkzeug 127.0.0.1 - - [08/May/2025 23:00:37] "[36mGET /static/img/profile2.svg HTTP/1.1[0m" 304 -
2025-05-08 23:00:39,786 INFO werkzeug 127.0.0.1 - - [08/May/2025 23:00:39] "GET /russian_cities HTTP/1.1" 200 -
2025-05-08 23:00:39,802 INFO werkzeug 127.0.0.1 - - [08/May/2025 23:00:39] "[36mGET /static/img/profile2.svg HTTP/1.1[0m" 304 -
2025-05-08 23:00:39,803 INFO werkzeug 127.0.0.1 - - [08/May/2025 23:00:39] "[36mGET /static/css/base.css HTTP/1.1[0m" 304 -
2025-05-08 23:00:39,807 INFO werkzeug 127.0.0.1 - - [08/May/2025 23:00:39] "[36mGET /static/img/–ú–æ—Å–∫–≤–∞.png HTTP/1.1[0m" 304 -
2025-05-08 23:00:39,809 INFO werkzeug 127.0.0.1 - - [08/May/2025 23:00:39] "[36mGET /static/img/–°–∞–Ω–∫—Ç-–ü–µ—Ç–µ—Ä–±—É—Ä–≥.png HTTP/1.1[0m" 304 -
2025-05-08 23:00:39,834 INFO werkzeug 127.0.0.1 - - [08/May/2025 23:00:39] "[36mGET /static/img/–ö–∞–∑–∞–Ω—å.png HTTP/1.1[0m" 304 -
2025-05-08 23:00:39,835 INFO werkzeug 127.0.0.1 - - [08/May/2025 23:00:39] "[36mGET /static/img/–ö–∞–º—á–∞—Ç–∫–∞.png HTTP/1.1[0m" 304 -
2025-05-08 23:00:39,835 INFO werkzeug 127.0.0.1 - - [08/May/2025 23:00:39] "[36mGET /static/img/–ö–∞—Ä–µ–ª–∏—è.png HTTP/1.1[0m" 304 -
2025-05-08 23:00:39,837 INFO werkzeug 127.0.0.1 - - [08/May/2025 23:00:39] "[36mGET /static/img/–°–æ—á–∏.png HTTP/1.1[0m" 304 -
2025-05-08 23:00:39,840 INFO werkzeug 127.0.0.1 - - [08/May/2025 23:00:39] "[36mGET /static/img/–ö–∏—Å–ª–æ–≤–æ–¥—Å–∫.png HTTP/1.1[0m" 304 -
2025-05-08 23:00:39,850 INFO werkzeug 127.0.0.1 - - [08/May/2025 23:00:39] "[36mGET /static/img/–ö–∞–≤–∫–∞–∑.png HTTP/1.1[0m" 304 -
2025-05-08 23:00:39,851 INFO werkzeug 127.0.0.1 - - [08/May/2025 23:00:39] "[36mGET /static/img/–ö—Ä—ã–º.png HTTP/1.1[0m" 304 -
2025-05-08 23:00:39,860 INFO werkzeug 127.0.0.1 - - [08/May/2025 23:00:39] "[36mGET /static/img/–í–ª–∞–¥–∏–≤–æ—Å—Ç–æ–∫.png HTTP/1.1[0m" 304 -
2025-05-08 23:00:39,860 INFO werkzeug 127.0.0.1 - - [08/May/2025 23:00:39] "[36mGET /static/img/–ö–∞–ª–∏–Ω–∏–Ω–≥—Ä–∞–¥.png HTTP/1.1[0m" 304 -
2025-05-08 23:00:39,861 INFO werkzeug 127.0.0.1 - - [08/May/2025 23:00:39] "[36mGET /static/img/–î–µ—Ä–±–µ–Ω—Ç.png HTTP/1.1[0m" 304 -
2025-05-08 23:00:40,559 INFO werkzeug 127.0.0.1 - - [08/May/2025 23:00:40] "GET /liked HTTP/1.1" 200 -
2025-05-08 23:00:40,572 INFO werkzeug 127.0.0.1 - - [08/May/2025 23:00:40] "[36mGET /static/img/profile2.svg HTTP/1.1[0m" 304 -
2025-05-08 23:00:40,574 INFO werkzeug 127.0.0.1 - - [08/May/2025 23:00:40] "[36mGET /static/css/base.css HTTP/1.1[0m" 304 -
2025-05-08 23:00:40,575 INFO werkzeug 127.0.0.1 - - [08/May/2025 23:00:40] "[36mGET /static/img/–ï–≥–∏–ø–µ—Ç.png HTTP/1.1[0m" 304 -
2025-05-08 23:00:40,577 INFO werkzeug 127.0.0.1 - - [08/May/2025 23:00:40] "[36mGET /static/img/–ò—Å–ø–∞–Ω–∏—è.png HTTP/1.1[0m" 304 -
2025-05-08 23:00:40,600 INFO werkzeug 127.0.0.1 - - [08/May/2025 23:00:40] "[36mGET /static/img/–°—Ç–∞–º–±—É–ª.png HTTP/1.1[0m" 304 -
2025-05-08 23:00:40,601 INFO werkzeug 127.0.0.1 - - [08/May/2025 23:00:40] "[36mGET /static/img/–ê–Ω—Ç–∞–ª—å—è.png HTTP/1.1[0m" 304 -
2025-05-08 23:00:41,222 INFO werkzeug 127.0.0.1 - - [08/May/2025 23:00:41] "GET /tourism HTTP/1.1" 200 -
2025-05-08 23:00:41,237 INFO werkzeug 127.0.0.1 - - [08/May/2025 23:00:41] "[36mGET /static/img/profile2.svg HTTP/1.1[0m" 304 -
2025-05-08 23:00:41,239 INFO werkzeug 127.0.0.1 - - [08/May/2025 23:00:41] "[36mGET /static/css/base.css HTTP/1.1[0m" 304 -
2025-05-08 23:00:41,241 INFO werkzeug 127.0.0.1 - - [08/May/2025 23:00:41] "[36mGET /static/img/beach.jpg HTTP/1.1[0m" 304 -
2025-05-08 23:00:41,242 INFO werkzeug 127.0.0.1 - - [08/May/2025 23:00:41] "[36mGET /static/img/mountains.jpg HTTP/1.1[0m" 304 -
2025-05-08 23:00:41,264 INFO werkzeug 127.0.0.1 - - [08/May/2025 23:00:41] "GET /static/img/colisey.jpg HTTP/1.1" 200 -
2025-05-08 23:00:42,075 INFO werkzeug 127.0.0.1 - - [08/May/2025 23:00:42] "GET /liked HTTP/1.1" 200 -
2025-05-08 23:00:42,091 INFO werkzeug 127.0.0.1 - - [08/May/2025 23:00:42] "[36mGET /static/css/base.css HTTP/1.1[0m" 304 -
2025-05-08 23:00:42,092 INFO werkzeug 127.0.0.1 - - [08/May/2025 23:00:42] "[36mGET /static/img/profile2.svg HTTP/1.1[0m" 304 -
2025-05-08 23:00:42,094 INFO werkzeug 127.0.0.1 - - [08/May/2025 23:00:42] "[36mGET /static/img/–ï–≥–∏–ø–µ—Ç.png HTTP/1.1[0m" 304 -
2025-05-08 23:00:42,095 INFO werkzeug 127.0.0.1 - - [08/May/2025 23:00:42] "[36mGET /static/img/–ò—Å–ø–∞–Ω–∏—è.png HTTP/1.1[0m" 304 -
2025-05-08 23:00:42,120 INFO werkzeug 127.0.0.1 - - [08/May/2025 23:00:42] "[36mGET /static/img/–°—Ç–∞–º–±—É–ª.png HTTP/1.1[0m" 304 -
2025-05-08 23:00:42,121 INFO werkzeug 127.0.0.1 - - [08/May/2025 23:00:42] "[36mGET /static/img/–ê–Ω—Ç–∞–ª—å—è.png HTTP/1.1[0m" 304 -
2025-05-08 23:00:42,626 INFO werkzeug 127.0.0.1 - - [08/May/2025 23:00:42] "GET /tourism HTTP/1.1" 200 -
2025-05-08 23:00:42,642 INFO werkzeug 127.0.0.1 - - [08/May/2025 23:00:42] "[36mGET /static/img/profile2.svg HTTP/1.1[0m" 304 -
2025-05-08 23:00:42,643 INFO werkzeug 127.0.0.1 - - [08/May/2025 23:00:42] "[36mGET /static/img/beach.jpg HTTP/1.1[0m" 304 -
2025-05-08 23:00:42,643 INFO werkzeug 127.0.0.1 - - [08/May/2025 23:00:42] "[36mGET /static/css/base.css HTTP/1.1[0m" 304 -
2025-05-08 23:00:42,646 INFO werkzeug 127.0.0.1 - - [08/May/2025 23:00:42] "[36mGET /static/img/mountains.jpg HTTP/1.1[0m" 304 -
2025-05-08 23:00:42,667 INFO werkzeug 127.0.0.1 - - [08/May/2025 23:00:42] "[36mGET /static/img/colisey.jpg HTTP/1.1[0m" 304 -
2025-05-08 23:00:43,735 INFO werkzeug 127.0.0.1 - - [08/May/2025 23:00:43] "GET /tourism/beach HTTP/1.1" 200 -
2025-05-08 23:00:43,748 INFO werkzeug 127.0.0.1 - - [08/May/2025 23:00:43] "[36mGET /static/css/base.css HTTP/1.1[0m" 304 -
2025-05-08 23:00:43,750 INFO werkzeug 127.0.0.1 - - [08/May/2025 23:00:43] "[36mGET /static/img/–ê–Ω—Ç–∞–ª—å—è.png HTTP/1.1[0m" 304 -
2025-05-08 23:00:43,751 INFO werkzeug 127.0.0.1 - - [08/May/2025 23:00:43] "[36mGET /static/img/profile2.svg HTTP/1.1[0m" 304 -
2025-05-08 23:00:43,754 INFO werkzeug 127.0.0.1 - - [08/May/2025 23:00:43] "[36mGET /static/img/–•—É—Ä–≥–∞–¥–∞.png HTTP/1.1[0m" 304 -
2025-05-08 23:00:43,775 INFO werkzeug 127.0.0.1 - - [08/May/2025 23:00:43] "[36mGET /static/img/–ö–∏—Å–ª–æ–≤–æ–¥—Å–∫.png HTTP/1.1[0m" 304 -
2025-05-08 23:00:43,777 INFO werkzeug 127.0.0.1 - - [08/May/2025 23:00:43] "[36mGET /static/img/–î–µ—Ä–±–µ–Ω—Ç.png HTTP/1.1[0m" 304 -
2025-05-08 23:00:44,726 INFO werkzeug 127.0.0.1 - - [08/May/2025 23:00:44] "GET /add_to_plan HTTP/1.1" 200 -
2025-05-08 23:00:47,584 INFO werkzeug 127.0.0.1 - - [08/May/2025 23:00:47] "GET /russian_cities HTTP/1.1" 200 -
2025-05-08 23:00:47,598 INFO werkzeug 127.0.0.1 - - [08/May/2025 23:00:47] "[36mGET /static/css/base.css HTTP/1.1[0m" 304 -
2025-05-08 23:00:47,600 INFO werkzeug 127.0.0.1 - - [08/May/2025 23:00:47] "[36mGET /static/img/profile2.svg HTTP/1.1[0m" 304 -
2025-05-08 23:00:47,601 INFO werkzeug 127.0.0.1 - - [08/May/2025 23:00:47] "[36mGET /static/img/–ú–æ—Å–∫–≤–∞.png HTTP/1.1[0m" 304 -
2025-05-08 23:00:47,603 INFO werkzeug 127.0.0.1 - - [08/May/2025 23:00:47] "[36mGET /static/img/–°–∞–Ω–∫—Ç-–ü–µ—Ç–µ—Ä–±—É—Ä–≥.png HTTP/1.1[0m" 304 -
2025-05-08 23:00:47,629 INFO werkzeug 127.0.0.1 - - [08/May/2025 23:00:47] "[36mGET /static/img/–ö–∞—Ä–µ–ª–∏—è.png HTTP/1.1[0m" 304 -
2025-05-08 23:00:47,630 INFO werkzeug 127.0.0.1 - - [08/May/2025 23:00:47] "[36mGET /static/img/–°–æ—á–∏.png HTTP/1.1[0m" 304 -
2025-05-08 23:00:47,633 INFO werkzeug 127.0.0.1 - - [08/May/2025 23:00:47] "[36mGET /static/img/–ö–∞–∑–∞–Ω—å.png HTTP/1.1[0m" 304 -
2025-05-08 23:00:47,643 INFO werkzeug 127.0.0.1 - - [08/May/2025 23:00:47] "[36mGET /static/img/–ö–∏—Å–ª–æ–≤–æ–¥—Å–∫.png HTTP/1.1[0m" 304 -
2025-05-08 23:00:47,645 INFO werkzeug 127.0.0.1 - - [08/May/2025 23:00:47] "[36mGET /static/img/–ö–∞–º—á–∞—Ç–∫–∞.png HTTP/1.1[0m" 304 -
2025-05-08 23:00:47,647 INFO werkzeug 127.0.0.1 - - [08/May/2025 23:00:47] "[36mGET /static/img/–ö–∞–≤–∫–∞–∑.png HTTP/1.1[0m" 304 -
2025-05-08 23:00:47,649 INFO werkzeug 127.0.0.1 - - [08/May/2025 23:00:47] "[36mGET /static/img/–ö—Ä—ã–º.png HTTP/1.1[0m" 304 -
2025-05-08 23:00:47,667 INFO werkzeug 127.0.0.1 - - [08/May/2025 23:00:47] "[36mGET /static/img/–ö–∞–ª–∏–Ω–∏–Ω–≥—Ä–∞–¥.png HTTP/1.1[0m" 304 -
2025-05-08 23:00:47,671 INFO werkzeug 127.0.0.1 - - [08/May/2025 23:00:47] "[36mGET /static/img/–í–ª–∞–¥–∏–≤–æ—Å—Ç–æ–∫.png HTTP/1.1[0m" 304 -
2025-05-08 23:00:47,672 INFO werkzeug 127.0.0.1 - - [08/May/2025 23:00:47] "[36mGET /static/img/–î–µ—Ä–±–µ–Ω—Ç.png HTTP/1.1[0m" 304 -
2025-05-08 23:00:51,056 INFO werkzeug 127.0.0.1 - - [08/May/2025 23:00:51] "GET /liked HTTP/1.1" 200 -
2025-05-08 23:00:51,073 INFO werkzeug 127.0.0.1 - - [08/May/2025 23:00:51] "[36mGET /static/css/base.css HTTP/1.1[0m" 304 -
2025-05-08 23:00:51,073 INFO werkzeug 127.0.0.1 - - [08/May/2025 23:00:51] "[36mGET /static/img/profile2.svg HTTP/1.1[0m" 304 -
2025-05-08 23:00:51,076 INFO werkzeug 127.0.0.1 - - [08/May/2025 23:00:51] "[36mGET /static/img/–ò—Å–ø–∞–Ω–∏—è.png HTTP/1.1[0m" 304 -
2025-05-08 23:00:51,077 INFO werkzeug 127.0.0.1 - - [08/May/2025 23:00:51] "[36mGET /static/img/–ï–≥–∏–ø–µ—Ç.png HTTP/1.1[0m" 304 -
2025-05-08 23:00:51,101 INFO werkzeug 127.0.0.1 - - [08/May/2025 23:00:51] "[36mGET /static/img/–°—Ç–∞–º–±—É–ª.png HTTP/1.1[0m" 304 -
2025-05-08 23:00:51,101 INFO werkzeug 127.0.0.1 - - [08/May/2025 23:00:51] "[36mGET /static/img/–ê–Ω—Ç–∞–ª—å—è.png HTTP/1.1[0m" 304 -
2025-05-08 21:05:04,069 INFO werkzeug [31m[1mWARNING: This is a development server. Do not use it in a production deployment. Use a production WSGI server instead.[0m
 * Running on http://127.0.0.1:5000
2025-05-08 21:05:04,070 INFO werkzeug [33mPress CTRL+C to quit[0m
2025-05-08 21:05:12,243 INFO werkzeug 127.0.0.1 - - [08/May/2025 21:05:12] "GET / HTTP/1.1" 200 -
2025-05-08 21:05:12,369 INFO werkzeug 127.0.0.1 - - [08/May/2025 21:05:12] "[36mGET /static/img/profile2.svg HTTP/1.1[0m" 304 -
2025-05-08 21:05:12,373 INFO werkzeug 127.0.0.1 - - [08/May/2025 21:05:12] "[36mGET /static/css/main.css HTTP/1.1[0m" 304 -
2025-05-08 21:05:12,377 INFO werkzeug 127.0.0.1 - - [08/May/2025 21:05:12] "GET /static/css/base.css HTTP/1.1" 200 -
2025-05-08 21:05:12,397 INFO werkzeug 127.0.0.1 - - [08/May/2025 21:05:12] "[36mGET /static/img/fon.jpg HTTP/1.1[0m" 304 -
2025-05-08 21:05:12,487 INFO werkzeug 127.0.0.1 - - [08/May/2025 21:05:12] "[36mGET /static/img/icon_plane.png HTTP/1.1[0m" 304 -
2025-05-08 21:05:14,172 INFO werkzeug 127.0.0.1 - - [08/May/2025 21:05:14] "GET /countries HTTP/1.1" 200 -
2025-05-08 21:05:14,244 INFO werkzeug 127.0.0.1 - - [08/May/2025 21:05:14] "[36mGET /static/img/–¢—É—Ä—Ü–∏—è.png HTTP/1.1[0m" 304 -
2025-05-08 21:05:14,247 INFO werkzeug 127.0.0.1 - - [08/May/2025 21:05:14] "[36mGET /static/css/base.css HTTP/1.1[0m" 304 -
2025-05-08 21:05:14,253 INFO werkzeug 127.0.0.1 - - [08/May/2025 21:05:14] "[36mGET /static/img/–ò—Å–ø–∞–Ω–∏—è.png HTTP/1.1[0m" 304 -
2025-05-08 21:05:14,267 INFO werkzeug 127.0.0.1 - - [08/May/2025 21:05:14] "[36mGET /static/img/profile2.svg HTTP/1.1[0m" 304 -
2025-05-08 21:05:14,281 INFO werkzeug 127.0.0.1 - - [08/May/2025 21:05:14] "[36mGET /static/img/–ï–≥–∏–ø–µ—Ç.png HTTP/1.1[0m" 304 -
2025-05-08 21:05:15,433 INFO werkzeug 127.0.0.1 - - [08/May/2025 21:05:15] "GET /russian_cities HTTP/1.1" 200 -
2025-05-08 21:05:15,569 INFO werkzeug 127.0.0.1 - - [08/May/2025 21:05:15] "[36mGET /static/img/–ú–æ—Å–∫–≤–∞.png HTTP/1.1[0m" 304 -
2025-05-08 21:05:15,601 INFO werkzeug 127.0.0.1 - - [08/May/2025 21:05:15] "[36mGET /static/css/base.css HTTP/1.1[0m" 304 -
2025-05-08 21:05:15,604 INFO werkzeug 127.0.0.1 - - [08/May/2025 21:05:15] "[36mGET /static/img/profile2.svg HTTP/1.1[0m" 304 -
2025-05-08 21:05:15,616 INFO werkzeug 127.0.0.1 - - [08/May/2025 21:05:15] "[36mGET /static/img/–°–∞–Ω–∫—Ç-–ü–µ—Ç–µ—Ä–±—É—Ä–≥.png HTTP/1.1[0m" 304 -
2025-05-08 21:05:15,660 INFO werkzeug 127.0.0.1 - - [08/May/2025 21:05:15] "[36mGET /static/img/–°–æ—á–∏.png HTTP/1.1[0m" 304 -
2025-05-08 21:05:15,664 INFO werkzeug 127.0.0.1 - - [08/May/2025 21:05:15] "[36mGET /static/img/–ö–∞–∑–∞–Ω—å.png HTTP/1.1[0m" 304 -
2025-05-08 21:05:15,717 INFO werkzeug 127.0.0.1 - - [08/May/2025 21:05:15] "[36mGET /static/img/–ö–∞—Ä–µ–ª–∏—è.png HTTP/1.1[0m" 304 -
2025-05-08 21:05:15,726 INFO werkzeug 127.0.0.1 - - [08/May/2025 21:05:15] "[36mGET /static/img/–ö–∞–º—á–∞—Ç–∫–∞.png HTTP/1.1[0m" 304 -
2025-05-08 21:05:15,745 INFO werkzeug 127.0.0.1 - - [08/May/2025 21:05:15] "[36mGET /static/img/–ö–∞–≤–∫–∞–∑.png HTTP/1.1[0m" 304 -
2025-05-08 21:05:15,758 INFO werkzeug 127.0.0.1 - - [08/May/2025 21:05:15] "[36mGET /static/img/–ö–∏—Å–ª–æ–≤–æ–¥—Å–∫.png HTTP/1.1[0m" 304 -
2025-05-08 21:05:15,773 INFO werkzeug 127.0.0.1 - - [08/May/2025 21:05:15] "[36mGET /static/img/–ö—Ä—ã–º.png HTTP/1.1[0m" 304 -
2025-05-08 21:05:15,790 INFO werkzeug 127.0.0.1 - - [08/May/2025 21:05:15] "[36mGET /static/img/–í–ª–∞–¥–∏–≤–æ—Å—Ç–æ–∫.png HTTP/1.1[0m" 304 -
2025-05-08 21:05:15,807 INFO werkzeug 127.0.0.1 - - [08/May/2025 21:05:15] "[36mGET /static/img/–ö–∞–ª–∏–Ω–∏–Ω–≥—Ä–∞–¥.png HTTP/1.1[0m" 304 -
2025-05-08 21:05:15,810 INFO werkzeug 127.0.0.1 - - [08/May/2025 21:05:15] "[36mGET /static/img/–î–µ—Ä–±–µ–Ω—Ç.png HTTP/1.1[0m" 304 -
2025-05-08 21:05:17,942 INFO werkzeug 127.0.0.1 - - [08/May/2025 21:05:17] "GET / HTTP/1.1" 200 -
2025-05-08 21:05:18,041 INFO werkzeug 127.0.0.1 - - [08/May/2025 21:05:18] "[36mGET /static/css/base.css HTTP/1.1[0m" 304 -
2025-05-08 21:05:18,045 INFO werkzeug 127.0.0.1 - - [08/May/2025 21:05:18] "[36mGET /static/css/main.css HTTP/1.1[0m" 304 -
2025-05-08 21:05:18,048 INFO werkzeug 127.0.0.1 - - [08/May/2025 21:05:18] "[36mGET /static/img/profile2.svg HTTP/1.1[0m" 304 -
2025-05-08 21:05:20,855 INFO werkzeug 127.0.0.1 - - [08/May/2025 21:05:20] "GET /my_plans HTTP/1.1" 200 -
2025-05-08 21:05:20,973 INFO werkzeug 127.0.0.1 - - [08/May/2025 21:05:20] "[36mGET /static/css/base.css HTTP/1.1[0m" 304 -
2025-05-08 21:05:20,979 INFO werkzeug 127.0.0.1 - - [08/May/2025 21:05:20] "[36mGET /static/img/profile2.svg HTTP/1.1[0m" 304 -
2025-05-08 21:05:22,531 INFO werkzeug 127.0.0.1 - - [08/May/2025 21:05:22] "GET /create_plan HTTP/1.1" 200 -
2025-05-08 21:05:22,699 INFO werkzeug 127.0.0.1 - - [08/May/2025 21:05:22] "[36mGET /static/css/base.css HTTP/1.1[0m" 304 -
2025-05-08 21:05:22,709 INFO werkzeug 127.0.0.1 - - [08/May/2025 21:05:22] "[36mGET /static/img/profile2.svg HTTP/1.1[0m" 304 -
2025-05-08 21:05:29,203 INFO werkzeug 127.0.0.1 - - [08/May/2025 21:05:29] "POST /create_plan HTTP/1.1" 200 -
2025-05-08 21:05:29,438 INFO werkzeug 127.0.0.1 - - [08/May/2025 21:05:29] "[36mGET /static/css/base.css HTTP/1.1[0m" 304 -
2025-05-08 21:05:29,440 INFO werkzeug 127.0.0.1 - - [08/May/2025 21:05:29] "[36mGET /static/img/profile2.svg HTTP/1.1[0m" 304 -
2025-05-08 21:05:33,363 INFO werkzeug 127.0.0.1 - - [08/May/2025 21:05:33] "GET /my_plans HTTP/1.1" 200 -
2025-05-08 21:05:33,417 INFO werkzeug 127.0.0.1 - - [08/May/2025 21:05:33] "[36mGET /static/css/base.css HTTP/1.1[0m" 304 -
2025-05-08 21:05:33,423 INFO werkzeug 127.0.0.1 - - [08/May/2025 21:05:33] "[36mGET /static/img/profile2.svg HTTP/1.1[0m" 304 -
2025-05-08 21:05:37,507 INFO werkzeug 127.0.0.1 - - [08/May/2025 21:05:37] "GET /countries HTTP/1.1" 200 -
2025-05-08 21:05:37,648 INFO werkzeug 127.0.0.1 - - [08/May/2025 21:05:37] "[36mGET /static/css/base.css HTTP/1.1[0m" 304 -
2025-05-08 21:05:37,667 INFO werkzeug 127.0.0.1 - - [08/May/2025 21:05:37] "[36mGET /static/img/–¢—É—Ä—Ü–∏—è.png HTTP/1.1[0m" 304 -
2025-05-08 21:05:37,694 INFO werkzeug 127.0.0.1 - - [08/May/2025 21:05:37] "[36mGET /static/img/–ò—Å–ø–∞–Ω–∏—è.png HTTP/1.1[0m" 304 -
2025-05-08 21:05:37,700 INFO werkzeug 127.0.0.1 - - [08/May/2025 21:05:37] "[36mGET /static/img/profile2.svg HTTP/1.1[0m" 304 -
2025-05-08 21:05:37,781 INFO werkzeug 127.0.0.1 - - [08/May/2025 21:05:37] "[36mGET /static/img/–ï–≥–∏–ø–µ—Ç.png HTTP/1.1[0m" 304 -
2025-05-08 21:05:38,569 INFO werkzeug 127.0.0.1 - - [08/May/2025 21:05:38] "GET / HTTP/1.1" 200 -
2025-05-08 21:05:38,748 INFO werkzeug 127.0.0.1 - - [08/May/2025 21:05:38] "[36mGET /static/css/base.css HTTP/1.1[0m" 304 -
2025-05-08 21:05:38,768 INFO werkzeug 127.0.0.1 - - [08/May/2025 21:05:38] "[36mGET /static/css/main.css HTTP/1.1[0m" 304 -
2025-05-08 21:05:38,788 INFO werkzeug 127.0.0.1 - - [08/May/2025 21:05:38] "[36mGET /static/img/profile2.svg HTTP/1.1[0m" 304 -
2025-05-08 21:09:35,092 INFO werkzeug [31m[1mWARNING: This is a development server. Do not use it in a production deployment. Use a production WSGI server instead.[0m
 * Running on http://127.0.0.1:5000
2025-05-08 21:09:35,092 INFO werkzeug [33mPress CTRL+C to quit[0m
2025-05-08 21:09:38,028 INFO werkzeug 127.0.0.1 - - [08/May/2025 21:09:38] "GET / HTTP/1.1" 200 -
2025-05-08 21:09:38,252 INFO werkzeug 127.0.0.1 - - [08/May/2025 21:09:38] "[36mGET /static/img/profile2.svg HTTP/1.1[0m" 304 -
2025-05-08 21:09:38,305 INFO werkzeug 127.0.0.1 - - [08/May/2025 21:09:38] "[36mGET /static/css/base.css HTTP/1.1[0m" 304 -
2025-05-08 21:09:38,309 INFO werkzeug 127.0.0.1 - - [08/May/2025 21:09:38] "GET /static/css/main.css HTTP/1.1" 200 -
2025-05-08 21:09:38,341 INFO werkzeug 127.0.0.1 - - [08/May/2025 21:09:38] "[36mGET /static/img/fon.jpg HTTP/1.1[0m" 304 -
2025-05-08 21:09:38,418 INFO werkzeug 127.0.0.1 - - [08/May/2025 21:09:38] "[33mGET /static/css/img/image.jpg HTTP/1.1[0m" 404 -
2025-05-08 21:09:38,594 INFO werkzeug 127.0.0.1 - - [08/May/2025 21:09:38] "[36mGET /static/img/icon_plane.png HTTP/1.1[0m" 304 -
2025-05-08 21:10:35,959 INFO werkzeug [31m[1mWARNING: This is a development server. Do not use it in a production deployment. Use a production WSGI server instead.[0m
 * Running on http://127.0.0.1:5000
2025-05-08 21:10:35,959 INFO werkzeug [33mPress CTRL+C to quit[0m
2025-05-08 21:10:38,145 INFO werkzeug 127.0.0.1 - - [08/May/2025 21:10:38] "GET / HTTP/1.1" 200 -
2025-05-08 21:10:38,278 INFO werkzeug 127.0.0.1 - - [08/May/2025 21:10:38] "[36mGET /static/img/profile2.svg HTTP/1.1[0m" 304 -
2025-05-08 21:10:38,287 INFO werkzeug 127.0.0.1 - - [08/May/2025 21:10:38] "[36mGET /static/css/base.css HTTP/1.1[0m" 304 -
2025-05-08 21:10:38,289 INFO werkzeug 127.0.0.1 - - [08/May/2025 21:10:38] "GET /static/css/main.css HTTP/1.1" 200 -
2025-05-08 21:10:38,309 INFO werkzeug 127.0.0.1 - - [08/May/2025 21:10:38] "[33mGET /static/css/static/img/fon.jpg HTTP/1.1[0m" 404 -
2025-05-08 21:10:38,396 INFO werkzeug 127.0.0.1 - - [08/May/2025 21:10:38] "[36mGET /static/img/icon_plane.png HTTP/1.1[0m" 304 -
2025-05-08 21:10:40,422 INFO werkzeug 127.0.0.1 - - [08/May/2025 21:10:40] "GET / HTTP/1.1" 200 -
2025-05-08 21:10:40,480 INFO werkzeug 127.0.0.1 - - [08/May/2025 21:10:40] "[36mGET /static/css/base.css HTTP/1.1[0m" 304 -
2025-05-08 21:10:40,488 INFO werkzeug 127.0.0.1 - - [08/May/2025 21:10:40] "[36mGET /static/img/profile2.svg HTTP/1.1[0m" 304 -
2025-05-08 21:10:40,492 INFO werkzeug 127.0.0.1 - - [08/May/2025 21:10:40] "[36mGET /static/css/main.css HTTP/1.1[0m" 304 -
2025-05-08 21:10:40,592 INFO werkzeug 127.0.0.1 - - [08/May/2025 21:10:40] "[36mGET /static/img/icon_plane.png HTTP/1.1[0m" 304 -
2025-05-08 21:11:01,899 INFO werkzeug [31m[1mWARNING: This is a development server. Do not use it in a production deployment. Use a production WSGI server instead.[0m
 * Running on http://127.0.0.1:5000
2025-05-08 21:11:01,900 INFO werkzeug [33mPress CTRL+C to quit[0m
2025-05-08 21:11:02,307 INFO werkzeug 127.0.0.1 - - [08/May/2025 21:11:02] "GET / HTTP/1.1" 200 -
2025-05-08 21:11:02,567 INFO werkzeug 127.0.0.1 - - [08/May/2025 21:11:02] "[36mGET /static/css/base.css HTTP/1.1[0m" 304 -
2025-05-08 21:11:02,582 INFO werkzeug 127.0.0.1 - - [08/May/2025 21:11:02] "GET /static/css/main.css HTTP/1.1" 200 -
2025-05-08 21:11:02,597 INFO werkzeug 127.0.0.1 - - [08/May/2025 21:11:02] "[36mGET /static/img/profile2.svg HTTP/1.1[0m" 304 -
2025-05-08 21:11:02,780 INFO werkzeug 127.0.0.1 - - [08/May/2025 21:11:02] "[36mGET /static/img/fon.jpg HTTP/1.1[0m" 304 -
2025-05-08 21:11:03,039 INFO werkzeug 127.0.0.1 - - [08/May/2025 21:11:03] "[36mGET /static/img/icon_plane.png HTTP/1.1[0m" 304 -
2025-05-08 21:11:32,246 INFO werkzeug 127.0.0.1 - - [08/May/2025 21:11:32] "GET /countries HTTP/1.1" 200 -
2025-05-08 21:11:32,313 INFO werkzeug 127.0.0.1 - - [08/May/2025 21:11:32] "[36mGET /static/css/base.css HTTP/1.1[0m" 304 -
2025-05-08 21:11:32,323 INFO werkzeug 127.0.0.1 - - [08/May/2025 21:11:32] "[36mGET /static/img/profile2.svg HTTP/1.1[0m" 304 -
2025-05-08 21:11:32,337 INFO werkzeug 127.0.0.1 - - [08/May/2025 21:11:32] "[36mGET /static/img/–¢—É—Ä—Ü–∏—è.png HTTP/1.1[0m" 304 -
2025-05-08 21:11:32,342 INFO werkzeug 127.0.0.1 - - [08/May/2025 21:11:32] "[36mGET /static/img/–ò—Å–ø–∞–Ω–∏—è.png HTTP/1.1[0m" 304 -
2025-05-08 21:11:32,351 INFO werkzeug 127.0.0.1 - - [08/May/2025 21:11:32] "[36mGET /static/img/–ï–≥–∏–ø–µ—Ç.png HTTP/1.1[0m" 304 -
2025-05-08 21:11:34,487 INFO werkzeug 127.0.0.1 - - [08/May/2025 21:11:34] "GET / HTTP/1.1" 200 -
2025-05-08 21:11:34,549 INFO werkzeug 127.0.0.1 - - [08/May/2025 21:11:34] "[36mGET /static/img/profile2.svg HTTP/1.1[0m" 304 -
2025-05-08 21:11:34,557 INFO werkzeug 127.0.0.1 - - [08/May/2025 21:11:34] "[36mGET /static/css/main.css HTTP/1.1[0m" 304 -
2025-05-08 21:11:34,551 INFO werkzeug 127.0.0.1 - - [08/May/2025 21:11:34] "[36mGET /static/css/base.css HTTP/1.1[0m" 304 -
2025-05-08 21:14:14,197 INFO werkzeug [31m[1mWARNING: This is a development server. Do not use it in a production deployment. Use a production WSGI server instead.[0m
 * Running on http://127.0.0.1:5000
2025-05-08 21:14:14,198 INFO werkzeug [33mPress CTRL+C to quit[0m
2025-05-08 21:14:17,995 INFO werkzeug 127.0.0.1 - - [08/May/2025 21:14:17] "GET / HTTP/1.1" 200 -
2025-05-08 21:14:18,102 INFO werkzeug 127.0.0.1 - - [08/May/2025 21:14:18] "[36mGET /static/css/main.css HTTP/1.1[0m" 304 -
2025-05-08 21:14:18,104 INFO werkzeug 127.0.0.1 - - [08/May/2025 21:14:18] "[36mGET /static/img/profile2.svg HTTP/1.1[0m" 304 -
2025-05-08 21:14:18,107 INFO werkzeug 127.0.0.1 - - [08/May/2025 21:14:18] "[36mGET /static/css/base.css HTTP/1.1[0m" 304 -
2025-05-08 21:14:18,126 INFO werkzeug 127.0.0.1 - - [08/May/2025 21:14:18] "GET /static/img/fon.jpg HTTP/1.1" 200 -
2025-05-08 21:14:18,212 INFO werkzeug 127.0.0.1 - - [08/May/2025 21:14:18] "[36mGET /static/img/icon_plane.png HTTP/1.1[0m" 304 -
2025-05-08 21:15:03,932 INFO werkzeug [31m[1mWARNING: This is a development server. Do not use it in a production deployment. Use a production WSGI server instead.[0m
 * Running on http://127.0.0.1:5000
2025-05-08 21:15:03,932 INFO werkzeug [33mPress CTRL+C to quit[0m
2025-05-08 21:15:07,993 INFO werkzeug 127.0.0.1 - - [08/May/2025 21:15:07] "GET / HTTP/1.1" 200 -
2025-05-08 21:15:08,092 INFO werkzeug 127.0.0.1 - - [08/May/2025 21:15:08] "[36mGET /static/css/base.css HTTP/1.1[0m" 304 -
2025-05-08 21:15:08,097 INFO werkzeug 127.0.0.1 - - [08/May/2025 21:15:08] "[36mGET /static/css/main.css HTTP/1.1[0m" 304 -
2025-05-08 21:15:08,099 INFO werkzeug 127.0.0.1 - - [08/May/2025 21:15:08] "[36mGET /static/img/profile2.svg HTTP/1.1[0m" 304 -
2025-05-08 21:15:08,177 INFO werkzeug 127.0.0.1 - - [08/May/2025 21:15:08] "[36mGET /static/img/icon_plane.png HTTP/1.1[0m" 304 -
2025-05-08 21:15:09,872 INFO werkzeug 127.0.0.1 - - [08/May/2025 21:15:09] "GET / HTTP/1.1" 200 -
2025-05-08 21:15:09,930 INFO werkzeug 127.0.0.1 - - [08/May/2025 21:15:09] "[36mGET /static/css/base.css HTTP/1.1[0m" 304 -
2025-05-08 21:15:09,938 INFO werkzeug 127.0.0.1 - - [08/May/2025 21:15:09] "[36mGET /static/img/profile2.svg HTTP/1.1[0m" 304 -
2025-05-08 21:15:09,945 INFO werkzeug 127.0.0.1 - - [08/May/2025 21:15:09] "[36mGET /static/css/main.css HTTP/1.1[0m" 304 -
2025-05-08 21:15:10,083 INFO werkzeug 127.0.0.1 - - [08/May/2025 21:15:10] "[36mGET /static/img/icon_plane.png HTTP/1.1[0m" 304 -
2025-05-08 21:15:21,667 INFO werkzeug [31m[1mWARNING: This is a development server. Do not use it in a production deployment. Use a production WSGI server instead.[0m
 * Running on http://127.0.0.1:5000
2025-05-08 21:15:21,667 INFO werkzeug [33mPress CTRL+C to quit[0m
2025-05-08 21:15:24,018 INFO werkzeug 127.0.0.1 - - [08/May/2025 21:15:24] "GET / HTTP/1.1" 200 -
2025-05-08 21:15:24,084 INFO werkzeug 127.0.0.1 - - [08/May/2025 21:15:24] "[36mGET /static/css/base.css HTTP/1.1[0m" 304 -
2025-05-08 21:15:24,109 INFO werkzeug 127.0.0.1 - - [08/May/2025 21:15:24] "[36mGET /static/css/main.css HTTP/1.1[0m" 304 -
2025-05-08 21:15:24,111 INFO werkzeug 127.0.0.1 - - [08/May/2025 21:15:24] "[36mGET /static/img/profile2.svg HTTP/1.1[0m" 304 -
2025-05-08 21:15:24,219 INFO werkzeug 127.0.0.1 - - [08/May/2025 21:15:24] "[36mGET /static/img/icon_plane.png HTTP/1.1[0m" 304 -
2025-05-08 21:15:25,204 INFO werkzeug 127.0.0.1 - - [08/May/2025 21:15:25] "GET / HTTP/1.1" 200 -
2025-05-08 21:15:25,253 INFO werkzeug 127.0.0.1 - - [08/May/2025 21:15:25] "[36mGET /static/css/base.css HTTP/1.1[0m" 304 -
2025-05-08 21:15:25,256 INFO werkzeug 127.0.0.1 - - [08/May/2025 21:15:25] "[36mGET /static/css/main.css HTTP/1.1[0m" 304 -
2025-05-08 21:15:25,259 INFO werkzeug 127.0.0.1 - - [08/May/2025 21:15:25] "[36mGET /static/img/profile2.svg HTTP/1.1[0m" 304 -
2025-05-08 21:15:25,369 INFO werkzeug 127.0.0.1 - - [08/May/2025 21:15:25] "[36mGET /static/img/icon_plane.png HTTP/1.1[0m" 304 -
2025-05-08 21:15:40,735 INFO werkzeug [31m[1mWARNING: This is a development server. Do not use it in a production deployment. Use a production WSGI server instead.[0m
 * Running on http://127.0.0.1:5000
2025-05-08 21:15:40,735 INFO werkzeug [33mPress CTRL+C to quit[0m
2025-05-08 21:15:45,163 INFO werkzeug 127.0.0.1 - - [08/May/2025 21:15:45] "GET / HTTP/1.1" 200 -
2025-05-08 21:15:45,259 INFO werkzeug 127.0.0.1 - - [08/May/2025 21:15:45] "[36mGET /static/img/profile2.svg HTTP/1.1[0m" 304 -
2025-05-08 21:15:45,263 INFO werkzeug 127.0.0.1 - - [08/May/2025 21:15:45] "[36mGET /static/css/base.css HTTP/1.1[0m" 304 -
2025-05-08 21:15:45,266 INFO werkzeug 127.0.0.1 - - [08/May/2025 21:15:45] "[36mGET /static/css/main.css HTTP/1.1[0m" 304 -
2025-05-08 21:15:45,362 INFO werkzeug 127.0.0.1 - - [08/May/2025 21:15:45] "[36mGET /static/img/icon_plane.png HTTP/1.1[0m" 304 -
2025-05-08 21:15:46,034 INFO werkzeug 127.0.0.1 - - [08/May/2025 21:15:46] "GET / HTTP/1.1" 200 -
2025-05-08 21:15:46,084 INFO werkzeug 127.0.0.1 - - [08/May/2025 21:15:46] "[36mGET /static/img/profile2.svg HTTP/1.1[0m" 304 -
2025-05-08 21:15:46,088 INFO werkzeug 127.0.0.1 - - [08/May/2025 21:15:46] "[36mGET /static/css/base.css HTTP/1.1[0m" 304 -
2025-05-08 21:15:46,094 INFO werkzeug 127.0.0.1 - - [08/May/2025 21:15:46] "[36mGET /static/css/main.css HTTP/1.1[0m" 304 -
2025-05-08 21:15:46,180 INFO werkzeug 127.0.0.1 - - [08/May/2025 21:15:46] "[36mGET /static/img/icon_plane.png HTTP/1.1[0m" 304 -
2025-05-08 21:15:46,267 INFO werkzeug 127.0.0.1 - - [08/May/2025 21:15:46] "GET / HTTP/1.1" 200 -
2025-05-08 21:15:46,319 INFO werkzeug 127.0.0.1 - - [08/May/2025 21:15:46] "[36mGET /static/img/profile2.svg HTTP/1.1[0m" 304 -
2025-05-08 21:15:46,323 INFO werkzeug 127.0.0.1 - - [08/May/2025 21:15:46] "[36mGET /static/css/main.css HTTP/1.1[0m" 304 -
2025-05-08 21:15:46,329 INFO werkzeug 127.0.0.1 - - [08/May/2025 21:15:46] "[36mGET /static/css/base.css HTTP/1.1[0m" 304 -
2025-05-08 21:15:46,405 INFO werkzeug 127.0.0.1 - - [08/May/2025 21:15:46] "[36mGET /static/img/icon_plane.png HTTP/1.1[0m" 304 -
2025-05-08 21:15:46,491 INFO werkzeug 127.0.0.1 - - [08/May/2025 21:15:46] "GET / HTTP/1.1" 200 -
2025-05-08 21:15:46,540 INFO werkzeug 127.0.0.1 - - [08/May/2025 21:15:46] "[36mGET /static/css/main.css HTTP/1.1[0m" 304 -
2025-05-08 21:15:46,543 INFO werkzeug 127.0.0.1 - - [08/May/2025 21:15:46] "[36mGET /static/img/profile2.svg HTTP/1.1[0m" 304 -
2025-05-08 21:15:46,549 INFO werkzeug 127.0.0.1 - - [08/May/2025 21:15:46] "[36mGET /static/css/base.css HTTP/1.1[0m" 304 -
2025-05-08 21:15:46,619 INFO werkzeug 127.0.0.1 - - [08/May/2025 21:15:46] "[36mGET /static/img/icon_plane.png HTTP/1.1[0m" 304 -
2025-05-08 21:15:49,820 INFO werkzeug 127.0.0.1 - - [08/May/2025 21:15:49] "GET / HTTP/1.1" 200 -
2025-05-08 21:15:49,867 INFO werkzeug 127.0.0.1 - - [08/May/2025 21:15:49] "[36mGET /static/img/profile2.svg HTTP/1.1[0m" 304 -
2025-05-08 21:15:49,873 INFO werkzeug 127.0.0.1 - - [08/May/2025 21:15:49] "[36mGET /static/css/base.css HTTP/1.1[0m" 304 -
2025-05-08 21:15:49,876 INFO werkzeug 127.0.0.1 - - [08/May/2025 21:15:49] "[36mGET /static/css/main.css HTTP/1.1[0m" 304 -
2025-05-08 21:15:50,783 INFO werkzeug 127.0.0.1 - - [08/May/2025 21:15:50] "GET / HTTP/1.1" 200 -
2025-05-08 21:15:50,837 INFO werkzeug 127.0.0.1 - - [08/May/2025 21:15:50] "[36mGET /static/img/profile2.svg HTTP/1.1[0m" 304 -
2025-05-08 21:15:50,839 INFO werkzeug 127.0.0.1 - - [08/May/2025 21:15:50] "[36mGET /static/css/base.css HTTP/1.1[0m" 304 -
2025-05-08 21:15:50,860 INFO werkzeug 127.0.0.1 - - [08/May/2025 21:15:50] "[36mGET /static/css/main.css HTTP/1.1[0m" 304 -
2025-05-08 21:17:00,218 INFO werkzeug [31m[1mWARNING: This is a development server. Do not use it in a production deployment. Use a production WSGI server instead.[0m
 * Running on http://127.0.0.1:5000
2025-05-08 21:17:00,218 INFO werkzeug [33mPress CTRL+C to quit[0m
2025-05-08 21:17:04,797 INFO werkzeug 127.0.0.1 - - [08/May/2025 21:17:04] "GET / HTTP/1.1" 200 -
2025-05-08 21:17:04,893 INFO werkzeug 127.0.0.1 - - [08/May/2025 21:17:04] "[36mGET /static/img/profile2.svg HTTP/1.1[0m" 304 -
2025-05-08 21:17:04,897 INFO werkzeug 127.0.0.1 - - [08/May/2025 21:17:04] "[36mGET /static/css/base.css HTTP/1.1[0m" 304 -
2025-05-08 21:17:04,900 INFO werkzeug 127.0.0.1 - - [08/May/2025 21:17:04] "[36mGET /static/css/main.css HTTP/1.1[0m" 304 -
2025-05-08 21:17:04,982 INFO werkzeug 127.0.0.1 - - [08/May/2025 21:17:04] "[36mGET /static/img/icon_plane.png HTTP/1.1[0m" 304 -
2025-05-08 21:17:06,439 INFO werkzeug 127.0.0.1 - - [08/May/2025 21:17:06] "GET / HTTP/1.1" 200 -
2025-05-08 21:17:06,487 INFO werkzeug 127.0.0.1 - - [08/May/2025 21:17:06] "[36mGET /static/css/main.css HTTP/1.1[0m" 304 -
2025-05-08 21:17:06,489 INFO werkzeug 127.0.0.1 - - [08/May/2025 21:17:06] "[36mGET /static/css/base.css HTTP/1.1[0m" 304 -
2025-05-08 21:17:06,492 INFO werkzeug 127.0.0.1 - - [08/May/2025 21:17:06] "[36mGET /static/img/profile2.svg HTTP/1.1[0m" 304 -
2025-05-08 21:17:06,576 INFO werkzeug 127.0.0.1 - - [08/May/2025 21:17:06] "[36mGET /static/img/icon_plane.png HTTP/1.1[0m" 304 -
2025-05-08 21:17:07,111 INFO werkzeug 127.0.0.1 - - [08/May/2025 21:17:07] "GET / HTTP/1.1" 200 -
2025-05-08 21:17:07,155 INFO werkzeug 127.0.0.1 - - [08/May/2025 21:17:07] "[36mGET /static/css/base.css HTTP/1.1[0m" 304 -
2025-05-08 21:17:07,165 INFO werkzeug 127.0.0.1 - - [08/May/2025 21:17:07] "[36mGET /static/img/profile2.svg HTTP/1.1[0m" 304 -
2025-05-08 21:17:07,169 INFO werkzeug 127.0.0.1 - - [08/May/2025 21:17:07] "[36mGET /static/css/main.css HTTP/1.1[0m" 304 -
2025-05-08 21:17:07,268 INFO werkzeug 127.0.0.1 - - [08/May/2025 21:17:07] "[36mGET /static/img/icon_plane.png HTTP/1.1[0m" 304 -
2025-05-08 21:17:07,312 INFO werkzeug 127.0.0.1 - - [08/May/2025 21:17:07] "GET / HTTP/1.1" 200 -
2025-05-08 21:17:07,369 INFO werkzeug 127.0.0.1 - - [08/May/2025 21:17:07] "[36mGET /static/img/profile2.svg HTTP/1.1[0m" 304 -
2025-05-08 21:17:07,376 INFO werkzeug 127.0.0.1 - - [08/May/2025 21:17:07] "[36mGET /static/css/base.css HTTP/1.1[0m" 304 -
2025-05-08 21:17:07,379 INFO werkzeug 127.0.0.1 - - [08/May/2025 21:17:07] "[36mGET /static/css/main.css HTTP/1.1[0m" 304 -
2025-05-08 21:17:07,482 INFO werkzeug 127.0.0.1 - - [08/May/2025 21:17:07] "[36mGET /static/img/icon_plane.png HTTP/1.1[0m" 304 -
2025-05-08 21:17:07,511 INFO werkzeug 127.0.0.1 - - [08/May/2025 21:17:07] "GET / HTTP/1.1" 200 -
2025-05-08 21:17:07,554 INFO werkzeug 127.0.0.1 - - [08/May/2025 21:17:07] "[36mGET /static/img/profile2.svg HTTP/1.1[0m" 304 -
2025-05-08 21:17:07,564 INFO werkzeug 127.0.0.1 - - [08/May/2025 21:17:07] "[36mGET /static/css/main.css HTTP/1.1[0m" 304 -
2025-05-08 21:17:07,567 INFO werkzeug 127.0.0.1 - - [08/May/2025 21:17:07] "[36mGET /static/css/base.css HTTP/1.1[0m" 304 -
2025-05-08 21:17:07,721 INFO werkzeug 127.0.0.1 - - [08/May/2025 21:17:07] "GET / HTTP/1.1" 200 -
2025-05-08 21:17:07,770 INFO werkzeug 127.0.0.1 - - [08/May/2025 21:17:07] "[36mGET /static/img/profile2.svg HTTP/1.1[0m" 304 -
2025-05-08 21:17:07,773 INFO werkzeug 127.0.0.1 - - [08/May/2025 21:17:07] "[36mGET /static/css/base.css HTTP/1.1[0m" 304 -
2025-05-08 21:17:07,786 INFO werkzeug 127.0.0.1 - - [08/May/2025 21:17:07] "[36mGET /static/css/main.css HTTP/1.1[0m" 304 -
2025-05-08 21:17:07,882 INFO werkzeug 127.0.0.1 - - [08/May/2025 21:17:07] "[36mGET /static/img/icon_plane.png HTTP/1.1[0m" 304 -
2025-05-08 21:17:07,904 INFO werkzeug 127.0.0.1 - - [08/May/2025 21:17:07] "GET / HTTP/1.1" 200 -
2025-05-08 21:17:07,948 INFO werkzeug 127.0.0.1 - - [08/May/2025 21:17:07] "[36mGET /static/css/base.css HTTP/1.1[0m" 304 -
2025-05-08 21:17:07,955 INFO werkzeug 127.0.0.1 - - [08/May/2025 21:17:07] "[36mGET /static/img/profile2.svg HTTP/1.1[0m" 304 -
2025-05-08 21:17:07,957 INFO werkzeug 127.0.0.1 - - [08/May/2025 21:17:07] "[36mGET /static/css/main.css HTTP/1.1[0m" 304 -
2025-05-08 21:17:09,100 INFO werkzeug 127.0.0.1 - - [08/May/2025 21:17:09] "GET / HTTP/1.1" 200 -
2025-05-08 21:17:09,140 INFO werkzeug 127.0.0.1 - - [08/May/2025 21:17:09] "[36mGET /static/css/main.css HTTP/1.1[0m" 304 -
2025-05-08 21:17:09,156 INFO werkzeug 127.0.0.1 - - [08/May/2025 21:17:09] "[36mGET /static/css/base.css HTTP/1.1[0m" 304 -
2025-05-08 21:17:09,158 INFO werkzeug 127.0.0.1 - - [08/May/2025 21:17:09] "[36mGET /static/img/profile2.svg HTTP/1.1[0m" 304 -
2025-05-08 21:17:09,232 INFO werkzeug 127.0.0.1 - - [08/May/2025 21:17:09] "[36mGET /static/img/icon_plane.png HTTP/1.1[0m" 304 -
2025-05-08 21:17:35,437 INFO werkzeug [31m[1mWARNING: This is a development server. Do not use it in a production deployment. Use a production WSGI server instead.[0m
 * Running on http://127.0.0.1:5000
2025-05-08 21:17:35,437 INFO werkzeug [33mPress CTRL+C to quit[0m
2025-05-08 21:17:39,053 INFO werkzeug 127.0.0.1 - - [08/May/2025 21:17:39] "GET / HTTP/1.1" 200 -
2025-05-08 21:17:39,134 INFO werkzeug 127.0.0.1 - - [08/May/2025 21:17:39] "[36mGET /static/img/profile2.svg HTTP/1.1[0m" 304 -
2025-05-08 21:17:39,136 INFO werkzeug 127.0.0.1 - - [08/May/2025 21:17:39] "[36mGET /static/css/base.css HTTP/1.1[0m" 304 -
2025-05-08 21:17:39,137 INFO werkzeug 127.0.0.1 - - [08/May/2025 21:17:39] "[36mGET /static/css/main.css HTTP/1.1[0m" 304 -
2025-05-08 21:17:39,252 INFO werkzeug 127.0.0.1 - - [08/May/2025 21:17:39] "[36mGET /static/img/icon_plane.png HTTP/1.1[0m" 304 -
2025-05-08 21:17:40,299 INFO werkzeug 127.0.0.1 - - [08/May/2025 21:17:40] "GET / HTTP/1.1" 200 -
2025-05-08 21:17:40,350 INFO werkzeug 127.0.0.1 - - [08/May/2025 21:17:40] "[36mGET /static/img/profile2.svg HTTP/1.1[0m" 304 -
2025-05-08 21:17:40,352 INFO werkzeug 127.0.0.1 - - [08/May/2025 21:17:40] "[36mGET /static/css/base.css HTTP/1.1[0m" 304 -
2025-05-08 21:17:40,357 INFO werkzeug 127.0.0.1 - - [08/May/2025 21:17:40] "[36mGET /static/css/main.css HTTP/1.1[0m" 304 -
2025-05-08 21:17:40,426 INFO werkzeug 127.0.0.1 - - [08/May/2025 21:17:40] "[36mGET /static/img/icon_plane.png HTTP/1.1[0m" 304 -
2025-05-08 21:17:40,533 INFO werkzeug 127.0.0.1 - - [08/May/2025 21:17:40] "GET / HTTP/1.1" 200 -
2025-05-08 21:17:40,583 INFO werkzeug 127.0.0.1 - - [08/May/2025 21:17:40] "[36mGET /static/img/profile2.svg HTTP/1.1[0m" 304 -
2025-05-08 21:17:40,590 INFO werkzeug 127.0.0.1 - - [08/May/2025 21:17:40] "[36mGET /static/css/main.css HTTP/1.1[0m" 304 -
2025-05-08 21:17:40,593 INFO werkzeug 127.0.0.1 - - [08/May/2025 21:17:40] "[36mGET /static/css/base.css HTTP/1.1[0m" 304 -
2025-05-08 21:17:40,656 INFO werkzeug 127.0.0.1 - - [08/May/2025 21:17:40] "[36mGET /static/img/icon_plane.png HTTP/1.1[0m" 304 -
2025-05-08 21:17:40,786 INFO werkzeug 127.0.0.1 - - [08/May/2025 21:17:40] "GET / HTTP/1.1" 200 -
2025-05-08 21:17:40,837 INFO werkzeug 127.0.0.1 - - [08/May/2025 21:17:40] "[36mGET /static/img/profile2.svg HTTP/1.1[0m" 304 -
2025-05-08 21:17:40,840 INFO werkzeug 127.0.0.1 - - [08/May/2025 21:17:40] "[36mGET /static/css/main.css HTTP/1.1[0m" 304 -
2025-05-08 21:17:40,845 INFO werkzeug 127.0.0.1 - - [08/May/2025 21:17:40] "[36mGET /static/css/base.css HTTP/1.1[0m" 304 -
2025-05-08 21:17:40,911 INFO werkzeug 127.0.0.1 - - [08/May/2025 21:17:40] "[36mGET /static/img/icon_plane.png HTTP/1.1[0m" 304 -
2025-05-08 21:17:41,081 INFO werkzeug 127.0.0.1 - - [08/May/2025 21:17:41] "GET / HTTP/1.1" 200 -
2025-05-08 21:17:41,127 INFO werkzeug 127.0.0.1 - - [08/May/2025 21:17:41] "[36mGET /static/css/base.css HTTP/1.1[0m" 304 -
2025-05-08 21:17:41,135 INFO werkzeug 127.0.0.1 - - [08/May/2025 21:17:41] "[36mGET /static/css/main.css HTTP/1.1[0m" 304 -
2025-05-08 21:17:41,145 INFO werkzeug 127.0.0.1 - - [08/May/2025 21:17:41] "[36mGET /static/img/profile2.svg HTTP/1.1[0m" 304 -
2025-05-08 21:17:41,248 INFO werkzeug 127.0.0.1 - - [08/May/2025 21:17:41] "[36mGET /static/img/icon_plane.png HTTP/1.1[0m" 304 -
2025-05-08 21:17:41,273 INFO werkzeug 127.0.0.1 - - [08/May/2025 21:17:41] "GET / HTTP/1.1" 200 -
2025-05-08 21:17:41,337 INFO werkzeug 127.0.0.1 - - [08/May/2025 21:17:41] "[36mGET /static/css/main.css HTTP/1.1[0m" 304 -
2025-05-08 21:17:41,339 INFO werkzeug 127.0.0.1 - - [08/May/2025 21:17:41] "[36mGET /static/css/base.css HTTP/1.1[0m" 304 -
2025-05-08 21:17:41,340 INFO werkzeug 127.0.0.1 - - [08/May/2025 21:17:41] "[36mGET /static/img/profile2.svg HTTP/1.1[0m" 304 -
2025-05-08 21:18:17,526 INFO werkzeug [31m[1mWARNING: This is a development server. Do not use it in a production deployment. Use a production WSGI server instead.[0m
 * Running on http://127.0.0.1:5000
2025-05-08 21:18:17,526 INFO werkzeug [33mPress CTRL+C to quit[0m
2025-05-08 21:18:25,604 INFO werkzeug 127.0.0.1 - - [08/May/2025 21:18:25] "GET / HTTP/1.1" 200 -
2025-05-08 21:18:25,703 INFO werkzeug 127.0.0.1 - - [08/May/2025 21:18:25] "GET /static/css/main.css HTTP/1.1" 200 -
2025-05-08 21:18:25,705 INFO werkzeug 127.0.0.1 - - [08/May/2025 21:18:25] "[36mGET /static/css/base.css HTTP/1.1[0m" 304 -
2025-05-08 21:18:25,709 INFO werkzeug 127.0.0.1 - - [08/May/2025 21:18:25] "[36mGET /static/img/profile2.svg HTTP/1.1[0m" 304 -
2025-05-08 21:18:25,724 INFO werkzeug 127.0.0.1 - - [08/May/2025 21:18:25] "GET /static/img/fon2.jpg HTTP/1.1" 200 -
2025-05-08 21:18:25,877 INFO werkzeug 127.0.0.1 - - [08/May/2025 21:18:25] "[36mGET /static/img/icon_plane.png HTTP/1.1[0m" 304 -
2025-05-08 21:18:28,465 INFO werkzeug 127.0.0.1 - - [08/May/2025 21:18:28] "GET / HTTP/1.1" 200 -
2025-05-08 21:18:28,515 INFO werkzeug 127.0.0.1 - - [08/May/2025 21:18:28] "[36mGET /static/css/base.css HTTP/1.1[0m" 304 -
2025-05-08 21:18:28,518 INFO werkzeug 127.0.0.1 - - [08/May/2025 21:18:28] "[36mGET /static/css/main.css HTTP/1.1[0m" 304 -
2025-05-08 21:18:28,522 INFO werkzeug 127.0.0.1 - - [08/May/2025 21:18:28] "[36mGET /static/img/profile2.svg HTTP/1.1[0m" 304 -
2025-05-08 21:18:28,600 INFO werkzeug 127.0.0.1 - - [08/May/2025 21:18:28] "[36mGET /static/img/icon_plane.png HTTP/1.1[0m" 304 -
2025-05-08 21:19:30,468 INFO werkzeug [31m[1mWARNING: This is a development server. Do not use it in a production deployment. Use a production WSGI server instead.[0m
 * Running on http://127.0.0.1:5000
2025-05-08 21:19:30,469 INFO werkzeug [33mPress CTRL+C to quit[0m
2025-05-08 21:19:31,356 INFO werkzeug 127.0.0.1 - - [08/May/2025 21:19:31] "GET / HTTP/1.1" 200 -
2025-05-08 21:19:31,547 INFO werkzeug 127.0.0.1 - - [08/May/2025 21:19:31] "[36mGET /static/css/base.css HTTP/1.1[0m" 304 -
2025-05-08 21:19:31,552 INFO werkzeug 127.0.0.1 - - [08/May/2025 21:19:31] "[36mGET /static/css/main.css HTTP/1.1[0m" 304 -
2025-05-08 21:19:31,555 INFO werkzeug 127.0.0.1 - - [08/May/2025 21:19:31] "[36mGET /static/img/profile2.svg HTTP/1.1[0m" 304 -
2025-05-08 21:19:32,507 INFO werkzeug 127.0.0.1 - - [08/May/2025 21:19:32] "[36mGET /static/img/icon_plane.png HTTP/1.1[0m" 304 -
2025-05-08 21:19:34,351 INFO werkzeug 127.0.0.1 - - [08/May/2025 21:19:34] "GET / HTTP/1.1" 200 -
2025-05-08 21:19:34,398 INFO werkzeug 127.0.0.1 - - [08/May/2025 21:19:34] "[36mGET /static/img/profile2.svg HTTP/1.1[0m" 304 -
2025-05-08 21:19:34,401 INFO werkzeug 127.0.0.1 - - [08/May/2025 21:19:34] "[36mGET /static/css/base.css HTTP/1.1[0m" 304 -
2025-05-08 21:19:34,409 INFO werkzeug 127.0.0.1 - - [08/May/2025 21:19:34] "[36mGET /static/css/main.css HTTP/1.1[0m" 304 -
2025-05-08 21:19:34,479 INFO werkzeug 127.0.0.1 - - [08/May/2025 21:19:34] "[36mGET /static/img/icon_plane.png HTTP/1.1[0m" 304 -
2025-05-08 21:19:48,119 INFO werkzeug [31m[1mWARNING: This is a development server. Do not use it in a production deployment. Use a production WSGI server instead.[0m
 * Running on http://127.0.0.1:5000
2025-05-08 21:19:48,120 INFO werkzeug [33mPress CTRL+C to quit[0m
2025-05-08 21:19:50,613 INFO werkzeug 127.0.0.1 - - [08/May/2025 21:19:50] "GET / HTTP/1.1" 200 -
2025-05-08 21:19:50,719 INFO werkzeug 127.0.0.1 - - [08/May/2025 21:19:50] "[36mGET /static/css/base.css HTTP/1.1[0m" 304 -
2025-05-08 21:19:50,739 INFO werkzeug 127.0.0.1 - - [08/May/2025 21:19:50] "[36mGET /static/css/main.css HTTP/1.1[0m" 304 -
2025-05-08 21:19:50,746 INFO werkzeug 127.0.0.1 - - [08/May/2025 21:19:50] "[36mGET /static/img/profile2.svg HTTP/1.1[0m" 304 -
2025-05-08 21:19:51,431 INFO werkzeug 127.0.0.1 - - [08/May/2025 21:19:51] "[36mGET /static/img/icon_plane.png HTTP/1.1[0m" 304 -
2025-05-08 21:19:51,864 INFO werkzeug 127.0.0.1 - - [08/May/2025 21:19:51] "GET / HTTP/1.1" 200 -
2025-05-08 21:19:51,906 INFO werkzeug 127.0.0.1 - - [08/May/2025 21:19:51] "[36mGET /static/css/base.css HTTP/1.1[0m" 304 -
2025-05-08 21:19:51,920 INFO werkzeug 127.0.0.1 - - [08/May/2025 21:19:51] "[36mGET /static/css/main.css HTTP/1.1[0m" 304 -
2025-05-08 21:19:51,922 INFO werkzeug 127.0.0.1 - - [08/May/2025 21:19:51] "[36mGET /static/img/profile2.svg HTTP/1.1[0m" 304 -
2025-05-08 21:19:52,151 INFO werkzeug 127.0.0.1 - - [08/May/2025 21:19:52] "GET / HTTP/1.1" 200 -
2025-05-08 21:19:52,425 INFO werkzeug 127.0.0.1 - - [08/May/2025 21:19:52] "[36mGET /static/css/base.css HTTP/1.1[0m" 304 -
2025-05-08 21:19:52,439 INFO werkzeug 127.0.0.1 - - [08/May/2025 21:19:52] "[36mGET /static/img/profile2.svg HTTP/1.1[0m" 304 -
2025-05-08 21:19:52,450 INFO werkzeug 127.0.0.1 - - [08/May/2025 21:19:52] "[36mGET /static/css/main.css HTTP/1.1[0m" 304 -
2025-05-08 21:19:52,476 INFO werkzeug 127.0.0.1 - - [08/May/2025 21:19:52] "[36mGET /static/img/icon_plane.png HTTP/1.1[0m" 304 -
2025-05-08 21:19:52,530 INFO werkzeug 127.0.0.1 - - [08/May/2025 21:19:52] "[36mGET /static/img/icon_plane.png HTTP/1.1[0m" 304 -
2025-05-08 21:19:53,568 INFO werkzeug 127.0.0.1 - - [08/May/2025 21:19:53] "GET / HTTP/1.1" 200 -
2025-05-08 21:19:53,613 INFO werkzeug 127.0.0.1 - - [08/May/2025 21:19:53] "[36mGET /static/css/base.css HTTP/1.1[0m" 304 -
2025-05-08 21:19:53,622 INFO werkzeug 127.0.0.1 - - [08/May/2025 21:19:53] "[36mGET /static/img/profile2.svg HTTP/1.1[0m" 304 -
2025-05-08 21:19:53,631 INFO werkzeug 127.0.0.1 - - [08/May/2025 21:19:53] "[36mGET /static/css/main.css HTTP/1.1[0m" 304 -
2025-05-08 21:19:53,729 INFO werkzeug 127.0.0.1 - - [08/May/2025 21:19:53] "[36mGET /static/img/icon_plane.png HTTP/1.1[0m" 304 -
2025-05-08 21:20:02,600 INFO werkzeug 127.0.0.1 - - [08/May/2025 21:20:02] "GET / HTTP/1.1" 200 -
2025-05-08 21:20:02,911 INFO werkzeug 127.0.0.1 - - [08/May/2025 21:20:02] "[36mGET /static/css/main.css HTTP/1.1[0m" 304 -
2025-05-08 21:20:02,917 INFO werkzeug 127.0.0.1 - - [08/May/2025 21:20:02] "[36mGET /static/css/base.css HTTP/1.1[0m" 304 -
2025-05-08 21:20:02,946 INFO werkzeug 127.0.0.1 - - [08/May/2025 21:20:02] "[36mGET /static/img/profile2.svg HTTP/1.1[0m" 304 -
2025-05-08 21:20:02,964 INFO werkzeug 127.0.0.1 - - [08/May/2025 21:20:02] "[36mGET /static/img/fon2.jpg HTTP/1.1[0m" 304 -
2025-05-08 21:22:13,029 INFO werkzeug [31m[1mWARNING: This is a development server. Do not use it in a production deployment. Use a production WSGI server instead.[0m
 * Running on http://127.0.0.1:5000
2025-05-08 21:22:13,031 INFO werkzeug [33mPress CTRL+C to quit[0m
2025-05-08 21:22:18,507 INFO werkzeug 127.0.0.1 - - [08/May/2025 21:22:18] "GET / HTTP/1.1" 200 -
2025-05-08 21:22:18,717 INFO werkzeug 127.0.0.1 - - [08/May/2025 21:22:18] "[36mGET /static/img/profile2.svg HTTP/1.1[0m" 304 -
2025-05-08 21:22:18,724 INFO werkzeug 127.0.0.1 - - [08/May/2025 21:22:18] "[36mGET /static/css/base.css HTTP/1.1[0m" 304 -
2025-05-08 21:22:18,728 INFO werkzeug 127.0.0.1 - - [08/May/2025 21:22:18] "[36mGET /static/css/main.css HTTP/1.1[0m" 304 -
2025-05-08 21:22:18,776 INFO werkzeug 127.0.0.1 - - [08/May/2025 21:22:18] "[36mGET /static/img/fon2.jpg HTTP/1.1[0m" 304 -
2025-05-08 21:22:19,745 INFO werkzeug 127.0.0.1 - - [08/May/2025 21:22:19] "[36mGET /static/img/icon_plane.png HTTP/1.1[0m" 304 -
2025-05-08 21:22:21,771 INFO werkzeug 127.0.0.1 - - [08/May/2025 21:22:21] "GET /countries HTTP/1.1" 200 -
2025-05-08 21:22:21,815 INFO werkzeug 127.0.0.1 - - [08/May/2025 21:22:21] "[36mGET /static/img/–¢—É—Ä—Ü–∏—è.png HTTP/1.1[0m" 304 -
2025-05-08 21:22:21,820 INFO werkzeug 127.0.0.1 - - [08/May/2025 21:22:21] "[36mGET /static/img/profile2.svg HTTP/1.1[0m" 304 -
2025-05-08 21:22:21,830 INFO werkzeug 127.0.0.1 - - [08/May/2025 21:22:21] "[36mGET /static/img/–ò—Å–ø–∞–Ω–∏—è.png HTTP/1.1[0m" 304 -
2025-05-08 21:22:21,835 INFO werkzeug 127.0.0.1 - - [08/May/2025 21:22:21] "[36mGET /static/css/base.css HTTP/1.1[0m" 304 -
2025-05-08 21:22:21,870 INFO werkzeug 127.0.0.1 - - [08/May/2025 21:22:21] "[36mGET /static/img/–ï–≥–∏–ø–µ—Ç.png HTTP/1.1[0m" 304 -
2025-05-08 21:24:11,618 INFO werkzeug [31m[1mWARNING: This is a development server. Do not use it in a production deployment. Use a production WSGI server instead.[0m
 * Running on http://127.0.0.1:5000
2025-05-08 21:24:11,619 INFO werkzeug [33mPress CTRL+C to quit[0m
2025-05-08 21:24:14,445 INFO werkzeug 127.0.0.1 - - [08/May/2025 21:24:14] "GET / HTTP/1.1" 200 -
2025-05-08 21:24:14,529 INFO werkzeug 127.0.0.1 - - [08/May/2025 21:24:14] "[36mGET /static/css/main.css HTTP/1.1[0m" 304 -
2025-05-08 21:24:14,532 INFO werkzeug 127.0.0.1 - - [08/May/2025 21:24:14] "[36mGET /static/css/base.css HTTP/1.1[0m" 304 -
2025-05-08 21:24:14,559 INFO werkzeug 127.0.0.1 - - [08/May/2025 21:24:14] "[36mGET /static/img/profile2.svg HTTP/1.1[0m" 304 -
2025-05-08 21:24:14,567 INFO werkzeug 127.0.0.1 - - [08/May/2025 21:24:14] "[36mGET /static/img/fon2.jpg HTTP/1.1[0m" 304 -
2025-05-08 21:24:15,268 INFO werkzeug 127.0.0.1 - - [08/May/2025 21:24:15] "[36mGET /static/img/icon_plane.png HTTP/1.1[0m" 304 -
2025-05-08 21:24:17,736 INFO werkzeug 127.0.0.1 - - [08/May/2025 21:24:17] "GET /countries HTTP/1.1" 200 -
2025-05-08 21:24:17,781 INFO werkzeug 127.0.0.1 - - [08/May/2025 21:24:17] "[36mGET /static/img/–¢—É—Ä—Ü–∏—è.png HTTP/1.1[0m" 304 -
2025-05-08 21:24:17,790 INFO werkzeug 127.0.0.1 - - [08/May/2025 21:24:17] "[36mGET /static/css/base.css HTTP/1.1[0m" 304 -
2025-05-08 21:24:17,793 INFO werkzeug 127.0.0.1 - - [08/May/2025 21:24:17] "[36mGET /static/img/profile2.svg HTTP/1.1[0m" 304 -
2025-05-08 21:24:17,805 INFO werkzeug 127.0.0.1 - - [08/May/2025 21:24:17] "[36mGET /static/img/–ò—Å–ø–∞–Ω–∏—è.png HTTP/1.1[0m" 304 -
2025-05-08 21:24:17,809 INFO werkzeug 127.0.0.1 - - [08/May/2025 21:24:17] "[36mGET /static/img/–ï–≥–∏–ø–µ—Ç.png HTTP/1.1[0m" 304 -
2025-05-08 21:25:10,200 INFO werkzeug [31m[1mWARNING: This is a development server. Do not use it in a production deployment. Use a production WSGI server instead.[0m
 * Running on http://127.0.0.1:5000
2025-05-08 21:25:10,201 INFO werkzeug [33mPress CTRL+C to quit[0m
2025-05-08 21:25:11,468 INFO werkzeug 127.0.0.1 - - [08/May/2025 21:25:11] "GET / HTTP/1.1" 200 -
2025-05-08 21:25:11,588 INFO werkzeug 127.0.0.1 - - [08/May/2025 21:25:11] "[36mGET /static/css/main.css HTTP/1.1[0m" 304 -
2025-05-08 21:25:11,592 INFO werkzeug 127.0.0.1 - - [08/May/2025 21:25:11] "[36mGET /static/img/profile2.svg HTTP/1.1[0m" 304 -
2025-05-08 21:25:11,595 INFO werkzeug 127.0.0.1 - - [08/May/2025 21:25:11] "[36mGET /static/css/base.css HTTP/1.1[0m" 304 -
2025-05-08 21:25:11,623 INFO werkzeug 127.0.0.1 - - [08/May/2025 21:25:11] "[36mGET /static/img/fon2.jpg HTTP/1.1[0m" 304 -
2025-05-08 21:25:11,725 INFO werkzeug 127.0.0.1 - - [08/May/2025 21:25:11] "[36mGET /static/img/icon_plane.png HTTP/1.1[0m" 304 -
2025-05-08 21:25:30,695 INFO werkzeug [31m[1mWARNING: This is a development server. Do not use it in a production deployment. Use a production WSGI server instead.[0m
 * Running on http://127.0.0.1:5000
2025-05-08 21:25:30,695 INFO werkzeug [33mPress CTRL+C to quit[0m
2025-05-08 21:25:32,126 INFO werkzeug 127.0.0.1 - - [08/May/2025 21:25:32] "GET / HTTP/1.1" 200 -
2025-05-08 21:25:32,253 INFO werkzeug 127.0.0.1 - - [08/May/2025 21:25:32] "[36mGET /static/img/profile2.svg HTTP/1.1[0m" 304 -
2025-05-08 21:25:32,255 INFO werkzeug 127.0.0.1 - - [08/May/2025 21:25:32] "[36mGET /static/css/main.css HTTP/1.1[0m" 304 -
2025-05-08 21:25:32,257 INFO werkzeug 127.0.0.1 - - [08/May/2025 21:25:32] "[36mGET /static/css/base.css HTTP/1.1[0m" 304 -
2025-05-08 21:25:32,353 INFO werkzeug 127.0.0.1 - - [08/May/2025 21:25:32] "[36mGET /static/img/icon_plane.png HTTP/1.1[0m" 304 -
2025-05-08 21:25:34,387 INFO werkzeug 127.0.0.1 - - [08/May/2025 21:25:34] "GET / HTTP/1.1" 200 -
2025-05-08 21:25:34,453 INFO werkzeug 127.0.0.1 - - [08/May/2025 21:25:34] "[36mGET /static/css/main.css HTTP/1.1[0m" 304 -
2025-05-08 21:25:34,455 INFO werkzeug 127.0.0.1 - - [08/May/2025 21:25:34] "[36mGET /static/img/profile2.svg HTTP/1.1[0m" 304 -
2025-05-08 21:25:34,459 INFO werkzeug 127.0.0.1 - - [08/May/2025 21:25:34] "[36mGET /static/css/base.css HTTP/1.1[0m" 304 -
2025-05-08 21:25:34,544 INFO werkzeug 127.0.0.1 - - [08/May/2025 21:25:34] "[36mGET /static/img/icon_plane.png HTTP/1.1[0m" 304 -
2025-05-08 21:26:13,975 INFO werkzeug [31m[1mWARNING: This is a development server. Do not use it in a production deployment. Use a production WSGI server instead.[0m
 * Running on http://127.0.0.1:5000
2025-05-08 21:26:13,975 INFO werkzeug [33mPress CTRL+C to quit[0m
2025-05-08 21:26:15,134 INFO werkzeug 127.0.0.1 - - [08/May/2025 21:26:15] "GET / HTTP/1.1" 200 -
2025-05-08 21:26:15,309 INFO werkzeug 127.0.0.1 - - [08/May/2025 21:26:15] "[36mGET /static/css/base.css HTTP/1.1[0m" 304 -
2025-05-08 21:26:15,332 INFO werkzeug 127.0.0.1 - - [08/May/2025 21:26:15] "[36mGET /static/css/main.css HTTP/1.1[0m" 304 -
2025-05-08 21:26:15,335 INFO werkzeug 127.0.0.1 - - [08/May/2025 21:26:15] "[36mGET /static/img/profile2.svg HTTP/1.1[0m" 304 -
2025-05-08 21:26:15,509 INFO werkzeug 127.0.0.1 - - [08/May/2025 21:26:15] "[36mGET /static/img/icon_plane.png HTTP/1.1[0m" 304 -
2025-05-08 21:26:35,933 INFO werkzeug [31m[1mWARNING: This is a development server. Do not use it in a production deployment. Use a production WSGI server instead.[0m
 * Running on http://127.0.0.1:5000
2025-05-08 21:26:35,939 INFO werkzeug [33mPress CTRL+C to quit[0m
2025-05-08 21:26:37,201 INFO werkzeug 127.0.0.1 - - [08/May/2025 21:26:37] "GET / HTTP/1.1" 200 -
2025-05-08 21:26:37,533 INFO werkzeug 127.0.0.1 - - [08/May/2025 21:26:37] "[36mGET /static/css/main.css HTTP/1.1[0m" 304 -
2025-05-08 21:26:37,585 INFO werkzeug 127.0.0.1 - - [08/May/2025 21:26:37] "[36mGET /static/img/profile2.svg HTTP/1.1[0m" 304 -
2025-05-08 21:26:37,588 INFO werkzeug 127.0.0.1 - - [08/May/2025 21:26:37] "[36mGET /static/css/base.css HTTP/1.1[0m" 304 -
2025-05-08 21:26:37,646 INFO werkzeug 127.0.0.1 - - [08/May/2025 21:26:37] "[36mGET /static/img/fon2.jpg HTTP/1.1[0m" 304 -
2025-05-08 21:26:37,965 INFO werkzeug 127.0.0.1 - - [08/May/2025 21:26:37] "[36mGET /static/img/icon_plane.png HTTP/1.1[0m" 304 -
2025-05-08 21:27:01,965 INFO werkzeug [31m[1mWARNING: This is a development server. Do not use it in a production deployment. Use a production WSGI server instead.[0m
 * Running on http://127.0.0.1:5000
2025-05-08 21:27:01,967 INFO werkzeug [33mPress CTRL+C to quit[0m
2025-05-08 21:27:02,226 INFO werkzeug 127.0.0.1 - - [08/May/2025 21:27:02] "GET / HTTP/1.1" 200 -
2025-05-08 21:27:02,405 INFO werkzeug 127.0.0.1 - - [08/May/2025 21:27:02] "[36mGET /static/css/base.css HTTP/1.1[0m" 304 -
2025-05-08 21:27:02,411 INFO werkzeug 127.0.0.1 - - [08/May/2025 21:27:02] "[36mGET /static/img/profile2.svg HTTP/1.1[0m" 304 -
2025-05-08 21:27:02,426 INFO werkzeug 127.0.0.1 - - [08/May/2025 21:27:02] "[36mGET /static/css/main.css HTTP/1.1[0m" 304 -
2025-05-08 21:27:02,702 INFO werkzeug 127.0.0.1 - - [08/May/2025 21:27:02] "[36mGET /static/img/icon_plane.png HTTP/1.1[0m" 304 -
2025-05-08 21:29:43,740 INFO werkzeug [31m[1mWARNING: This is a development server. Do not use it in a production deployment. Use a production WSGI server instead.[0m
 * Running on http://127.0.0.1:5000
2025-05-08 21:29:43,740 INFO werkzeug [33mPress CTRL+C to quit[0m
2025-05-08 21:29:47,821 INFO werkzeug 127.0.0.1 - - [08/May/2025 21:29:47] "GET / HTTP/1.1" 200 -
2025-05-08 21:29:47,915 INFO werkzeug 127.0.0.1 - - [08/May/2025 21:29:47] "[36mGET /static/css/base.css HTTP/1.1[0m" 304 -
2025-05-08 21:29:47,918 INFO werkzeug 127.0.0.1 - - [08/May/2025 21:29:47] "[36mGET /static/img/profile2.svg HTTP/1.1[0m" 304 -
2025-05-08 21:29:47,920 INFO werkzeug 127.0.0.1 - - [08/May/2025 21:29:47] "[36mGET /static/css/main.css HTTP/1.1[0m" 304 -
2025-05-08 21:29:48,070 INFO werkzeug 127.0.0.1 - - [08/May/2025 21:29:48] "[36mGET /static/img/icon_plane.png HTTP/1.1[0m" 304 -
2025-05-08 21:38:31,633 INFO werkzeug [31m[1mWARNING: This is a development server. Do not use it in a production deployment. Use a production WSGI server instead.[0m
 * Running on http://127.0.0.1:5000
2025-05-08 21:38:31,634 INFO werkzeug [33mPress CTRL+C to quit[0m
2025-05-08 21:38:32,321 INFO werkzeug 127.0.0.1 - - [08/May/2025 21:38:32] "GET / HTTP/1.1" 200 -
2025-05-08 21:38:32,528 INFO werkzeug 127.0.0.1 - - [08/May/2025 21:38:32] "[36mGET /static/css/base.css HTTP/1.1[0m" 304 -
2025-05-08 21:38:32,562 INFO werkzeug 127.0.0.1 - - [08/May/2025 21:38:32] "[36mGET /static/img/profile2.svg HTTP/1.1[0m" 304 -
2025-05-08 21:38:32,566 INFO werkzeug 127.0.0.1 - - [08/May/2025 21:38:32] "[36mGET /static/css/main.css HTTP/1.1[0m" 304 -
2025-05-08 21:38:34,277 INFO werkzeug 127.0.0.1 - - [08/May/2025 21:38:34] "[36mGET /static/img/icon_plane.png HTTP/1.1[0m" 304 -
2025-05-08 21:38:40,402 INFO werkzeug 127.0.0.1 - - [08/May/2025 21:38:40] "GET /countries HTTP/1.1" 200 -
2025-05-08 21:38:40,454 INFO werkzeug 127.0.0.1 - - [08/May/2025 21:38:40] "[36mGET /static/css/base.css HTTP/1.1[0m" 304 -
2025-05-08 21:38:40,462 INFO werkzeug 127.0.0.1 - - [08/May/2025 21:38:40] "[36mGET /static/img/–¢—É—Ä—Ü–∏—è.png HTTP/1.1[0m" 304 -
2025-05-08 21:38:40,468 INFO werkzeug 127.0.0.1 - - [08/May/2025 21:38:40] "[36mGET /static/img/–ï–≥–∏–ø–µ—Ç.png HTTP/1.1[0m" 304 -
2025-05-08 21:38:40,470 INFO werkzeug 127.0.0.1 - - [08/May/2025 21:38:40] "[36mGET /static/img/–ò—Å–ø–∞–Ω–∏—è.png HTTP/1.1[0m" 304 -
2025-05-08 21:38:40,477 INFO werkzeug 127.0.0.1 - - [08/May/2025 21:38:40] "[36mGET /static/img/profile2.svg HTTP/1.1[0m" 304 -
2025-05-08 21:38:43,410 INFO werkzeug 127.0.0.1 - - [08/May/2025 21:38:43] "GET /russian_cities HTTP/1.1" 200 -
2025-05-08 21:38:43,452 INFO werkzeug 127.0.0.1 - - [08/May/2025 21:38:43] "[36mGET /static/css/base.css HTTP/1.1[0m" 304 -
2025-05-08 21:38:43,459 INFO werkzeug 127.0.0.1 - - [08/May/2025 21:38:43] "[36mGET /static/img/–ú–æ—Å–∫–≤–∞.png HTTP/1.1[0m" 304 -
2025-05-08 21:38:43,463 INFO werkzeug 127.0.0.1 - - [08/May/2025 21:38:43] "[36mGET /static/img/profile2.svg HTTP/1.1[0m" 304 -
2025-05-08 21:38:43,473 INFO werkzeug 127.0.0.1 - - [08/May/2025 21:38:43] "[36mGET /static/img/–°–∞–Ω–∫—Ç-–ü–µ—Ç–µ—Ä–±—É—Ä–≥.png HTTP/1.1[0m" 304 -
2025-05-08 21:38:43,510 INFO werkzeug 127.0.0.1 - - [08/May/2025 21:38:43] "[36mGET /static/img/–ö–∞–∑–∞–Ω—å.png HTTP/1.1[0m" 304 -
2025-05-08 21:38:43,521 INFO werkzeug 127.0.0.1 - - [08/May/2025 21:38:43] "[36mGET /static/img/–°–æ—á–∏.png HTTP/1.1[0m" 304 -
2025-05-08 21:38:43,525 INFO werkzeug 127.0.0.1 - - [08/May/2025 21:38:43] "[36mGET /static/img/–ö–∞—Ä–µ–ª–∏—è.png HTTP/1.1[0m" 304 -
2025-05-08 21:38:43,528 INFO werkzeug 127.0.0.1 - - [08/May/2025 21:38:43] "[36mGET /static/img/–ö–∞–º—á–∞—Ç–∫–∞.png HTTP/1.1[0m" 304 -
2025-05-08 21:38:43,558 INFO werkzeug 127.0.0.1 - - [08/May/2025 21:38:43] "[36mGET /static/img/–ö–∏—Å–ª–æ–≤–æ–¥—Å–∫.png HTTP/1.1[0m" 304 -
2025-05-08 21:38:43,581 INFO werkzeug 127.0.0.1 - - [08/May/2025 21:38:43] "[36mGET /static/img/–ö—Ä—ã–º.png HTTP/1.1[0m" 304 -
2025-05-08 21:38:43,588 INFO werkzeug 127.0.0.1 - - [08/May/2025 21:38:43] "[36mGET /static/img/–í–ª–∞–¥–∏–≤–æ—Å—Ç–æ–∫.png HTTP/1.1[0m" 304 -
2025-05-08 21:38:43,590 INFO werkzeug 127.0.0.1 - - [08/May/2025 21:38:43] "[36mGET /static/img/–ö–∞–≤–∫–∞–∑.png HTTP/1.1[0m" 304 -
2025-05-08 21:38:43,616 INFO werkzeug 127.0.0.1 - - [08/May/2025 21:38:43] "[36mGET /static/img/–î–µ—Ä–±–µ–Ω—Ç.png HTTP/1.1[0m" 304 -
2025-05-08 21:38:43,625 INFO werkzeug 127.0.0.1 - - [08/May/2025 21:38:43] "[36mGET /static/img/–ö–∞–ª–∏–Ω–∏–Ω–≥—Ä–∞–¥.png HTTP/1.1[0m" 304 -
2025-05-08 21:38:46,810 INFO werkzeug 127.0.0.1 - - [08/May/2025 21:38:46] "GET /tourism HTTP/1.1" 200 -
2025-05-08 21:38:46,966 INFO werkzeug 127.0.0.1 - - [08/May/2025 21:38:46] "[36mGET /static/img/profile2.svg HTTP/1.1[0m" 304 -
2025-05-08 21:38:46,969 INFO werkzeug 127.0.0.1 - - [08/May/2025 21:38:46] "[36mGET /static/img/beach.jpg HTTP/1.1[0m" 304 -
2025-05-08 21:38:46,981 INFO werkzeug 127.0.0.1 - - [08/May/2025 21:38:46] "[36mGET /static/img/mountains.jpg HTTP/1.1[0m" 304 -
2025-05-08 21:38:46,984 INFO werkzeug 127.0.0.1 - - [08/May/2025 21:38:46] "[36mGET /static/css/base.css HTTP/1.1[0m" 304 -
2025-05-08 21:38:47,057 INFO werkzeug 127.0.0.1 - - [08/May/2025 21:38:47] "[36mGET /static/img/colisey.jpg HTTP/1.1[0m" 304 -
2025-05-08 21:38:54,092 INFO werkzeug 127.0.0.1 - - [08/May/2025 21:38:54] "GET /liked HTTP/1.1" 200 -
2025-05-08 21:38:54,131 INFO werkzeug 127.0.0.1 - - [08/May/2025 21:38:54] "[36mGET /static/img/profile2.svg HTTP/1.1[0m" 304 -
2025-05-08 21:38:54,135 INFO werkzeug 127.0.0.1 - - [08/May/2025 21:38:54] "[36mGET /static/css/base.css HTTP/1.1[0m" 304 -
2025-05-08 21:38:58,393 INFO werkzeug 127.0.0.1 - - [08/May/2025 21:38:58] "GET /register HTTP/1.1" 200 -
2025-05-08 21:38:58,431 INFO werkzeug 127.0.0.1 - - [08/May/2025 21:38:58] "[36mGET /static/css/base.css HTTP/1.1[0m" 304 -
2025-05-08 21:38:58,442 INFO werkzeug 127.0.0.1 - - [08/May/2025 21:38:58] "[36mGET /static/img/profile2.svg HTTP/1.1[0m" 304 -
2025-05-08 21:39:05,254 INFO werkzeug 127.0.0.1 - - [08/May/2025 21:39:05] "GET /login HTTP/1.1" 200 -
2025-05-08 21:39:05,308 INFO werkzeug 127.0.0.1 - - [08/May/2025 21:39:05] "[36mGET /static/css/base.css HTTP/1.1[0m" 304 -
2025-05-08 21:39:05,318 INFO werkzeug 127.0.0.1 - - [08/May/2025 21:39:05] "[36mGET /static/img/profile2.svg HTTP/1.1[0m" 304 -
2025-05-08 21:39:17,949 INFO werkzeug 127.0.0.1 - - [08/May/2025 21:39:17] "GET /login HTTP/1.1" 200 -
2025-05-08 21:39:18,053 INFO werkzeug 127.0.0.1 - - [08/May/2025 21:39:18] "[36mGET /static/css/base.css HTTP/1.1[0m" 304 -
2025-05-08 21:39:18,076 INFO werkzeug 127.0.0.1 - - [08/May/2025 21:39:18] "[36mGET /static/img/profile2.svg HTTP/1.1[0m" 304 -
2025-05-08 21:39:21,138 INFO werkzeug 127.0.0.1 - - [08/May/2025 21:39:21] "[32mPOST /login HTTP/1.1[0m" 302 -
2025-05-08 21:39:21,183 INFO werkzeug 127.0.0.1 - - [08/May/2025 21:39:21] "GET / HTTP/1.1" 200 -
2025-05-08 21:39:21,314 INFO werkzeug 127.0.0.1 - - [08/May/2025 21:39:21] "[36mGET /static/css/base.css HTTP/1.1[0m" 304 -
2025-05-08 21:39:21,341 INFO werkzeug 127.0.0.1 - - [08/May/2025 21:39:21] "[36mGET /static/img/profile2.svg HTTP/1.1[0m" 304 -
2025-05-08 21:39:21,357 INFO werkzeug 127.0.0.1 - - [08/May/2025 21:39:21] "[36mGET /static/css/main.css HTTP/1.1[0m" 304 -
2025-05-08 21:40:45,679 INFO werkzeug 127.0.0.1 - - [08/May/2025 21:40:45] "GET /my_plans HTTP/1.1" 200 -
2025-05-08 21:40:45,728 INFO werkzeug 127.0.0.1 - - [08/May/2025 21:40:45] "[36mGET /static/css/base.css HTTP/1.1[0m" 304 -
2025-05-08 21:40:45,733 INFO werkzeug 127.0.0.1 - - [08/May/2025 21:40:45] "[36mGET /static/img/profile2.svg HTTP/1.1[0m" 304 -
2025-05-08 21:42:17,248 INFO werkzeug [31m[1mWARNING: This is a development server. Do not use it in a production deployment. Use a production WSGI server instead.[0m
 * Running on http://127.0.0.1:5000
2025-05-08 21:42:17,249 INFO werkzeug [33mPress CTRL+C to quit[0m
2025-05-08 21:42:20,256 INFO werkzeug 127.0.0.1 - - [08/May/2025 21:42:20] "GET /my_plans HTTP/1.1" 200 -
2025-05-08 21:42:20,332 INFO werkzeug 127.0.0.1 - - [08/May/2025 21:42:20] "[36mGET /static/css/base.css HTTP/1.1[0m" 304 -
2025-05-08 21:42:20,334 INFO werkzeug 127.0.0.1 - - [08/May/2025 21:42:20] "[36mGET /static/img/profile2.svg HTTP/1.1[0m" 304 -
2025-05-08 21:42:20,394 INFO werkzeug 127.0.0.1 - - [08/May/2025 21:42:20] "[36mGET /static/img/icon_plane.png HTTP/1.1[0m" 304 -
2025-05-08 21:42:21,811 INFO werkzeug 127.0.0.1 - - [08/May/2025 21:42:21] "GET / HTTP/1.1" 200 -
2025-05-08 21:42:21,849 INFO werkzeug 127.0.0.1 - - [08/May/2025 21:42:21] "[36mGET /static/css/base.css HTTP/1.1[0m" 304 -
2025-05-08 21:42:21,859 INFO werkzeug 127.0.0.1 - - [08/May/2025 21:42:21] "[36mGET /static/css/main.css HTTP/1.1[0m" 304 -
2025-05-08 21:42:21,862 INFO werkzeug 127.0.0.1 - - [08/May/2025 21:42:21] "[36mGET /static/img/profile2.svg HTTP/1.1[0m" 304 -
2025-05-08 21:42:27,430 INFO werkzeug 127.0.0.1 - - [08/May/2025 21:42:27] "GET /my_plans HTTP/1.1" 200 -
2025-05-08 21:42:27,470 INFO werkzeug 127.0.0.1 - - [08/May/2025 21:42:27] "[36mGET /static/img/profile2.svg HTTP/1.1[0m" 304 -
2025-05-08 21:42:27,473 INFO werkzeug 127.0.0.1 - - [08/May/2025 21:42:27] "[36mGET /static/css/base.css HTTP/1.1[0m" 304 -
2025-05-08 23:23:30,739 INFO werkzeug [31m[1mWARNING: This is a development server. Do not use it in a production deployment. Use a production WSGI server instead.[0m
 * Running on http://127.0.0.1:5000
2025-05-08 23:23:30,739 INFO werkzeug [33mPress CTRL+C to quit[0m
2025-05-08 23:23:35,982 INFO werkzeug 127.0.0.1 - - [08/May/2025 23:23:35] "GET / HTTP/1.1" 200 -
2025-05-08 23:23:36,008 INFO werkzeug 127.0.0.1 - - [08/May/2025 23:23:36] "[36mGET /static/css/base.css HTTP/1.1[0m" 304 -
2025-05-08 23:23:36,009 INFO werkzeug 127.0.0.1 - - [08/May/2025 23:23:36] "GET /static/css/main.css HTTP/1.1" 200 -
2025-05-08 23:23:36,043 INFO werkzeug 127.0.0.1 - - [08/May/2025 23:23:36] "[36mGET /static/img/profile2.svg HTTP/1.1[0m" 304 -
2025-05-08 23:23:36,055 INFO werkzeug 127.0.0.1 - - [08/May/2025 23:23:36] "GET /static/img/fon2.jpg HTTP/1.1" 200 -
2025-05-08 23:23:37,830 INFO werkzeug 127.0.0.1 - - [08/May/2025 23:23:37] "GET /countries HTTP/1.1" 200 -
2025-05-08 23:23:37,846 INFO werkzeug 127.0.0.1 - - [08/May/2025 23:23:37] "[36mGET /static/css/base.css HTTP/1.1[0m" 304 -
2025-05-08 23:23:37,847 INFO werkzeug 127.0.0.1 - - [08/May/2025 23:23:37] "[36mGET /static/img/profile2.svg HTTP/1.1[0m" 304 -
2025-05-08 23:23:37,856 INFO werkzeug 127.0.0.1 - - [08/May/2025 23:23:37] "[36mGET /static/img/–¢—É—Ä—Ü–∏—è.png HTTP/1.1[0m" 304 -
2025-05-08 23:23:37,859 INFO werkzeug 127.0.0.1 - - [08/May/2025 23:23:37] "[36mGET /static/img/–ò—Å–ø–∞–Ω–∏—è.png HTTP/1.1[0m" 304 -
2025-05-08 23:23:37,882 INFO werkzeug 127.0.0.1 - - [08/May/2025 23:23:37] "[36mGET /static/img/–ï–≥–∏–ø–µ—Ç.png HTTP/1.1[0m" 304 -
2025-05-08 23:23:39,658 INFO werkzeug 127.0.0.1 - - [08/May/2025 23:23:39] "GET /russian_cities HTTP/1.1" 200 -
2025-05-08 23:23:39,679 INFO werkzeug 127.0.0.1 - - [08/May/2025 23:23:39] "[36mGET /static/css/base.css HTTP/1.1[0m" 304 -
2025-05-08 23:23:39,681 INFO werkzeug 127.0.0.1 - - [08/May/2025 23:23:39] "[36mGET /static/img/–ú–æ—Å–∫–≤–∞.png HTTP/1.1[0m" 304 -
2025-05-08 23:23:39,682 INFO werkzeug 127.0.0.1 - - [08/May/2025 23:23:39] "[36mGET /static/img/profile2.svg HTTP/1.1[0m" 304 -
2025-05-08 23:23:39,684 INFO werkzeug 127.0.0.1 - - [08/May/2025 23:23:39] "[36mGET /static/img/–°–∞–Ω–∫—Ç-–ü–µ—Ç–µ—Ä–±—É—Ä–≥.png HTTP/1.1[0m" 304 -
2025-05-08 23:23:39,711 INFO werkzeug 127.0.0.1 - - [08/May/2025 23:23:39] "[36mGET /static/img/–°–æ—á–∏.png HTTP/1.1[0m" 304 -
2025-05-08 23:23:39,712 INFO werkzeug 127.0.0.1 - - [08/May/2025 23:23:39] "[36mGET /static/img/–ö–∞–∑–∞–Ω—å.png HTTP/1.1[0m" 304 -
2025-05-08 23:23:39,714 INFO werkzeug 127.0.0.1 - - [08/May/2025 23:23:39] "[36mGET /static/img/–ö–∞–º—á–∞—Ç–∫–∞.png HTTP/1.1[0m" 304 -
2025-05-08 23:23:39,715 INFO werkzeug 127.0.0.1 - - [08/May/2025 23:23:39] "[36mGET /static/img/–ö–∞—Ä–µ–ª–∏—è.png HTTP/1.1[0m" 304 -
2025-05-08 23:23:39,719 INFO werkzeug 127.0.0.1 - - [08/May/2025 23:23:39] "[36mGET /static/img/–ö–∏—Å–ª–æ–≤–æ–¥—Å–∫.png HTTP/1.1[0m" 304 -
2025-05-08 23:23:39,730 INFO werkzeug 127.0.0.1 - - [08/May/2025 23:23:39] "[36mGET /static/img/–ö–∞–≤–∫–∞–∑.png HTTP/1.1[0m" 304 -
2025-05-08 23:23:39,739 INFO werkzeug 127.0.0.1 - - [08/May/2025 23:23:39] "[36mGET /static/img/–ö—Ä—ã–º.png HTTP/1.1[0m" 304 -
2025-05-08 23:23:39,765 INFO werkzeug 127.0.0.1 - - [08/May/2025 23:23:39] "[36mGET /static/img/–í–ª–∞–¥–∏–≤–æ—Å—Ç–æ–∫.png HTTP/1.1[0m" 304 -
2025-05-08 23:23:39,767 INFO werkzeug 127.0.0.1 - - [08/May/2025 23:23:39] "[36mGET /static/img/–î–µ—Ä–±–µ–Ω—Ç.png HTTP/1.1[0m" 304 -
2025-05-08 23:23:39,768 INFO werkzeug 127.0.0.1 - - [08/May/2025 23:23:39] "[36mGET /static/img/–ö–∞–ª–∏–Ω–∏–Ω–≥—Ä–∞–¥.png HTTP/1.1[0m" 304 -
2025-05-08 23:23:41,770 INFO werkzeug 127.0.0.1 - - [08/May/2025 23:23:41] "GET /tourism HTTP/1.1" 200 -
2025-05-08 23:23:41,787 INFO werkzeug 127.0.0.1 - - [08/May/2025 23:23:41] "[36mGET /static/img/profile2.svg HTTP/1.1[0m" 304 -
2025-05-08 23:23:41,790 INFO werkzeug 127.0.0.1 - - [08/May/2025 23:23:41] "[36mGET /static/css/base.css HTTP/1.1[0m" 304 -
2025-05-08 23:23:41,792 INFO werkzeug 127.0.0.1 - - [08/May/2025 23:23:41] "[36mGET /static/img/beach.jpg HTTP/1.1[0m" 304 -
2025-05-08 23:23:41,794 INFO werkzeug 127.0.0.1 - - [08/May/2025 23:23:41] "[36mGET /static/img/mountains.jpg HTTP/1.1[0m" 304 -
2025-05-08 23:23:41,817 INFO werkzeug 127.0.0.1 - - [08/May/2025 23:23:41] "[36mGET /static/img/colisey.jpg HTTP/1.1[0m" 304 -
2025-05-08 23:23:44,149 INFO werkzeug 127.0.0.1 - - [08/May/2025 23:23:44] "GET /liked HTTP/1.1" 200 -
2025-05-08 23:23:44,163 INFO werkzeug 127.0.0.1 - - [08/May/2025 23:23:44] "[36mGET /static/css/base.css HTTP/1.1[0m" 304 -
2025-05-08 23:23:44,168 INFO werkzeug 127.0.0.1 - - [08/May/2025 23:23:44] "[36mGET /static/img/profile2.svg HTTP/1.1[0m" 304 -
2025-05-08 23:23:44,168 INFO werkzeug 127.0.0.1 - - [08/May/2025 23:23:44] "[36mGET /static/img/–ï–≥–∏–ø–µ—Ç.png HTTP/1.1[0m" 304 -
2025-05-08 23:23:44,170 INFO werkzeug 127.0.0.1 - - [08/May/2025 23:23:44] "[36mGET /static/img/–ò—Å–ø–∞–Ω–∏—è.png HTTP/1.1[0m" 304 -
2025-05-08 23:23:44,195 INFO werkzeug 127.0.0.1 - - [08/May/2025 23:23:44] "[36mGET /static/img/–°—Ç–∞–º–±—É–ª.png HTTP/1.1[0m" 304 -
2025-05-08 23:23:44,196 INFO werkzeug 127.0.0.1 - - [08/May/2025 23:23:44] "[36mGET /static/img/–ê–Ω—Ç–∞–ª—å—è.png HTTP/1.1[0m" 304 -
2025-05-08 23:23:46,402 INFO werkzeug 127.0.0.1 - - [08/May/2025 23:23:46] "GET /register HTTP/1.1" 200 -
2025-05-08 23:23:46,414 INFO werkzeug 127.0.0.1 - - [08/May/2025 23:23:46] "[36mGET /static/css/base.css HTTP/1.1[0m" 304 -
2025-05-08 23:23:46,415 INFO werkzeug 127.0.0.1 - - [08/May/2025 23:23:46] "[36mGET /static/img/profile2.svg HTTP/1.1[0m" 304 -
2025-05-08 23:23:49,518 INFO werkzeug 127.0.0.1 - - [08/May/2025 23:23:49] "GET /login HTTP/1.1" 200 -
2025-05-08 23:23:49,533 INFO werkzeug 127.0.0.1 - - [08/May/2025 23:23:49] "[36mGET /static/css/base.css HTTP/1.1[0m" 304 -
2025-05-08 23:23:49,533 INFO werkzeug 127.0.0.1 - - [08/May/2025 23:23:49] "[36mGET /static/img/profile2.svg HTTP/1.1[0m" 304 -
2025-05-08 23:23:51,665 INFO werkzeug 127.0.0.1 - - [08/May/2025 23:23:51] "GET /my_plans HTTP/1.1" 200 -
2025-05-08 23:23:51,679 INFO werkzeug 127.0.0.1 - - [08/May/2025 23:23:51] "[36mGET /static/css/base.css HTTP/1.1[0m" 304 -
2025-05-08 23:23:51,679 INFO werkzeug 127.0.0.1 - - [08/May/2025 23:23:51] "[36mGET /static/img/profile2.svg HTTP/1.1[0m" 304 -
2025-05-08 23:23:53,935 INFO werkzeug 127.0.0.1 - - [08/May/2025 23:23:53] "GET /russian_cities HTTP/1.1" 200 -
2025-05-08 23:23:53,949 INFO werkzeug 127.0.0.1 - - [08/May/2025 23:23:53] "[36mGET /static/css/base.css HTTP/1.1[0m" 304 -
2025-05-08 23:23:53,952 INFO werkzeug 127.0.0.1 - - [08/May/2025 23:23:53] "[36mGET /static/img/–ú–æ—Å–∫–≤–∞.png HTTP/1.1[0m" 304 -
2025-05-08 23:23:53,955 INFO werkzeug 127.0.0.1 - - [08/May/2025 23:23:53] "[36mGET /static/img/profile2.svg HTTP/1.1[0m" 304 -
2025-05-08 23:23:53,956 INFO werkzeug 127.0.0.1 - - [08/May/2025 23:23:53] "[36mGET /static/img/–°–∞–Ω–∫—Ç-–ü–µ—Ç–µ—Ä–±—É—Ä–≥.png HTTP/1.1[0m" 304 -
2025-05-08 23:23:53,982 INFO werkzeug 127.0.0.1 - - [08/May/2025 23:23:53] "[36mGET /static/img/–°–æ—á–∏.png HTTP/1.1[0m" 304 -
2025-05-08 23:23:53,983 INFO werkzeug 127.0.0.1 - - [08/May/2025 23:23:53] "[36mGET /static/img/–ö–∞–∑–∞–Ω—å.png HTTP/1.1[0m" 304 -
2025-05-08 23:23:53,986 INFO werkzeug 127.0.0.1 - - [08/May/2025 23:23:53] "[36mGET /static/img/–ö–∞—Ä–µ–ª–∏—è.png HTTP/1.1[0m" 304 -
2025-05-08 23:23:53,988 INFO werkzeug 127.0.0.1 - - [08/May/2025 23:23:53] "[36mGET /static/img/–ö–∞–º—á–∞—Ç–∫–∞.png HTTP/1.1[0m" 304 -
2025-05-08 23:23:53,996 INFO werkzeug 127.0.0.1 - - [08/May/2025 23:23:53] "[36mGET /static/img/–ö–∏—Å–ª–æ–≤–æ–¥—Å–∫.png HTTP/1.1[0m" 304 -
2025-05-08 23:23:53,999 INFO werkzeug 127.0.0.1 - - [08/May/2025 23:23:53] "[36mGET /static/img/–ö–∞–≤–∫–∞–∑.png HTTP/1.1[0m" 304 -
2025-05-08 23:23:54,000 INFO werkzeug 127.0.0.1 - - [08/May/2025 23:23:54] "[36mGET /static/img/–í–ª–∞–¥–∏–≤–æ—Å—Ç–æ–∫.png HTTP/1.1[0m" 304 -
2025-05-08 23:23:54,003 INFO werkzeug 127.0.0.1 - - [08/May/2025 23:23:54] "[36mGET /static/img/–ö—Ä—ã–º.png HTTP/1.1[0m" 304 -
2025-05-08 23:23:54,007 INFO werkzeug 127.0.0.1 - - [08/May/2025 23:23:54] "[36mGET /static/img/–ö–∞–ª–∏–Ω–∏–Ω–≥—Ä–∞–¥.png HTTP/1.1[0m" 304 -
2025-05-08 23:23:54,020 INFO werkzeug 127.0.0.1 - - [08/May/2025 23:23:54] "[36mGET /static/img/–î–µ—Ä–±–µ–Ω—Ç.png HTTP/1.1[0m" 304 -
2025-05-08 23:23:54,533 INFO werkzeug 127.0.0.1 - - [08/May/2025 23:23:54] "GET /liked HTTP/1.1" 200 -
2025-05-08 23:23:54,546 INFO werkzeug 127.0.0.1 - - [08/May/2025 23:23:54] "[36mGET /static/css/base.css HTTP/1.1[0m" 304 -
2025-05-08 23:23:54,547 INFO werkzeug 127.0.0.1 - - [08/May/2025 23:23:54] "[36mGET /static/img/profile2.svg HTTP/1.1[0m" 304 -
2025-05-08 23:23:54,551 INFO werkzeug 127.0.0.1 - - [08/May/2025 23:23:54] "[36mGET /static/img/–ï–≥–∏–ø–µ—Ç.png HTTP/1.1[0m" 304 -
2025-05-08 23:23:54,552 INFO werkzeug 127.0.0.1 - - [08/May/2025 23:23:54] "[36mGET /static/img/–ò—Å–ø–∞–Ω–∏—è.png HTTP/1.1[0m" 304 -
2025-05-08 23:23:54,577 INFO werkzeug 127.0.0.1 - - [08/May/2025 23:23:54] "[36mGET /static/img/–°—Ç–∞–º–±—É–ª.png HTTP/1.1[0m" 304 -
2025-05-08 23:23:54,578 INFO werkzeug 127.0.0.1 - - [08/May/2025 23:23:54] "[36mGET /static/img/–ê–Ω—Ç–∞–ª—å—è.png HTTP/1.1[0m" 304 -
2025-05-08 23:23:55,083 INFO werkzeug 127.0.0.1 - - [08/May/2025 23:23:55] "GET /tourism HTTP/1.1" 200 -
2025-05-08 23:23:55,097 INFO werkzeug 127.0.0.1 - - [08/May/2025 23:23:55] "[36mGET /static/css/base.css HTTP/1.1[0m" 304 -
2025-05-08 23:23:55,098 INFO werkzeug 127.0.0.1 - - [08/May/2025 23:23:55] "[36mGET /static/img/beach.jpg HTTP/1.1[0m" 304 -
2025-05-08 23:23:55,100 INFO werkzeug 127.0.0.1 - - [08/May/2025 23:23:55] "[36mGET /static/img/profile2.svg HTTP/1.1[0m" 304 -
2025-05-08 23:23:55,103 INFO werkzeug 127.0.0.1 - - [08/May/2025 23:23:55] "[36mGET /static/img/mountains.jpg HTTP/1.1[0m" 304 -
2025-05-08 23:23:55,124 INFO werkzeug 127.0.0.1 - - [08/May/2025 23:23:55] "[36mGET /static/img/colisey.jpg HTTP/1.1[0m" 304 -
2025-05-08 23:23:56,441 INFO werkzeug 127.0.0.1 - - [08/May/2025 23:23:56] "GET /countries HTTP/1.1" 200 -
2025-05-08 23:23:56,457 INFO werkzeug 127.0.0.1 - - [08/May/2025 23:23:56] "[36mGET /static/css/base.css HTTP/1.1[0m" 304 -
2025-05-08 23:23:56,458 INFO werkzeug 127.0.0.1 - - [08/May/2025 23:23:56] "[36mGET /static/img/profile2.svg HTTP/1.1[0m" 304 -
2025-05-08 23:23:56,462 INFO werkzeug 127.0.0.1 - - [08/May/2025 23:23:56] "[36mGET /static/img/–¢—É—Ä—Ü–∏—è.png HTTP/1.1[0m" 304 -
2025-05-08 23:23:56,463 INFO werkzeug 127.0.0.1 - - [08/May/2025 23:23:56] "[36mGET /static/img/–ò—Å–ø–∞–Ω–∏—è.png HTTP/1.1[0m" 304 -
2025-05-08 23:23:56,485 INFO werkzeug 127.0.0.1 - - [08/May/2025 23:23:56] "[36mGET /static/img/–ï–≥–∏–ø–µ—Ç.png HTTP/1.1[0m" 304 -
2025-05-08 23:23:57,025 INFO werkzeug 127.0.0.1 - - [08/May/2025 23:23:57] "GET / HTTP/1.1" 200 -
2025-05-08 23:23:57,039 INFO werkzeug 127.0.0.1 - - [08/May/2025 23:23:57] "[36mGET /static/css/base.css HTTP/1.1[0m" 304 -
2025-05-08 23:23:57,041 INFO werkzeug 127.0.0.1 - - [08/May/2025 23:23:57] "[36mGET /static/img/profile2.svg HTTP/1.1[0m" 304 -
2025-05-08 23:23:57,042 INFO werkzeug 127.0.0.1 - - [08/May/2025 23:23:57] "[36mGET /static/css/main.css HTTP/1.1[0m" 304 -
2025-05-08 23:23:58,788 INFO werkzeug 127.0.0.1 - - [08/May/2025 23:23:58] "GET /my_profile HTTP/1.1" 200 -
2025-05-08 23:23:58,803 INFO werkzeug 127.0.0.1 - - [08/May/2025 23:23:58] "[36mGET /static/css/base.css HTTP/1.1[0m" 304 -
2025-05-08 23:23:58,806 INFO werkzeug 127.0.0.1 - - [08/May/2025 23:23:58] "[36mGET /static/img/profile2.svg HTTP/1.1[0m" 304 -
2025-05-08 23:24:00,323 INFO werkzeug 127.0.0.1 - - [08/May/2025 23:24:00] "GET / HTTP/1.1" 200 -
2025-05-08 23:24:00,336 INFO werkzeug 127.0.0.1 - - [08/May/2025 23:24:00] "[36mGET /static/css/base.css HTTP/1.1[0m" 304 -
2025-05-08 23:24:00,338 INFO werkzeug 127.0.0.1 - - [08/May/2025 23:24:00] "[36mGET /static/img/profile2.svg HTTP/1.1[0m" 304 -
2025-05-08 23:24:00,340 INFO werkzeug 127.0.0.1 - - [08/May/2025 23:24:00] "[36mGET /static/css/main.css HTTP/1.1[0m" 304 -
2025-05-08 23:24:01,343 INFO werkzeug 127.0.0.1 - - [08/May/2025 23:24:01] "GET /my_plans HTTP/1.1" 200 -
2025-05-08 23:24:01,356 INFO werkzeug 127.0.0.1 - - [08/May/2025 23:24:01] "[36mGET /static/css/base.css HTTP/1.1[0m" 304 -
2025-05-08 23:24:01,357 INFO werkzeug 127.0.0.1 - - [08/May/2025 23:24:01] "[36mGET /static/img/profile2.svg HTTP/1.1[0m" 304 -
2025-05-08 23:36:21,135 INFO werkzeug [31m[1mWARNING: This is a development server. Do not use it in a production deployment. Use a production WSGI server instead.[0m
 * Running on http://127.0.0.1:5000
2025-05-08 23:36:21,135 INFO werkzeug [33mPress CTRL+C to quit[0m
2025-05-08 23:36:26,138 INFO werkzeug 127.0.0.1 - - [08/May/2025 23:36:26] "GET / HTTP/1.1" 200 -
2025-05-08 23:36:26,170 INFO werkzeug 127.0.0.1 - - [08/May/2025 23:36:26] "[36mGET /static/css/main.css HTTP/1.1[0m" 304 -
2025-05-08 23:36:26,170 INFO werkzeug 127.0.0.1 - - [08/May/2025 23:36:26] "[36mGET /static/css/base.css HTTP/1.1[0m" 304 -
2025-05-08 23:36:26,200 INFO werkzeug 127.0.0.1 - - [08/May/2025 23:36:26] "[36mGET /static/img/profile2.svg HTTP/1.1[0m" 304 -
2025-05-08 23:36:26,215 INFO werkzeug 127.0.0.1 - - [08/May/2025 23:36:26] "[36mGET /static/img/fon2.jpg HTTP/1.1[0m" 304 -
2025-05-08 23:36:27,743 INFO werkzeug 127.0.0.1 - - [08/May/2025 23:36:27] "GET /russian_cities HTTP/1.1" 200 -
2025-05-08 23:36:27,760 INFO werkzeug 127.0.0.1 - - [08/May/2025 23:36:27] "[36mGET /static/img/profile2.svg HTTP/1.1[0m" 304 -
2025-05-08 23:36:27,760 INFO werkzeug 127.0.0.1 - - [08/May/2025 23:36:27] "[36mGET /static/css/base.css HTTP/1.1[0m" 304 -
2025-05-08 23:36:27,762 INFO werkzeug 127.0.0.1 - - [08/May/2025 23:36:27] "[36mGET /static/img/–°–∞–Ω–∫—Ç-–ü–µ—Ç–µ—Ä–±—É—Ä–≥.png HTTP/1.1[0m" 304 -
2025-05-08 23:36:27,763 INFO werkzeug 127.0.0.1 - - [08/May/2025 23:36:27] "[36mGET /static/img/–ú–æ—Å–∫–≤–∞.png HTTP/1.1[0m" 304 -
2025-05-08 23:36:27,792 INFO werkzeug 127.0.0.1 - - [08/May/2025 23:36:27] "[36mGET /static/img/–ö–∞—Ä–µ–ª–∏—è.png HTTP/1.1[0m" 304 -
2025-05-08 23:36:27,795 INFO werkzeug 127.0.0.1 - - [08/May/2025 23:36:27] "[36mGET /static/img/–ö–∞–∑–∞–Ω—å.png HTTP/1.1[0m" 304 -
2025-05-08 23:36:27,798 INFO werkzeug 127.0.0.1 - - [08/May/2025 23:36:27] "[36mGET /static/img/–°–æ—á–∏.png HTTP/1.1[0m" 304 -
2025-05-08 23:36:27,799 INFO werkzeug 127.0.0.1 - - [08/May/2025 23:36:27] "[36mGET /static/img/–ö–∞–º—á–∞—Ç–∫–∞.png HTTP/1.1[0m" 304 -
2025-05-08 23:36:27,816 INFO werkzeug 127.0.0.1 - - [08/May/2025 23:36:27] "[36mGET /static/img/–ö–∞–≤–∫–∞–∑.png HTTP/1.1[0m" 304 -
2025-05-08 23:36:27,817 INFO werkzeug 127.0.0.1 - - [08/May/2025 23:36:27] "[36mGET /static/img/–ö–∏—Å–ª–æ–≤–æ–¥—Å–∫.png HTTP/1.1[0m" 304 -
2025-05-08 23:36:27,818 INFO werkzeug 127.0.0.1 - - [08/May/2025 23:36:27] "[36mGET /static/img/–ö—Ä—ã–º.png HTTP/1.1[0m" 304 -
2025-05-08 23:36:27,845 INFO werkzeug 127.0.0.1 - - [08/May/2025 23:36:27] "[36mGET /static/img/–î–µ—Ä–±–µ–Ω—Ç.png HTTP/1.1[0m" 304 -
2025-05-08 23:36:27,851 INFO werkzeug 127.0.0.1 - - [08/May/2025 23:36:27] "[36mGET /static/img/–ö–∞–ª–∏–Ω–∏–Ω–≥—Ä–∞–¥.png HTTP/1.1[0m" 304 -
2025-05-08 23:36:27,852 INFO werkzeug 127.0.0.1 - - [08/May/2025 23:36:27] "[36mGET /static/img/–í–ª–∞–¥–∏–≤–æ—Å—Ç–æ–∫.png HTTP/1.1[0m" 304 -
2025-05-08 23:36:28,390 INFO werkzeug 127.0.0.1 - - [08/May/2025 23:36:28] "GET /countries HTTP/1.1" 200 -
2025-05-08 23:36:28,404 INFO werkzeug 127.0.0.1 - - [08/May/2025 23:36:28] "[36mGET /static/css/base.css HTTP/1.1[0m" 304 -
2025-05-08 23:36:28,407 INFO werkzeug 127.0.0.1 - - [08/May/2025 23:36:28] "[36mGET /static/img/–¢—É—Ä—Ü–∏—è.png HTTP/1.1[0m" 304 -
2025-05-08 23:36:28,408 INFO werkzeug 127.0.0.1 - - [08/May/2025 23:36:28] "[36mGET /static/img/profile2.svg HTTP/1.1[0m" 304 -
2025-05-08 23:36:28,409 INFO werkzeug 127.0.0.1 - - [08/May/2025 23:36:28] "[36mGET /static/img/–ò—Å–ø–∞–Ω–∏—è.png HTTP/1.1[0m" 304 -
2025-05-08 23:36:28,432 INFO werkzeug 127.0.0.1 - - [08/May/2025 23:36:28] "[36mGET /static/img/–ï–≥–∏–ø–µ—Ç.png HTTP/1.1[0m" 304 -
2025-05-08 23:36:30,348 INFO werkzeug 127.0.0.1 - - [08/May/2025 23:36:30] "GET /country/–¢—É—Ä—Ü–∏—è HTTP/1.1" 200 -
2025-05-08 23:36:30,361 INFO werkzeug 127.0.0.1 - - [08/May/2025 23:36:30] "[36mGET /static/css/base.css HTTP/1.1[0m" 304 -
2025-05-08 23:36:30,363 INFO werkzeug 127.0.0.1 - - [08/May/2025 23:36:30] "[36mGET /static/img/profile2.svg HTTP/1.1[0m" 304 -
2025-05-08 23:36:30,365 INFO werkzeug 127.0.0.1 - - [08/May/2025 23:36:30] "[36mGET /static/img/–ê–Ω—Ç–∞–ª—å—è.png HTTP/1.1[0m" 304 -
2025-05-08 23:36:30,366 INFO werkzeug 127.0.0.1 - - [08/May/2025 23:36:30] "[36mGET /static/img/–°—Ç–∞–º–±—É–ª.png HTTP/1.1[0m" 304 -
2025-05-08 23:36:47,719 INFO werkzeug 127.0.0.1 - - [08/May/2025 23:36:47] "GET /country/–ò—Å–ø–∞–Ω–∏—è HTTP/1.1" 200 -
2025-05-08 23:36:47,733 INFO werkzeug 127.0.0.1 - - [08/May/2025 23:36:47] "GET /static/img/–ú–∞–¥—Ä–∏–¥.png HTTP/1.1" 200 -
2025-05-08 23:36:47,733 INFO werkzeug 127.0.0.1 - - [08/May/2025 23:36:47] "[36mGET /static/css/base.css HTTP/1.1[0m" 304 -
2025-05-08 23:36:47,736 INFO werkzeug 127.0.0.1 - - [08/May/2025 23:36:47] "[36mGET /static/img/profile2.svg HTTP/1.1[0m" 304 -
2025-05-08 23:36:50,352 INFO werkzeug 127.0.0.1 - - [08/May/2025 23:36:50] "GET /country/–ï–≥–∏–ø–µ—Ç HTTP/1.1" 200 -
2025-05-08 23:36:50,365 INFO werkzeug 127.0.0.1 - - [08/May/2025 23:36:50] "[36mGET /static/css/base.css HTTP/1.1[0m" 304 -
2025-05-08 23:36:50,365 INFO werkzeug 127.0.0.1 - - [08/May/2025 23:36:50] "GET /static/img/–ì–∏–∑–∞.png HTTP/1.1" 200 -
2025-05-08 23:36:50,367 INFO werkzeug 127.0.0.1 - - [08/May/2025 23:36:50] "[36mGET /static/img/profile2.svg HTTP/1.1[0m" 304 -
2025-05-08 23:36:50,369 INFO werkzeug 127.0.0.1 - - [08/May/2025 23:36:50] "[36mGET /static/img/–•—É—Ä–≥–∞–¥–∞.png HTTP/1.1[0m" 304 -
2025-05-08 23:37:07,048 INFO werkzeug [31m[1mWARNING: This is a development server. Do not use it in a production deployment. Use a production WSGI server instead.[0m
 * Running on http://127.0.0.1:5000
2025-05-08 23:37:07,048 INFO werkzeug [33mPress CTRL+C to quit[0m
2025-05-08 23:37:15,456 INFO werkzeug 127.0.0.1 - - [08/May/2025 23:37:15] "GET / HTTP/1.1" 200 -
2025-05-08 23:37:15,491 INFO werkzeug 127.0.0.1 - - [08/May/2025 23:37:15] "[36mGET /static/css/main.css HTTP/1.1[0m" 304 -
2025-05-08 23:37:15,492 INFO werkzeug 127.0.0.1 - - [08/May/2025 23:37:15] "[36mGET /static/css/base.css HTTP/1.1[0m" 304 -
2025-05-08 23:37:15,524 INFO werkzeug 127.0.0.1 - - [08/May/2025 23:37:15] "[36mGET /static/img/profile2.svg HTTP/1.1[0m" 304 -
2025-05-08 23:37:15,541 INFO werkzeug 127.0.0.1 - - [08/May/2025 23:37:15] "[36mGET /static/img/fon2.jpg HTTP/1.1[0m" 304 -
2025-05-08 23:37:16,947 INFO werkzeug 127.0.0.1 - - [08/May/2025 23:37:16] "GET /russian_cities HTTP/1.1" 200 -
2025-05-08 23:37:16,962 INFO werkzeug 127.0.0.1 - - [08/May/2025 23:37:16] "[36mGET /static/css/base.css HTTP/1.1[0m" 304 -
2025-05-08 23:37:16,963 INFO werkzeug 127.0.0.1 - - [08/May/2025 23:37:16] "[36mGET /static/img/profile2.svg HTTP/1.1[0m" 304 -
2025-05-08 23:37:16,966 INFO werkzeug 127.0.0.1 - - [08/May/2025 23:37:16] "[36mGET /static/img/–ú–æ—Å–∫–≤–∞.png HTTP/1.1[0m" 304 -
2025-05-08 23:37:16,968 INFO werkzeug 127.0.0.1 - - [08/May/2025 23:37:16] "[36mGET /static/img/–°–∞–Ω–∫—Ç-–ü–µ—Ç–µ—Ä–±—É—Ä–≥.png HTTP/1.1[0m" 304 -
2025-05-08 23:37:16,999 INFO werkzeug 127.0.0.1 - - [08/May/2025 23:37:16] "[36mGET /static/img/–ö–∞–∑–∞–Ω—å.png HTTP/1.1[0m" 304 -
2025-05-08 23:37:16,999 INFO werkzeug 127.0.0.1 - - [08/May/2025 23:37:16] "[36mGET /static/img/–°–æ—á–∏.png HTTP/1.1[0m" 304 -
2025-05-08 23:37:17,000 INFO werkzeug 127.0.0.1 - - [08/May/2025 23:37:17] "[36mGET /static/img/–ö–∞–º—á–∞—Ç–∫–∞.png HTTP/1.1[0m" 304 -
2025-05-08 23:37:17,000 INFO werkzeug 127.0.0.1 - - [08/May/2025 23:37:17] "[36mGET /static/img/–ö–∏—Å–ª–æ–≤–æ–¥—Å–∫.png HTTP/1.1[0m" 304 -
2025-05-08 23:37:17,001 INFO werkzeug 127.0.0.1 - - [08/May/2025 23:37:17] "[36mGET /static/img/–ö–∞—Ä–µ–ª–∏—è.png HTTP/1.1[0m" 304 -
2025-05-08 23:37:17,002 INFO werkzeug 127.0.0.1 - - [08/May/2025 23:37:17] "[36mGET /static/img/–ö–∞–≤–∫–∞–∑.png HTTP/1.1[0m" 304 -
2025-05-08 23:37:17,021 INFO werkzeug 127.0.0.1 - - [08/May/2025 23:37:17] "[36mGET /static/img/–ö—Ä—ã–º.png HTTP/1.1[0m" 304 -
2025-05-08 23:37:17,042 INFO werkzeug 127.0.0.1 - - [08/May/2025 23:37:17] "[36mGET /static/img/–î–µ—Ä–±–µ–Ω—Ç.png HTTP/1.1[0m" 304 -
2025-05-08 23:37:17,046 INFO werkzeug 127.0.0.1 - - [08/May/2025 23:37:17] "[36mGET /static/img/–í–ª–∞–¥–∏–≤–æ—Å—Ç–æ–∫.png HTTP/1.1[0m" 304 -
2025-05-08 23:37:17,048 INFO werkzeug 127.0.0.1 - - [08/May/2025 23:37:17] "[36mGET /static/img/–ö–∞–ª–∏–Ω–∏–Ω–≥—Ä–∞–¥.png HTTP/1.1[0m" 304 -
2025-05-08 23:37:17,425 INFO werkzeug 127.0.0.1 - - [08/May/2025 23:37:17] "GET /my_plans HTTP/1.1" 200 -
2025-05-08 23:37:17,436 INFO werkzeug 127.0.0.1 - - [08/May/2025 23:37:17] "[36mGET /static/css/base.css HTTP/1.1[0m" 304 -
2025-05-08 23:37:17,437 INFO werkzeug 127.0.0.1 - - [08/May/2025 23:37:17] "[36mGET /static/img/profile2.svg HTTP/1.1[0m" 304 -
2025-05-08 23:37:18,160 INFO werkzeug 127.0.0.1 - - [08/May/2025 23:37:18] "GET /countries HTTP/1.1" 200 -
2025-05-08 23:37:18,171 INFO werkzeug 127.0.0.1 - - [08/May/2025 23:37:18] "[36mGET /static/css/base.css HTTP/1.1[0m" 304 -
2025-05-08 23:37:18,172 INFO werkzeug 127.0.0.1 - - [08/May/2025 23:37:18] "[36mGET /static/img/–¢—É—Ä—Ü–∏—è.png HTTP/1.1[0m" 304 -
2025-05-08 23:37:18,176 INFO werkzeug 127.0.0.1 - - [08/May/2025 23:37:18] "[36mGET /static/img/–ò—Å–ø–∞–Ω–∏—è.png HTTP/1.1[0m" 304 -
2025-05-08 23:37:18,178 INFO werkzeug 127.0.0.1 - - [08/May/2025 23:37:18] "[36mGET /static/img/profile2.svg HTTP/1.1[0m" 304 -
2025-05-08 23:37:18,199 INFO werkzeug 127.0.0.1 - - [08/May/2025 23:37:18] "[36mGET /static/img/–ï–≥–∏–ø–µ—Ç.png HTTP/1.1[0m" 304 -
2025-05-08 23:37:18,902 INFO werkzeug 127.0.0.1 - - [08/May/2025 23:37:18] "GET /country/–¢—É—Ä—Ü–∏—è HTTP/1.1" 200 -
2025-05-08 23:37:18,916 INFO werkzeug 127.0.0.1 - - [08/May/2025 23:37:18] "[36mGET /static/css/base.css HTTP/1.1[0m" 304 -
2025-05-08 23:37:18,917 INFO werkzeug 127.0.0.1 - - [08/May/2025 23:37:18] "[36mGET /static/img/profile2.svg HTTP/1.1[0m" 304 -
2025-05-08 23:37:18,917 INFO werkzeug 127.0.0.1 - - [08/May/2025 23:37:18] "[36mGET /static/img/–ê–Ω—Ç–∞–ª—å—è.png HTTP/1.1[0m" 304 -
2025-05-08 23:37:18,920 INFO werkzeug 127.0.0.1 - - [08/May/2025 23:37:18] "[36mGET /static/img/–°—Ç–∞–º–±—É–ª.png HTTP/1.1[0m" 304 -
2025-05-08 23:37:22,564 INFO werkzeug 127.0.0.1 - - [08/May/2025 23:37:22] "[32mGET /map/–ê–Ω—Ç–∞–ª—å—è HTTP/1.1[0m" 302 -
2025-05-08 23:37:22,571 ERROR main Exception on /country/–ê–Ω—Ç–∞–ª—å—è [GET]
Traceback (most recent call last):
  File "/Users/mariaturina/PycharmProjects/Flask_Travel/.venv/lib/python3.12/site-packages/flask/app.py", line 1511, in wsgi_app
    response = self.full_dispatch_request()
               ^^^^^^^^^^^^^^^^^^^^^^^^^^^^
  File "/Users/mariaturina/PycharmProjects/Flask_Travel/.venv/lib/python3.12/site-packages/flask/app.py", line 919, in full_dispatch_request
    rv = self.handle_user_exception(e)
         ^^^^^^^^^^^^^^^^^^^^^^^^^^^^^
  File "/Users/mariaturina/PycharmProjects/Flask_Travel/.venv/lib/python3.12/site-packages/flask/app.py", line 917, in full_dispatch_request
    rv = self.dispatch_request()
         ^^^^^^^^^^^^^^^^^^^^^^^
  File "/Users/mariaturina/PycharmProjects/Flask_Travel/.venv/lib/python3.12/site-packages/flask/app.py", line 902, in dispatch_request
    return self.ensure_sync(self.view_functions[rule.endpoint])(**view_args)  # type: ignore[no-any-return]
           ^^^^^^^^^^^^^^^^^^^^^^^^^^^^^^^^^^^^^^^^^^^^^^^^^^^^^^^^^^^^^^^^^
  File "/Users/mariaturina/PycharmProjects/Flask_Travel/main.py", line 107, in country
    li_cities = li_cities.cities.split(',')
                ^^^^^^^^^^^^^^^^
AttributeError: 'NoneType' object has no attribute 'cities'
2025-05-08 23:37:22,576 INFO werkzeug 127.0.0.1 - - [08/May/2025 23:37:22] "[35m[1mGET /country/–ê–Ω—Ç–∞–ª—å—è HTTP/1.1[0m" 500 -
2025-05-08 23:40:38,248 INFO werkzeug [31m[1mWARNING: This is a development server. Do not use it in a production deployment. Use a production WSGI server instead.[0m
 * Running on http://127.0.0.1:5000
2025-05-08 23:40:38,248 INFO werkzeug [33mPress CTRL+C to quit[0m
2025-05-08 23:40:40,148 INFO werkzeug 127.0.0.1 - - [08/May/2025 23:40:40] "GET /my_plans HTTP/1.1" 200 -
2025-05-08 23:40:40,168 INFO werkzeug 127.0.0.1 - - [08/May/2025 23:40:40] "[36mGET /static/css/base.css HTTP/1.1[0m" 304 -
2025-05-08 23:40:40,169 INFO werkzeug 127.0.0.1 - - [08/May/2025 23:40:40] "[36mGET /static/img/profile2.svg HTTP/1.1[0m" 304 -
2025-05-08 23:40:41,187 INFO werkzeug 127.0.0.1 - - [08/May/2025 23:40:41] "GET /countries HTTP/1.1" 200 -
2025-05-08 23:40:41,202 INFO werkzeug 127.0.0.1 - - [08/May/2025 23:40:41] "[36mGET /static/img/profile2.svg HTTP/1.1[0m" 304 -
2025-05-08 23:40:41,203 INFO werkzeug 127.0.0.1 - - [08/May/2025 23:40:41] "[36mGET /static/css/base.css HTTP/1.1[0m" 304 -
2025-05-08 23:40:41,204 INFO werkzeug 127.0.0.1 - - [08/May/2025 23:40:41] "[36mGET /static/img/–¢—É—Ä—Ü–∏—è.png HTTP/1.1[0m" 304 -
2025-05-08 23:40:41,207 INFO werkzeug 127.0.0.1 - - [08/May/2025 23:40:41] "[36mGET /static/img/–ò—Å–ø–∞–Ω–∏—è.png HTTP/1.1[0m" 304 -
2025-05-08 23:40:41,227 INFO werkzeug 127.0.0.1 - - [08/May/2025 23:40:41] "[36mGET /static/img/–ï–≥–∏–ø–µ—Ç.png HTTP/1.1[0m" 304 -
2025-05-08 23:40:41,917 INFO werkzeug 127.0.0.1 - - [08/May/2025 23:40:41] "GET /country/–¢—É—Ä—Ü–∏—è HTTP/1.1" 200 -
2025-05-08 23:40:41,930 INFO werkzeug 127.0.0.1 - - [08/May/2025 23:40:41] "[36mGET /static/css/base.css HTTP/1.1[0m" 304 -
2025-05-08 23:40:41,932 INFO werkzeug 127.0.0.1 - - [08/May/2025 23:40:41] "[36mGET /static/img/–ê–Ω—Ç–∞–ª—å—è.png HTTP/1.1[0m" 304 -
2025-05-08 23:40:41,934 INFO werkzeug 127.0.0.1 - - [08/May/2025 23:40:41] "[36mGET /static/img/–°—Ç–∞–º–±—É–ª.png HTTP/1.1[0m" 304 -
2025-05-08 23:40:41,936 INFO werkzeug 127.0.0.1 - - [08/May/2025 23:40:41] "[36mGET /static/img/profile2.svg HTTP/1.1[0m" 304 -
2025-05-08 23:40:44,607 INFO werkzeug 127.0.0.1 - - [08/May/2025 23:40:44] "[32mGET /map/–¢—É—Ä—Ü–∏—è/–ê–Ω—Ç–∞–ª—å—è HTTP/1.1[0m" 302 -
2025-05-08 23:40:44,616 INFO werkzeug 127.0.0.1 - - [08/May/2025 23:40:44] "GET /country/–¢—É—Ä—Ü–∏—è HTTP/1.1" 200 -
2025-05-08 23:40:44,632 INFO werkzeug 127.0.0.1 - - [08/May/2025 23:40:44] "[36mGET /static/img/–ê–Ω—Ç–∞–ª—å—è.png HTTP/1.1[0m" 304 -
2025-05-08 23:40:44,633 INFO werkzeug 127.0.0.1 - - [08/May/2025 23:40:44] "[36mGET /static/css/base.css HTTP/1.1[0m" 304 -
2025-05-08 23:40:44,634 INFO werkzeug 127.0.0.1 - - [08/May/2025 23:40:44] "[36mGET /static/img/–°—Ç–∞–º–±—É–ª.png HTTP/1.1[0m" 304 -
2025-05-08 23:40:44,640 INFO werkzeug 127.0.0.1 - - [08/May/2025 23:40:44] "[36mGET /static/img/profile2.svg HTTP/1.1[0m" 304 -
2025-05-08 23:40:48,292 INFO werkzeug 127.0.0.1 - - [08/May/2025 23:40:48] "[33mGET /map/–°—Ç–∞–º–±—É–ª HTTP/1.1[0m" 404 -
2025-05-08 23:40:53,046 INFO werkzeug 127.0.0.1 - - [08/May/2025 23:40:53] "[33mGET /map/–°—Ç–∞–º–±—É–ª HTTP/1.1[0m" 404 -
2025-05-08 23:40:56,813 INFO werkzeug 127.0.0.1 - - [08/May/2025 23:40:56] "[33mGET /map/–°—Ç–∞–º–±—É–ª HTTP/1.1[0m" 404 -
2025-05-08 23:41:04,304 INFO werkzeug 127.0.0.1 - - [08/May/2025 23:41:04] "[33mGET /map/–°—Ç–∞–º–±—É–ª HTTP/1.1[0m" 404 -
2025-05-08 23:41:52,246 INFO werkzeug [31m[1mWARNING: This is a development server. Do not use it in a production deployment. Use a production WSGI server instead.[0m
 * Running on http://127.0.0.1:5000
2025-05-08 23:41:52,246 INFO werkzeug [33mPress CTRL+C to quit[0m
2025-05-08 23:41:58,386 INFO werkzeug 127.0.0.1 - - [08/May/2025 23:41:58] "GET / HTTP/1.1" 200 -
2025-05-08 23:41:58,417 INFO werkzeug 127.0.0.1 - - [08/May/2025 23:41:58] "[36mGET /static/css/main.css HTTP/1.1[0m" 304 -
2025-05-08 23:41:58,418 INFO werkzeug 127.0.0.1 - - [08/May/2025 23:41:58] "[36mGET /static/css/base.css HTTP/1.1[0m" 304 -
2025-05-08 23:41:58,452 INFO werkzeug 127.0.0.1 - - [08/May/2025 23:41:58] "[36mGET /static/img/profile2.svg HTTP/1.1[0m" 304 -
2025-05-08 23:41:58,464 INFO werkzeug 127.0.0.1 - - [08/May/2025 23:41:58] "[36mGET /static/img/fon2.jpg HTTP/1.1[0m" 304 -
2025-05-08 23:42:00,519 INFO werkzeug 127.0.0.1 - - [08/May/2025 23:42:00] "GET /my_plans HTTP/1.1" 200 -
2025-05-08 23:42:00,532 INFO werkzeug 127.0.0.1 - - [08/May/2025 23:42:00] "[36mGET /static/css/base.css HTTP/1.1[0m" 304 -
2025-05-08 23:42:00,532 INFO werkzeug 127.0.0.1 - - [08/May/2025 23:42:00] "[36mGET /static/img/profile2.svg HTTP/1.1[0m" 304 -
2025-05-08 23:42:01,570 INFO werkzeug 127.0.0.1 - - [08/May/2025 23:42:01] "GET /countries HTTP/1.1" 200 -
2025-05-08 23:42:01,583 INFO werkzeug 127.0.0.1 - - [08/May/2025 23:42:01] "[36mGET /static/img/profile2.svg HTTP/1.1[0m" 304 -
2025-05-08 23:42:01,586 INFO werkzeug 127.0.0.1 - - [08/May/2025 23:42:01] "[36mGET /static/css/base.css HTTP/1.1[0m" 304 -
2025-05-08 23:42:01,588 INFO werkzeug 127.0.0.1 - - [08/May/2025 23:42:01] "[36mGET /static/img/–¢—É—Ä—Ü–∏—è.png HTTP/1.1[0m" 304 -
2025-05-08 23:42:01,590 INFO werkzeug 127.0.0.1 - - [08/May/2025 23:42:01] "[36mGET /static/img/–ò—Å–ø–∞–Ω–∏—è.png HTTP/1.1[0m" 304 -
2025-05-08 23:42:01,611 INFO werkzeug 127.0.0.1 - - [08/May/2025 23:42:01] "[36mGET /static/img/–ï–≥–∏–ø–µ—Ç.png HTTP/1.1[0m" 304 -
2025-05-08 23:42:02,707 INFO werkzeug 127.0.0.1 - - [08/May/2025 23:42:02] "GET /country/–¢—É—Ä—Ü–∏—è HTTP/1.1" 200 -
2025-05-08 23:42:02,721 INFO werkzeug 127.0.0.1 - - [08/May/2025 23:42:02] "[36mGET /static/css/base.css HTTP/1.1[0m" 304 -
2025-05-08 23:42:02,725 INFO werkzeug 127.0.0.1 - - [08/May/2025 23:42:02] "[36mGET /static/img/profile2.svg HTTP/1.1[0m" 304 -
2025-05-08 23:42:02,726 INFO werkzeug 127.0.0.1 - - [08/May/2025 23:42:02] "[36mGET /static/img/–ê–Ω—Ç–∞–ª—å—è.png HTTP/1.1[0m" 304 -
2025-05-08 23:42:02,728 INFO werkzeug 127.0.0.1 - - [08/May/2025 23:42:02] "[36mGET /static/img/–°—Ç–∞–º–±—É–ª.png HTTP/1.1[0m" 304 -
2025-05-08 23:42:04,523 INFO werkzeug 127.0.0.1 - - [08/May/2025 23:42:04] "[32mGET /map/country/–¢—É—Ä—Ü–∏—è HTTP/1.1[0m" 302 -
2025-05-08 23:42:04,536 INFO werkzeug 127.0.0.1 - - [08/May/2025 23:42:04] "GET /country/–¢—É—Ä—Ü–∏—è HTTP/1.1" 200 -
2025-05-08 23:42:04,559 INFO werkzeug 127.0.0.1 - - [08/May/2025 23:42:04] "[36mGET /static/css/base.css HTTP/1.1[0m" 304 -
2025-05-08 23:42:04,561 INFO werkzeug 127.0.0.1 - - [08/May/2025 23:42:04] "[36mGET /static/img/–ê–Ω—Ç–∞–ª—å—è.png HTTP/1.1[0m" 304 -
2025-05-08 23:42:04,566 INFO werkzeug 127.0.0.1 - - [08/May/2025 23:42:04] "[36mGET /static/img/profile2.svg HTTP/1.1[0m" 304 -
2025-05-08 23:42:04,567 INFO werkzeug 127.0.0.1 - - [08/May/2025 23:42:04] "[36mGET /static/img/–°—Ç–∞–º–±—É–ª.png HTTP/1.1[0m" 304 -
2025-05-08 23:42:09,122 INFO werkzeug 127.0.0.1 - - [08/May/2025 23:42:09] "[32mGET /map/–¢—É—Ä—Ü–∏—è/–°—Ç–∞–º–±—É–ª HTTP/1.1[0m" 302 -
2025-05-08 23:42:09,135 INFO werkzeug 127.0.0.1 - - [08/May/2025 23:42:09] "GET /country/–¢—É—Ä—Ü–∏—è HTTP/1.1" 200 -
2025-05-08 23:42:09,159 INFO werkzeug 127.0.0.1 - - [08/May/2025 23:42:09] "[36mGET /static/css/base.css HTTP/1.1[0m" 304 -
2025-05-08 23:42:09,164 INFO werkzeug 127.0.0.1 - - [08/May/2025 23:42:09] "[36mGET /static/img/–ê–Ω—Ç–∞–ª—å—è.png HTTP/1.1[0m" 304 -
2025-05-08 23:42:09,165 INFO werkzeug 127.0.0.1 - - [08/May/2025 23:42:09] "[36mGET /static/img/–°—Ç–∞–º–±—É–ª.png HTTP/1.1[0m" 304 -
2025-05-08 23:42:09,169 INFO werkzeug 127.0.0.1 - - [08/May/2025 23:42:09] "[36mGET /static/img/profile2.svg HTTP/1.1[0m" 304 -
2025-05-08 23:42:12,893 INFO werkzeug 127.0.0.1 - - [08/May/2025 23:42:12] "[32mGET /map/–¢—É—Ä—Ü–∏—è/–ê–Ω—Ç–∞–ª—å—è HTTP/1.1[0m" 302 -
2025-05-08 23:42:12,905 INFO werkzeug 127.0.0.1 - - [08/May/2025 23:42:12] "GET /country/–¢—É—Ä—Ü–∏—è HTTP/1.1" 200 -
2025-05-08 23:42:12,920 INFO werkzeug 127.0.0.1 - - [08/May/2025 23:42:12] "[36mGET /static/css/base.css HTTP/1.1[0m" 304 -
2025-05-08 23:42:12,925 INFO werkzeug 127.0.0.1 - - [08/May/2025 23:42:12] "[36mGET /static/img/–ê–Ω—Ç–∞–ª—å—è.png HTTP/1.1[0m" 304 -
2025-05-08 23:42:12,927 INFO werkzeug 127.0.0.1 - - [08/May/2025 23:42:12] "[36mGET /static/img/profile2.svg HTTP/1.1[0m" 304 -
2025-05-08 23:42:12,929 INFO werkzeug 127.0.0.1 - - [08/May/2025 23:42:12] "[36mGET /static/img/–°—Ç–∞–º–±—É–ª.png HTTP/1.1[0m" 304 -
2025-05-08 23:42:21,970 INFO werkzeug 127.0.0.1 - - [08/May/2025 23:42:21] "GET / HTTP/1.1" 200 -
2025-05-08 23:42:21,983 INFO werkzeug 127.0.0.1 - - [08/May/2025 23:42:21] "[36mGET /static/css/base.css HTTP/1.1[0m" 304 -
2025-05-08 23:42:21,986 INFO werkzeug 127.0.0.1 - - [08/May/2025 23:42:21] "[36mGET /static/img/profile2.svg HTTP/1.1[0m" 304 -
2025-05-08 23:42:21,989 INFO werkzeug 127.0.0.1 - - [08/May/2025 23:42:21] "[36mGET /static/css/main.css HTTP/1.1[0m" 304 -
2025-05-08 23:42:22,671 INFO werkzeug 127.0.0.1 - - [08/May/2025 23:42:22] "GET /countries HTTP/1.1" 200 -
2025-05-08 23:42:22,684 INFO werkzeug 127.0.0.1 - - [08/May/2025 23:42:22] "[36mGET /static/css/base.css HTTP/1.1[0m" 304 -
2025-05-08 23:42:22,690 INFO werkzeug 127.0.0.1 - - [08/May/2025 23:42:22] "[36mGET /static/img/–¢—É—Ä—Ü–∏—è.png HTTP/1.1[0m" 304 -
2025-05-08 23:42:22,691 INFO werkzeug 127.0.0.1 - - [08/May/2025 23:42:22] "[36mGET /static/img/profile2.svg HTTP/1.1[0m" 304 -
2025-05-08 23:42:22,693 INFO werkzeug 127.0.0.1 - - [08/May/2025 23:42:22] "[36mGET /static/img/–ò—Å–ø–∞–Ω–∏—è.png HTTP/1.1[0m" 304 -
2025-05-08 23:42:22,716 INFO werkzeug 127.0.0.1 - - [08/May/2025 23:42:22] "[36mGET /static/img/–ï–≥–∏–ø–µ—Ç.png HTTP/1.1[0m" 304 -
2025-05-08 23:42:23,623 INFO werkzeug 127.0.0.1 - - [08/May/2025 23:42:23] "GET /my_plans HTTP/1.1" 200 -
2025-05-08 23:42:23,636 INFO werkzeug 127.0.0.1 - - [08/May/2025 23:42:23] "[36mGET /static/css/base.css HTTP/1.1[0m" 304 -
2025-05-08 23:42:23,637 INFO werkzeug 127.0.0.1 - - [08/May/2025 23:42:23] "[36mGET /static/img/profile2.svg HTTP/1.1[0m" 304 -
2025-05-08 23:42:24,153 INFO werkzeug 127.0.0.1 - - [08/May/2025 23:42:24] "GET /liked HTTP/1.1" 200 -
2025-05-08 23:42:24,166 INFO werkzeug 127.0.0.1 - - [08/May/2025 23:42:24] "[36mGET /static/css/base.css HTTP/1.1[0m" 304 -
2025-05-08 23:42:24,170 INFO werkzeug 127.0.0.1 - - [08/May/2025 23:42:24] "[36mGET /static/img/–ï–≥–∏–ø–µ—Ç.png HTTP/1.1[0m" 304 -
2025-05-08 23:42:24,172 INFO werkzeug 127.0.0.1 - - [08/May/2025 23:42:24] "[36mGET /static/img/profile2.svg HTTP/1.1[0m" 304 -
2025-05-08 23:42:24,174 INFO werkzeug 127.0.0.1 - - [08/May/2025 23:42:24] "[36mGET /static/img/–ò—Å–ø–∞–Ω–∏—è.png HTTP/1.1[0m" 304 -
2025-05-08 23:42:24,195 INFO werkzeug 127.0.0.1 - - [08/May/2025 23:42:24] "[36mGET /static/img/–°—Ç–∞–º–±—É–ª.png HTTP/1.1[0m" 304 -
2025-05-08 23:42:24,196 INFO werkzeug 127.0.0.1 - - [08/May/2025 23:42:24] "[36mGET /static/img/–ê–Ω—Ç–∞–ª—å—è.png HTTP/1.1[0m" 304 -
2025-05-08 23:42:24,794 INFO werkzeug 127.0.0.1 - - [08/May/2025 23:42:24] "GET / HTTP/1.1" 200 -
2025-05-08 23:42:24,807 INFO werkzeug 127.0.0.1 - - [08/May/2025 23:42:24] "[36mGET /static/css/base.css HTTP/1.1[0m" 304 -
2025-05-08 23:42:24,809 INFO werkzeug 127.0.0.1 - - [08/May/2025 23:42:24] "[36mGET /static/css/main.css HTTP/1.1[0m" 304 -
2025-05-08 23:42:24,811 INFO werkzeug 127.0.0.1 - - [08/May/2025 23:42:24] "[36mGET /static/img/profile2.svg HTTP/1.1[0m" 304 -
2025-05-08 23:44:03,595 INFO werkzeug [31m[1mWARNING: This is a development server. Do not use it in a production deployment. Use a production WSGI server instead.[0m
 * Running on http://127.0.0.1:5000
2025-05-08 23:44:03,595 INFO werkzeug [33mPress CTRL+C to quit[0m
2025-05-08 23:44:15,668 INFO werkzeug 127.0.0.1 - - [08/May/2025 23:44:15] "GET / HTTP/1.1" 200 -
2025-05-08 23:44:15,700 INFO werkzeug 127.0.0.1 - - [08/May/2025 23:44:15] "[36mGET /static/css/main.css HTTP/1.1[0m" 304 -
2025-05-08 23:44:15,702 INFO werkzeug 127.0.0.1 - - [08/May/2025 23:44:15] "[36mGET /static/css/base.css HTTP/1.1[0m" 304 -
2025-05-08 23:44:15,734 INFO werkzeug 127.0.0.1 - - [08/May/2025 23:44:15] "[36mGET /static/img/profile2.svg HTTP/1.1[0m" 304 -
2025-05-08 23:44:15,745 INFO werkzeug 127.0.0.1 - - [08/May/2025 23:44:15] "[36mGET /static/img/fon2.jpg HTTP/1.1[0m" 304 -
2025-05-08 23:44:17,099 INFO werkzeug 127.0.0.1 - - [08/May/2025 23:44:17] "GET /my_plans HTTP/1.1" 200 -
2025-05-08 23:44:17,112 INFO werkzeug 127.0.0.1 - - [08/May/2025 23:44:17] "[36mGET /static/css/base.css HTTP/1.1[0m" 304 -
2025-05-08 23:44:17,114 INFO werkzeug 127.0.0.1 - - [08/May/2025 23:44:17] "[36mGET /static/img/profile2.svg HTTP/1.1[0m" 304 -
2025-05-08 23:44:17,500 INFO werkzeug 127.0.0.1 - - [08/May/2025 23:44:17] "GET /russian_cities HTTP/1.1" 200 -
2025-05-08 23:44:17,514 INFO werkzeug 127.0.0.1 - - [08/May/2025 23:44:17] "[36mGET /static/css/base.css HTTP/1.1[0m" 304 -
2025-05-08 23:44:17,516 INFO werkzeug 127.0.0.1 - - [08/May/2025 23:44:17] "[36mGET /static/img/profile2.svg HTTP/1.1[0m" 304 -
2025-05-08 23:44:17,518 INFO werkzeug 127.0.0.1 - - [08/May/2025 23:44:17] "[36mGET /static/img/–°–∞–Ω–∫—Ç-–ü–µ—Ç–µ—Ä–±—É—Ä–≥.png HTTP/1.1[0m" 304 -
2025-05-08 23:44:17,519 INFO werkzeug 127.0.0.1 - - [08/May/2025 23:44:17] "[36mGET /static/img/–ú–æ—Å–∫–≤–∞.png HTTP/1.1[0m" 304 -
2025-05-08 23:44:17,544 INFO werkzeug 127.0.0.1 - - [08/May/2025 23:44:17] "[36mGET /static/img/–ö–∞–∑–∞–Ω—å.png HTTP/1.1[0m" 304 -
2025-05-08 23:44:17,546 INFO werkzeug 127.0.0.1 - - [08/May/2025 23:44:17] "[36mGET /static/img/–°–æ—á–∏.png HTTP/1.1[0m" 304 -
2025-05-08 23:44:17,548 INFO werkzeug 127.0.0.1 - - [08/May/2025 23:44:17] "[36mGET /static/img/–ö–∞—Ä–µ–ª–∏—è.png HTTP/1.1[0m" 304 -
2025-05-08 23:44:17,551 INFO werkzeug 127.0.0.1 - - [08/May/2025 23:44:17] "[36mGET /static/img/–ö–∞–º—á–∞—Ç–∫–∞.png HTTP/1.1[0m" 304 -
2025-05-08 23:44:17,554 INFO werkzeug 127.0.0.1 - - [08/May/2025 23:44:17] "[36mGET /static/img/–ö–∏—Å–ª–æ–≤–æ–¥—Å–∫.png HTTP/1.1[0m" 304 -
2025-05-08 23:44:17,567 INFO werkzeug 127.0.0.1 - - [08/May/2025 23:44:17] "[36mGET /static/img/–ö–∞–≤–∫–∞–∑.png HTTP/1.1[0m" 304 -
2025-05-08 23:44:17,593 INFO werkzeug 127.0.0.1 - - [08/May/2025 23:44:17] "[36mGET /static/img/–í–ª–∞–¥–∏–≤–æ—Å—Ç–æ–∫.png HTTP/1.1[0m" 304 -
2025-05-08 23:44:17,596 INFO werkzeug 127.0.0.1 - - [08/May/2025 23:44:17] "[36mGET /static/img/–ö—Ä—ã–º.png HTTP/1.1[0m" 304 -
2025-05-08 23:44:17,598 INFO werkzeug 127.0.0.1 - - [08/May/2025 23:44:17] "[36mGET /static/img/–ö–∞–ª–∏–Ω–∏–Ω–≥—Ä–∞–¥.png HTTP/1.1[0m" 304 -
2025-05-08 23:44:17,601 INFO werkzeug 127.0.0.1 - - [08/May/2025 23:44:17] "[36mGET /static/img/–î–µ—Ä–±–µ–Ω—Ç.png HTTP/1.1[0m" 304 -
2025-05-08 23:45:56,248 INFO werkzeug [31m[1mWARNING: This is a development server. Do not use it in a production deployment. Use a production WSGI server instead.[0m
 * Running on http://127.0.0.1:5000
2025-05-08 23:45:56,248 INFO werkzeug [33mPress CTRL+C to quit[0m
2025-05-08 23:46:01,517 INFO werkzeug 127.0.0.1 - - [08/May/2025 23:46:01] "GET / HTTP/1.1" 200 -
2025-05-08 23:46:01,552 INFO werkzeug 127.0.0.1 - - [08/May/2025 23:46:01] "[36mGET /static/css/base.css HTTP/1.1[0m" 304 -
2025-05-08 23:46:01,552 INFO werkzeug 127.0.0.1 - - [08/May/2025 23:46:01] "[36mGET /static/css/main.css HTTP/1.1[0m" 304 -
2025-05-08 23:46:01,584 INFO werkzeug 127.0.0.1 - - [08/May/2025 23:46:01] "[36mGET /static/img/profile2.svg HTTP/1.1[0m" 304 -
2025-05-08 23:46:01,597 INFO werkzeug 127.0.0.1 - - [08/May/2025 23:46:01] "[36mGET /static/img/fon2.jpg HTTP/1.1[0m" 304 -
2025-05-08 23:46:02,965 INFO werkzeug 127.0.0.1 - - [08/May/2025 23:46:02] "GET /russian_cities HTTP/1.1" 200 -
2025-05-08 23:46:02,983 INFO werkzeug 127.0.0.1 - - [08/May/2025 23:46:02] "[36mGET /static/img/profile2.svg HTTP/1.1[0m" 304 -
2025-05-08 23:46:02,983 INFO werkzeug 127.0.0.1 - - [08/May/2025 23:46:02] "[36mGET /static/css/base.css HTTP/1.1[0m" 304 -
2025-05-08 23:46:02,987 INFO werkzeug 127.0.0.1 - - [08/May/2025 23:46:02] "[36mGET /static/img/–ú–æ—Å–∫–≤–∞.png HTTP/1.1[0m" 304 -
2025-05-08 23:46:02,990 INFO werkzeug 127.0.0.1 - - [08/May/2025 23:46:02] "[36mGET /static/img/–°–∞–Ω–∫—Ç-–ü–µ—Ç–µ—Ä–±—É—Ä–≥.png HTTP/1.1[0m" 304 -
2025-05-08 23:46:03,016 INFO werkzeug 127.0.0.1 - - [08/May/2025 23:46:03] "[36mGET /static/img/–°–æ—á–∏.png HTTP/1.1[0m" 304 -
2025-05-08 23:46:03,016 INFO werkzeug 127.0.0.1 - - [08/May/2025 23:46:03] "[36mGET /static/img/–ö–∞–∑–∞–Ω—å.png HTTP/1.1[0m" 304 -
2025-05-08 23:46:03,017 INFO werkzeug 127.0.0.1 - - [08/May/2025 23:46:03] "[36mGET /static/img/–ö–∞—Ä–µ–ª–∏—è.png HTTP/1.1[0m" 304 -
2025-05-08 23:46:03,021 INFO werkzeug 127.0.0.1 - - [08/May/2025 23:46:03] "[36mGET /static/img/–ö–∞–º—á–∞—Ç–∫–∞.png HTTP/1.1[0m" 304 -
2025-05-08 23:46:03,026 INFO werkzeug 127.0.0.1 - - [08/May/2025 23:46:03] "[36mGET /static/img/–ö–∏—Å–ª–æ–≤–æ–¥—Å–∫.png HTTP/1.1[0m" 304 -
2025-05-08 23:46:03,028 INFO werkzeug 127.0.0.1 - - [08/May/2025 23:46:03] "[36mGET /static/img/–ö–∞–≤–∫–∞–∑.png HTTP/1.1[0m" 304 -
2025-05-08 23:46:03,044 INFO werkzeug 127.0.0.1 - - [08/May/2025 23:46:03] "[36mGET /static/img/–ö—Ä—ã–º.png HTTP/1.1[0m" 304 -
2025-05-08 23:46:03,048 INFO werkzeug 127.0.0.1 - - [08/May/2025 23:46:03] "[36mGET /static/img/–í–ª–∞–¥–∏–≤–æ—Å—Ç–æ–∫.png HTTP/1.1[0m" 304 -
2025-05-08 23:46:03,066 INFO werkzeug 127.0.0.1 - - [08/May/2025 23:46:03] "[36mGET /static/img/–ö–∞–ª–∏–Ω–∏–Ω–≥—Ä–∞–¥.png HTTP/1.1[0m" 304 -
2025-05-08 23:46:03,074 INFO werkzeug 127.0.0.1 - - [08/May/2025 23:46:03] "[36mGET /static/img/–î–µ—Ä–±–µ–Ω—Ç.png HTTP/1.1[0m" 304 -
2025-05-08 23:46:33,639 ERROR main Exception on /map/russian_cities/–ú–æ—Å–∫–≤–∞ [GET]
Traceback (most recent call last):
  File "/Users/mariaturina/PycharmProjects/Flask_Travel/.venv/lib/python3.12/site-packages/urllib3/connection.py", line 198, in _new_conn
    sock = connection.create_connection(
           ^^^^^^^^^^^^^^^^^^^^^^^^^^^^^
  File "/Users/mariaturina/PycharmProjects/Flask_Travel/.venv/lib/python3.12/site-packages/urllib3/util/connection.py", line 85, in create_connection
    raise err
  File "/Users/mariaturina/PycharmProjects/Flask_Travel/.venv/lib/python3.12/site-packages/urllib3/util/connection.py", line 73, in create_connection
    sock.connect(sa)
OSError: [Errno 50] Network is down

The above exception was the direct cause of the following exception:

Traceback (most recent call last):
  File "/Users/mariaturina/PycharmProjects/Flask_Travel/.venv/lib/python3.12/site-packages/urllib3/connectionpool.py", line 787, in urlopen
    response = self._make_request(
               ^^^^^^^^^^^^^^^^^^^
  File "/Users/mariaturina/PycharmProjects/Flask_Travel/.venv/lib/python3.12/site-packages/urllib3/connectionpool.py", line 493, in _make_request
    conn.request(
  File "/Users/mariaturina/PycharmProjects/Flask_Travel/.venv/lib/python3.12/site-packages/urllib3/connection.py", line 445, in request
    self.endheaders()
  File "/Library/Frameworks/Python.framework/Versions/3.12/lib/python3.12/http/client.py", line 1314, in endheaders
    self._send_output(message_body, encode_chunked=encode_chunked)
  File "/Library/Frameworks/Python.framework/Versions/3.12/lib/python3.12/http/client.py", line 1074, in _send_output
    self.send(msg)
  File "/Library/Frameworks/Python.framework/Versions/3.12/lib/python3.12/http/client.py", line 1018, in send
    self.connect()
  File "/Users/mariaturina/PycharmProjects/Flask_Travel/.venv/lib/python3.12/site-packages/urllib3/connection.py", line 276, in connect
    self.sock = self._new_conn()
                ^^^^^^^^^^^^^^^^
  File "/Users/mariaturina/PycharmProjects/Flask_Travel/.venv/lib/python3.12/site-packages/urllib3/connection.py", line 213, in _new_conn
    raise NewConnectionError(
urllib3.exceptions.NewConnectionError: <urllib3.connection.HTTPConnection object at 0x10aa63bc0>: Failed to establish a new connection: [Errno 50] Network is down

The above exception was the direct cause of the following exception:

Traceback (most recent call last):
  File "/Users/mariaturina/PycharmProjects/Flask_Travel/.venv/lib/python3.12/site-packages/requests/adapters.py", line 667, in send
    resp = conn.urlopen(
           ^^^^^^^^^^^^^
  File "/Users/mariaturina/PycharmProjects/Flask_Travel/.venv/lib/python3.12/site-packages/urllib3/connectionpool.py", line 841, in urlopen
    retries = retries.increment(
              ^^^^^^^^^^^^^^^^^^
  File "/Users/mariaturina/PycharmProjects/Flask_Travel/.venv/lib/python3.12/site-packages/urllib3/util/retry.py", line 519, in increment
    raise MaxRetryError(_pool, url, reason) from reason  # type: ignore[arg-type]
    ^^^^^^^^^^^^^^^^^^^^^^^^^^^^^^^^^^^^^^^^^^^^^^^^^^^
urllib3.exceptions.MaxRetryError: HTTPConnectionPool(host='geocode-maps.yandex.ru', port=80): Max retries exceeded with url: /1.x/?apikey=8013b162-6b42-4997-9691-77b7074026e0&geocode=%D0%9C%D0%BE%D1%81%D0%BA%D0%B2%D0%B0&format=json (Caused by NewConnectionError('<urllib3.connection.HTTPConnection object at 0x10aa63bc0>: Failed to establish a new connection: [Errno 50] Network is down'))

During handling of the above exception, another exception occurred:

Traceback (most recent call last):
  File "/Users/mariaturina/PycharmProjects/Flask_Travel/.venv/lib/python3.12/site-packages/flask/app.py", line 1511, in wsgi_app
    response = self.full_dispatch_request()
               ^^^^^^^^^^^^^^^^^^^^^^^^^^^^
  File "/Users/mariaturina/PycharmProjects/Flask_Travel/.venv/lib/python3.12/site-packages/flask/app.py", line 919, in full_dispatch_request
    rv = self.handle_user_exception(e)
         ^^^^^^^^^^^^^^^^^^^^^^^^^^^^^
  File "/Users/mariaturina/PycharmProjects/Flask_Travel/.venv/lib/python3.12/site-packages/flask/app.py", line 917, in full_dispatch_request
    rv = self.dispatch_request()
         ^^^^^^^^^^^^^^^^^^^^^^^
  File "/Users/mariaturina/PycharmProjects/Flask_Travel/.venv/lib/python3.12/site-packages/flask/app.py", line 902, in dispatch_request
    return self.ensure_sync(self.view_functions[rule.endpoint])(**view_args)  # type: ignore[no-any-return]
           ^^^^^^^^^^^^^^^^^^^^^^^^^^^^^^^^^^^^^^^^^^^^^^^^^^^^^^^^^^^^^^^^^
  File "/Users/mariaturina/PycharmProjects/Flask_Travel/main.py", line 121, in open_map
    search_for_map(name)
  File "/Users/mariaturina/PycharmProjects/Flask_Travel/search.py", line 16, in search_for_map
    response = requests.get(geocoder_api_server, params=geocoder_params)
               ^^^^^^^^^^^^^^^^^^^^^^^^^^^^^^^^^^^^^^^^^^^^^^^^^^^^^^^^^
  File "/Users/mariaturina/PycharmProjects/Flask_Travel/.venv/lib/python3.12/site-packages/requests/api.py", line 73, in get
    return request("get", url, params=params, **kwargs)
           ^^^^^^^^^^^^^^^^^^^^^^^^^^^^^^^^^^^^^^^^^^^^
  File "/Users/mariaturina/PycharmProjects/Flask_Travel/.venv/lib/python3.12/site-packages/requests/api.py", line 59, in request
    return session.request(method=method, url=url, **kwargs)
           ^^^^^^^^^^^^^^^^^^^^^^^^^^^^^^^^^^^^^^^^^^^^^^^^^
  File "/Users/mariaturina/PycharmProjects/Flask_Travel/.venv/lib/python3.12/site-packages/requests/sessions.py", line 589, in request
    resp = self.send(prep, **send_kwargs)
           ^^^^^^^^^^^^^^^^^^^^^^^^^^^^^^
  File "/Users/mariaturina/PycharmProjects/Flask_Travel/.venv/lib/python3.12/site-packages/requests/sessions.py", line 703, in send
    r = adapter.send(request, **kwargs)
        ^^^^^^^^^^^^^^^^^^^^^^^^^^^^^^^
  File "/Users/mariaturina/PycharmProjects/Flask_Travel/.venv/lib/python3.12/site-packages/requests/adapters.py", line 700, in send
    raise ConnectionError(e, request=request)
requests.exceptions.ConnectionError: HTTPConnectionPool(host='geocode-maps.yandex.ru', port=80): Max retries exceeded with url: /1.x/?apikey=8013b162-6b42-4997-9691-77b7074026e0&geocode=%D0%9C%D0%BE%D1%81%D0%BA%D0%B2%D0%B0&format=json (Caused by NewConnectionError('<urllib3.connection.HTTPConnection object at 0x10aa63bc0>: Failed to establish a new connection: [Errno 50] Network is down'))
2025-05-08 23:46:33,656 INFO werkzeug 127.0.0.1 - - [08/May/2025 23:46:33] "[35m[1mGET /map/russian_cities/–ú–æ—Å–∫–≤–∞ HTTP/1.1[0m" 500 -
2025-05-08 23:46:59,991 ERROR main Exception on /map/russian_cities/–°–∞–Ω–∫—Ç-–ü–µ—Ç–µ—Ä–±—É—Ä–≥ [GET]
Traceback (most recent call last):
  File "/Users/mariaturina/PycharmProjects/Flask_Travel/.venv/lib/python3.12/site-packages/urllib3/connection.py", line 198, in _new_conn
    sock = connection.create_connection(
           ^^^^^^^^^^^^^^^^^^^^^^^^^^^^^
  File "/Users/mariaturina/PycharmProjects/Flask_Travel/.venv/lib/python3.12/site-packages/urllib3/util/connection.py", line 85, in create_connection
    raise err
  File "/Users/mariaturina/PycharmProjects/Flask_Travel/.venv/lib/python3.12/site-packages/urllib3/util/connection.py", line 73, in create_connection
    sock.connect(sa)
OSError: [Errno 50] Network is down

The above exception was the direct cause of the following exception:

Traceback (most recent call last):
  File "/Users/mariaturina/PycharmProjects/Flask_Travel/.venv/lib/python3.12/site-packages/urllib3/connectionpool.py", line 787, in urlopen
    response = self._make_request(
               ^^^^^^^^^^^^^^^^^^^
  File "/Users/mariaturina/PycharmProjects/Flask_Travel/.venv/lib/python3.12/site-packages/urllib3/connectionpool.py", line 493, in _make_request
    conn.request(
  File "/Users/mariaturina/PycharmProjects/Flask_Travel/.venv/lib/python3.12/site-packages/urllib3/connection.py", line 445, in request
    self.endheaders()
  File "/Library/Frameworks/Python.framework/Versions/3.12/lib/python3.12/http/client.py", line 1314, in endheaders
    self._send_output(message_body, encode_chunked=encode_chunked)
  File "/Library/Frameworks/Python.framework/Versions/3.12/lib/python3.12/http/client.py", line 1074, in _send_output
    self.send(msg)
  File "/Library/Frameworks/Python.framework/Versions/3.12/lib/python3.12/http/client.py", line 1018, in send
    self.connect()
  File "/Users/mariaturina/PycharmProjects/Flask_Travel/.venv/lib/python3.12/site-packages/urllib3/connection.py", line 276, in connect
    self.sock = self._new_conn()
                ^^^^^^^^^^^^^^^^
  File "/Users/mariaturina/PycharmProjects/Flask_Travel/.venv/lib/python3.12/site-packages/urllib3/connection.py", line 213, in _new_conn
    raise NewConnectionError(
urllib3.exceptions.NewConnectionError: <urllib3.connection.HTTPConnection object at 0x10b57ff50>: Failed to establish a new connection: [Errno 50] Network is down

The above exception was the direct cause of the following exception:

Traceback (most recent call last):
  File "/Users/mariaturina/PycharmProjects/Flask_Travel/.venv/lib/python3.12/site-packages/requests/adapters.py", line 667, in send
    resp = conn.urlopen(
           ^^^^^^^^^^^^^
  File "/Users/mariaturina/PycharmProjects/Flask_Travel/.venv/lib/python3.12/site-packages/urllib3/connectionpool.py", line 841, in urlopen
    retries = retries.increment(
              ^^^^^^^^^^^^^^^^^^
  File "/Users/mariaturina/PycharmProjects/Flask_Travel/.venv/lib/python3.12/site-packages/urllib3/util/retry.py", line 519, in increment
    raise MaxRetryError(_pool, url, reason) from reason  # type: ignore[arg-type]
    ^^^^^^^^^^^^^^^^^^^^^^^^^^^^^^^^^^^^^^^^^^^^^^^^^^^
urllib3.exceptions.MaxRetryError: HTTPConnectionPool(host='geocode-maps.yandex.ru', port=80): Max retries exceeded with url: /1.x/?apikey=8013b162-6b42-4997-9691-77b7074026e0&geocode=%D0%A1%D0%B0%D0%BD%D0%BA%D1%82-%D0%9F%D0%B5%D1%82%D0%B5%D1%80%D0%B1%D1%83%D1%80%D0%B3&format=json (Caused by NewConnectionError('<urllib3.connection.HTTPConnection object at 0x10b57ff50>: Failed to establish a new connection: [Errno 50] Network is down'))

During handling of the above exception, another exception occurred:

Traceback (most recent call last):
  File "/Users/mariaturina/PycharmProjects/Flask_Travel/.venv/lib/python3.12/site-packages/flask/app.py", line 1511, in wsgi_app
    response = self.full_dispatch_request()
               ^^^^^^^^^^^^^^^^^^^^^^^^^^^^
  File "/Users/mariaturina/PycharmProjects/Flask_Travel/.venv/lib/python3.12/site-packages/flask/app.py", line 919, in full_dispatch_request
    rv = self.handle_user_exception(e)
         ^^^^^^^^^^^^^^^^^^^^^^^^^^^^^
  File "/Users/mariaturina/PycharmProjects/Flask_Travel/.venv/lib/python3.12/site-packages/flask/app.py", line 917, in full_dispatch_request
    rv = self.dispatch_request()
         ^^^^^^^^^^^^^^^^^^^^^^^
  File "/Users/mariaturina/PycharmProjects/Flask_Travel/.venv/lib/python3.12/site-packages/flask/app.py", line 902, in dispatch_request
    return self.ensure_sync(self.view_functions[rule.endpoint])(**view_args)  # type: ignore[no-any-return]
           ^^^^^^^^^^^^^^^^^^^^^^^^^^^^^^^^^^^^^^^^^^^^^^^^^^^^^^^^^^^^^^^^^
  File "/Users/mariaturina/PycharmProjects/Flask_Travel/main.py", line 121, in open_map
    search_for_map(name)
  File "/Users/mariaturina/PycharmProjects/Flask_Travel/search.py", line 16, in search_for_map
    response = requests.get(geocoder_api_server, params=geocoder_params)
               ^^^^^^^^^^^^^^^^^^^^^^^^^^^^^^^^^^^^^^^^^^^^^^^^^^^^^^^^^
  File "/Users/mariaturina/PycharmProjects/Flask_Travel/.venv/lib/python3.12/site-packages/requests/api.py", line 73, in get
    return request("get", url, params=params, **kwargs)
           ^^^^^^^^^^^^^^^^^^^^^^^^^^^^^^^^^^^^^^^^^^^^
  File "/Users/mariaturina/PycharmProjects/Flask_Travel/.venv/lib/python3.12/site-packages/requests/api.py", line 59, in request
    return session.request(method=method, url=url, **kwargs)
           ^^^^^^^^^^^^^^^^^^^^^^^^^^^^^^^^^^^^^^^^^^^^^^^^^
  File "/Users/mariaturina/PycharmProjects/Flask_Travel/.venv/lib/python3.12/site-packages/requests/sessions.py", line 589, in request
    resp = self.send(prep, **send_kwargs)
           ^^^^^^^^^^^^^^^^^^^^^^^^^^^^^^
  File "/Users/mariaturina/PycharmProjects/Flask_Travel/.venv/lib/python3.12/site-packages/requests/sessions.py", line 703, in send
    r = adapter.send(request, **kwargs)
        ^^^^^^^^^^^^^^^^^^^^^^^^^^^^^^^
  File "/Users/mariaturina/PycharmProjects/Flask_Travel/.venv/lib/python3.12/site-packages/requests/adapters.py", line 700, in send
    raise ConnectionError(e, request=request)
requests.exceptions.ConnectionError: HTTPConnectionPool(host='geocode-maps.yandex.ru', port=80): Max retries exceeded with url: /1.x/?apikey=8013b162-6b42-4997-9691-77b7074026e0&geocode=%D0%A1%D0%B0%D0%BD%D0%BA%D1%82-%D0%9F%D0%B5%D1%82%D0%B5%D1%80%D0%B1%D1%83%D1%80%D0%B3&format=json (Caused by NewConnectionError('<urllib3.connection.HTTPConnection object at 0x10b57ff50>: Failed to establish a new connection: [Errno 50] Network is down'))
2025-05-08 23:46:59,996 INFO werkzeug 127.0.0.1 - - [08/May/2025 23:46:59] "[35m[1mGET /map/russian_cities/–°–∞–Ω–∫—Ç-–ü–µ—Ç–µ—Ä–±—É—Ä–≥ HTTP/1.1[0m" 500 -
2025-05-08 23:47:55,467 INFO werkzeug [31m[1mWARNING: This is a development server. Do not use it in a production deployment. Use a production WSGI server instead.[0m
 * Running on http://127.0.0.1:5000
2025-05-08 23:47:55,467 INFO werkzeug [33mPress CTRL+C to quit[0m
2025-05-12 21:19:17,774 INFO werkzeug [31m[1mWARNING: This is a development server. Do not use it in a production deployment. Use a production WSGI server instead.[0m
 * Running on http://127.0.0.1:5000
2025-05-12 21:19:17,775 INFO werkzeug [33mPress CTRL+C to quit[0m
2025-05-12 21:19:22,886 INFO werkzeug 127.0.0.1 - - [12/May/2025 21:19:22] "GET / HTTP/1.1" 200 -
2025-05-12 21:19:23,025 INFO werkzeug 127.0.0.1 - - [12/May/2025 21:19:23] "[36mGET /static/css/main.css HTTP/1.1[0m" 304 -
2025-05-12 21:19:23,052 INFO werkzeug 127.0.0.1 - - [12/May/2025 21:19:23] "[36mGET /static/img/profile2.svg HTTP/1.1[0m" 304 -
2025-05-12 21:19:23,055 INFO werkzeug 127.0.0.1 - - [12/May/2025 21:19:23] "[36mGET /static/css/base.css HTTP/1.1[0m" 304 -
2025-05-12 21:19:23,079 INFO werkzeug 127.0.0.1 - - [12/May/2025 21:19:23] "GET /static/img/fon2.jpg HTTP/1.1" 200 -
2025-05-12 21:19:37,200 INFO werkzeug [31m[1mWARNING: This is a development server. Do not use it in a production deployment. Use a production WSGI server instead.[0m
 * Running on http://127.0.0.1:5000
2025-05-12 21:19:37,201 INFO werkzeug [33mPress CTRL+C to quit[0m
2025-05-12 21:19:37,906 INFO werkzeug 127.0.0.1 - - [12/May/2025 21:19:37] "GET / HTTP/1.1" 200 -
2025-05-12 21:19:38,161 INFO werkzeug 127.0.0.1 - - [12/May/2025 21:19:38] "[36mGET /static/img/profile2.svg HTTP/1.1[0m" 304 -
2025-05-12 21:19:38,174 INFO werkzeug 127.0.0.1 - - [12/May/2025 21:19:38] "[36mGET /static/css/base.css HTTP/1.1[0m" 304 -
2025-05-12 21:19:38,179 INFO werkzeug 127.0.0.1 - - [12/May/2025 21:19:38] "[36mGET /static/css/main.css HTTP/1.1[0m" 304 -
2025-05-12 21:19:38,442 INFO werkzeug 127.0.0.1 - - [12/May/2025 21:19:38] "[36mGET /static/img/icon_plane.png HTTP/1.1[0m" 304 -
2025-05-12 21:19:55,958 INFO werkzeug [31m[1mWARNING: This is a development server. Do not use it in a production deployment. Use a production WSGI server instead.[0m
 * Running on http://127.0.0.1:5000
2025-05-12 21:19:55,959 INFO werkzeug [33mPress CTRL+C to quit[0m
2025-05-12 21:19:56,756 INFO werkzeug 127.0.0.1 - - [12/May/2025 21:19:56] "GET / HTTP/1.1" 200 -
2025-05-12 21:19:56,977 INFO werkzeug 127.0.0.1 - - [12/May/2025 21:19:56] "[36mGET /static/css/base.css HTTP/1.1[0m" 304 -
2025-05-12 21:19:57,037 INFO werkzeug 127.0.0.1 - - [12/May/2025 21:19:57] "[36mGET /static/img/profile2.svg HTTP/1.1[0m" 304 -
2025-05-12 21:19:57,042 INFO werkzeug 127.0.0.1 - - [12/May/2025 21:19:57] "[36mGET /static/css/main.css HTTP/1.1[0m" 304 -
2025-05-12 21:20:21,535 INFO werkzeug [31m[1mWARNING: This is a development server. Do not use it in a production deployment. Use a production WSGI server instead.[0m
 * Running on http://127.0.0.1:5000
2025-05-12 21:20:21,535 INFO werkzeug [33mPress CTRL+C to quit[0m
2025-05-12 21:20:22,881 INFO werkzeug 127.0.0.1 - - [12/May/2025 21:20:22] "GET / HTTP/1.1" 200 -
2025-05-12 21:20:23,108 INFO werkzeug 127.0.0.1 - - [12/May/2025 21:20:23] "[36mGET /static/css/base.css HTTP/1.1[0m" 304 -
2025-05-12 21:20:23,127 INFO werkzeug 127.0.0.1 - - [12/May/2025 21:20:23] "[36mGET /static/css/main.css HTTP/1.1[0m" 304 -
2025-05-12 21:20:23,141 INFO werkzeug 127.0.0.1 - - [12/May/2025 21:20:23] "[36mGET /static/img/profile2.svg HTTP/1.1[0m" 304 -
2025-05-12 21:20:26,046 INFO werkzeug 127.0.0.1 - - [12/May/2025 21:20:26] "GET /countries HTTP/1.1" 200 -
2025-05-12 21:20:26,106 INFO werkzeug 127.0.0.1 - - [12/May/2025 21:20:26] "[36mGET /static/img/–¢—É—Ä—Ü–∏—è.png HTTP/1.1[0m" 304 -
2025-05-12 21:20:26,109 INFO werkzeug 127.0.0.1 - - [12/May/2025 21:20:26] "[36mGET /static/css/base.css HTTP/1.1[0m" 304 -
2025-05-12 21:20:26,112 INFO werkzeug 127.0.0.1 - - [12/May/2025 21:20:26] "[36mGET /static/img/profile2.svg HTTP/1.1[0m" 304 -
2025-05-12 21:20:26,118 INFO werkzeug 127.0.0.1 - - [12/May/2025 21:20:26] "[36mGET /static/img/–ò—Å–ø–∞–Ω–∏—è.png HTTP/1.1[0m" 304 -
2025-05-12 21:20:26,136 INFO werkzeug 127.0.0.1 - - [12/May/2025 21:20:26] "[36mGET /static/img/–ï–≥–∏–ø–µ—Ç.png HTTP/1.1[0m" 304 -
2025-05-12 21:20:26,153 INFO werkzeug 127.0.0.1 - - [12/May/2025 21:20:26] "[36mGET /static/img/heart.svg HTTP/1.1[0m" 304 -
2025-05-12 21:20:28,780 INFO werkzeug 127.0.0.1 - - [12/May/2025 21:20:28] "[32mGET /add_to_liked_country/countries/–¢—É—Ä—Ü–∏—è HTTP/1.1[0m" 302 -
2025-05-12 21:20:28,798 INFO werkzeug 127.0.0.1 - - [12/May/2025 21:20:28] "GET /countries HTTP/1.1" 200 -
2025-05-12 21:20:28,850 INFO werkzeug 127.0.0.1 - - [12/May/2025 21:20:28] "[36mGET /static/css/base.css HTTP/1.1[0m" 304 -
2025-05-12 21:20:28,865 INFO werkzeug 127.0.0.1 - - [12/May/2025 21:20:28] "[36mGET /static/img/profile2.svg HTTP/1.1[0m" 304 -
2025-05-12 21:20:28,891 INFO werkzeug 127.0.0.1 - - [12/May/2025 21:20:28] "[36mGET /static/img/–ò—Å–ø–∞–Ω–∏—è.png HTTP/1.1[0m" 304 -
2025-05-12 21:20:28,914 INFO werkzeug 127.0.0.1 - - [12/May/2025 21:20:28] "[36mGET /static/img/heart.svg HTTP/1.1[0m" 304 -
2025-05-12 21:20:28,915 INFO werkzeug 127.0.0.1 - - [12/May/2025 21:20:28] "[36mGET /static/img/–¢—É—Ä—Ü–∏—è.png HTTP/1.1[0m" 304 -
2025-05-12 21:20:28,920 INFO werkzeug 127.0.0.1 - - [12/May/2025 21:20:28] "[36mGET /static/img/–ï–≥–∏–ø–µ—Ç.png HTTP/1.1[0m" 304 -
2025-05-12 21:20:34,778 INFO werkzeug 127.0.0.1 - - [12/May/2025 21:20:34] "GET / HTTP/1.1" 200 -
2025-05-12 21:20:34,819 INFO werkzeug 127.0.0.1 - - [12/May/2025 21:20:34] "[36mGET /static/css/base.css HTTP/1.1[0m" 304 -
2025-05-12 21:20:34,825 INFO werkzeug 127.0.0.1 - - [12/May/2025 21:20:34] "[36mGET /static/img/profile2.svg HTTP/1.1[0m" 304 -
2025-05-12 21:20:34,835 INFO werkzeug 127.0.0.1 - - [12/May/2025 21:20:34] "[36mGET /static/css/main.css HTTP/1.1[0m" 304 -
2025-05-12 21:20:37,786 INFO werkzeug 127.0.0.1 - - [12/May/2025 21:20:37] "GET /russian_cities HTTP/1.1" 200 -
2025-05-12 21:20:37,881 INFO werkzeug 127.0.0.1 - - [12/May/2025 21:20:37] "[36mGET /static/img/profile2.svg HTTP/1.1[0m" 304 -
2025-05-12 21:20:37,889 INFO werkzeug 127.0.0.1 - - [12/May/2025 21:20:37] "[36mGET /static/css/base.css HTTP/1.1[0m" 304 -
2025-05-12 21:20:37,915 INFO werkzeug 127.0.0.1 - - [12/May/2025 21:20:37] "[36mGET /static/img/–°–∞–Ω–∫—Ç-–ü–µ—Ç–µ—Ä–±—É—Ä–≥.png HTTP/1.1[0m" 304 -
2025-05-12 21:20:37,924 INFO werkzeug 127.0.0.1 - - [12/May/2025 21:20:37] "[36mGET /static/img/–ú–æ—Å–∫–≤–∞.png HTTP/1.1[0m" 304 -
2025-05-12 21:20:38,002 INFO werkzeug 127.0.0.1 - - [12/May/2025 21:20:38] "[36mGET /static/img/–ö–∞–∑–∞–Ω—å.png HTTP/1.1[0m" 304 -
2025-05-12 21:20:38,017 INFO werkzeug 127.0.0.1 - - [12/May/2025 21:20:38] "[36mGET /static/img/–°–æ—á–∏.png HTTP/1.1[0m" 304 -
2025-05-12 21:20:38,059 INFO werkzeug 127.0.0.1 - - [12/May/2025 21:20:38] "GET /static/img/–ö–∞—Ä–µ–ª–∏—è.png HTTP/1.1" 200 -
2025-05-12 21:20:38,070 INFO werkzeug 127.0.0.1 - - [12/May/2025 21:20:38] "GET /static/img/map.svg HTTP/1.1" 200 -
2025-05-12 21:20:38,110 INFO werkzeug 127.0.0.1 - - [12/May/2025 21:20:38] "[36mGET /static/img/heart.svg HTTP/1.1[0m" 304 -
2025-05-12 21:20:38,119 INFO werkzeug 127.0.0.1 - - [12/May/2025 21:20:38] "[36mGET /static/img/–ö–∞–º—á–∞—Ç–∫–∞.png HTTP/1.1[0m" 304 -
2025-05-12 21:20:38,137 INFO werkzeug 127.0.0.1 - - [12/May/2025 21:20:38] "GET /static/img/–ö–∏—Å–ª–æ–≤–æ–¥—Å–∫.png HTTP/1.1" 200 -
2025-05-12 21:20:38,155 INFO werkzeug 127.0.0.1 - - [12/May/2025 21:20:38] "GET /static/img/–ö—Ä—ã–º.png HTTP/1.1" 200 -
2025-05-12 21:20:38,200 INFO werkzeug 127.0.0.1 - - [12/May/2025 21:20:38] "[36mGET /static/img/–ö–∞–≤–∫–∞–∑.png HTTP/1.1[0m" 304 -
2025-05-12 21:20:38,221 INFO werkzeug 127.0.0.1 - - [12/May/2025 21:20:38] "[36mGET /static/img/–í–ª–∞–¥–∏–≤–æ—Å—Ç–æ–∫.png HTTP/1.1[0m" 304 -
2025-05-12 21:20:38,246 INFO werkzeug 127.0.0.1 - - [12/May/2025 21:20:38] "[36mGET /static/img/–ö–∞–ª–∏–Ω–∏–Ω–≥—Ä–∞–¥.png HTTP/1.1[0m" 304 -
2025-05-12 21:20:38,263 INFO werkzeug 127.0.0.1 - - [12/May/2025 21:20:38] "[36mGET /static/img/–î–µ—Ä–±–µ–Ω—Ç.png HTTP/1.1[0m" 304 -
2025-05-12 21:20:45,500 INFO werkzeug 127.0.0.1 - - [12/May/2025 21:20:45] "[32mGET /map/russian_cities/–ú–æ—Å–∫–≤–∞ HTTP/1.1[0m" 302 -
2025-05-12 21:20:45,523 INFO werkzeug 127.0.0.1 - - [12/May/2025 21:20:45] "GET /russian_cities HTTP/1.1" 200 -
2025-05-12 21:20:45,592 INFO werkzeug 127.0.0.1 - - [12/May/2025 21:20:45] "[36mGET /static/css/base.css HTTP/1.1[0m" 304 -
2025-05-12 21:20:45,614 INFO werkzeug 127.0.0.1 - - [12/May/2025 21:20:45] "[36mGET /static/img/–ú–æ—Å–∫–≤–∞.png HTTP/1.1[0m" 304 -
2025-05-12 21:20:45,620 INFO werkzeug 127.0.0.1 - - [12/May/2025 21:20:45] "[36mGET /static/img/–°–∞–Ω–∫—Ç-–ü–µ—Ç–µ—Ä–±—É—Ä–≥.png HTTP/1.1[0m" 304 -
2025-05-12 21:20:45,617 INFO werkzeug 127.0.0.1 - - [12/May/2025 21:20:45] "[36mGET /static/img/profile2.svg HTTP/1.1[0m" 304 -
2025-05-12 21:20:45,664 INFO werkzeug 127.0.0.1 - - [12/May/2025 21:20:45] "[36mGET /static/img/–ö–∞–∑–∞–Ω—å.png HTTP/1.1[0m" 304 -
2025-05-12 21:20:45,677 INFO werkzeug 127.0.0.1 - - [12/May/2025 21:20:45] "[36mGET /static/img/–°–æ—á–∏.png HTTP/1.1[0m" 304 -
2025-05-12 21:20:45,685 INFO werkzeug 127.0.0.1 - - [12/May/2025 21:20:45] "[36mGET /static/img/–ö–∞—Ä–µ–ª–∏—è.png HTTP/1.1[0m" 304 -
2025-05-12 21:20:45,695 INFO werkzeug 127.0.0.1 - - [12/May/2025 21:20:45] "[36mGET /static/img/map.svg HTTP/1.1[0m" 304 -
2025-05-12 21:20:45,723 INFO werkzeug 127.0.0.1 - - [12/May/2025 21:20:45] "[36mGET /static/img/heart.svg HTTP/1.1[0m" 304 -
2025-05-12 21:20:45,733 INFO werkzeug 127.0.0.1 - - [12/May/2025 21:20:45] "[36mGET /static/img/–ö–∞–≤–∫–∞–∑.png HTTP/1.1[0m" 304 -
2025-05-12 21:20:45,736 INFO werkzeug 127.0.0.1 - - [12/May/2025 21:20:45] "[36mGET /static/img/–ö–∞–º—á–∞—Ç–∫–∞.png HTTP/1.1[0m" 304 -
2025-05-12 21:20:45,777 INFO werkzeug 127.0.0.1 - - [12/May/2025 21:20:45] "[36mGET /static/img/–ö–∏—Å–ª–æ–≤–æ–¥—Å–∫.png HTTP/1.1[0m" 304 -
2025-05-12 21:20:45,805 INFO werkzeug 127.0.0.1 - - [12/May/2025 21:20:45] "[36mGET /static/img/–î–µ—Ä–±–µ–Ω—Ç.png HTTP/1.1[0m" 304 -
2025-05-12 21:20:45,814 INFO werkzeug 127.0.0.1 - - [12/May/2025 21:20:45] "[36mGET /static/img/–ö—Ä—ã–º.png HTTP/1.1[0m" 304 -
2025-05-12 21:20:45,816 INFO werkzeug 127.0.0.1 - - [12/May/2025 21:20:45] "[36mGET /static/img/–ö–∞–ª–∏–Ω–∏–Ω–≥—Ä–∞–¥.png HTTP/1.1[0m" 304 -
2025-05-12 21:20:45,865 INFO werkzeug 127.0.0.1 - - [12/May/2025 21:20:45] "[36mGET /static/img/–í–ª–∞–¥–∏–≤–æ—Å—Ç–æ–∫.png HTTP/1.1[0m" 304 -
2025-05-12 21:20:59,486 INFO werkzeug 127.0.0.1 - - [12/May/2025 21:20:59] "GET / HTTP/1.1" 200 -
2025-05-12 21:20:59,560 INFO werkzeug 127.0.0.1 - - [12/May/2025 21:20:59] "[36mGET /static/css/main.css HTTP/1.1[0m" 304 -
2025-05-12 21:20:59,564 INFO werkzeug 127.0.0.1 - - [12/May/2025 21:20:59] "[36mGET /static/css/base.css HTTP/1.1[0m" 304 -
2025-05-12 21:20:59,580 INFO werkzeug 127.0.0.1 - - [12/May/2025 21:20:59] "[36mGET /static/img/profile2.svg HTTP/1.1[0m" 304 -
2025-05-12 21:21:02,619 INFO werkzeug 127.0.0.1 - - [12/May/2025 21:21:02] "GET /tourism HTTP/1.1" 200 -
2025-05-12 21:21:02,684 INFO werkzeug 127.0.0.1 - - [12/May/2025 21:21:02] "GET /static/img/beach.jpg HTTP/1.1" 200 -
2025-05-12 21:21:02,705 INFO werkzeug 127.0.0.1 - - [12/May/2025 21:21:02] "[36mGET /static/css/base.css HTTP/1.1[0m" 304 -
2025-05-12 21:21:02,706 INFO werkzeug 127.0.0.1 - - [12/May/2025 21:21:02] "GET /static/img/mountains.jpg HTTP/1.1" 200 -
2025-05-12 21:21:02,711 INFO werkzeug 127.0.0.1 - - [12/May/2025 21:21:02] "[36mGET /static/img/profile2.svg HTTP/1.1[0m" 304 -
2025-05-12 21:21:02,742 INFO werkzeug 127.0.0.1 - - [12/May/2025 21:21:02] "GET /static/img/colisey.jpg HTTP/1.1" 200 -
2025-05-12 21:21:52,252 INFO werkzeug [31m[1mWARNING: This is a development server. Do not use it in a production deployment. Use a production WSGI server instead.[0m
 * Running on http://127.0.0.1:5000
2025-05-12 21:21:52,252 INFO werkzeug [33mPress CTRL+C to quit[0m
2025-05-12 21:21:52,534 INFO werkzeug 127.0.0.1 - - [12/May/2025 21:21:52] "GET /tourism HTTP/1.1" 200 -
2025-05-12 21:21:52,761 INFO werkzeug 127.0.0.1 - - [12/May/2025 21:21:52] "[36mGET /static/img/beach.jpg HTTP/1.1[0m" 304 -
2025-05-12 21:21:52,820 INFO werkzeug 127.0.0.1 - - [12/May/2025 21:21:52] "[36mGET /static/css/base.css HTTP/1.1[0m" 304 -
2025-05-12 21:21:52,846 INFO werkzeug 127.0.0.1 - - [12/May/2025 21:21:52] "[36mGET /static/img/profile2.svg HTTP/1.1[0m" 304 -
2025-05-12 21:21:52,887 INFO werkzeug 127.0.0.1 - - [12/May/2025 21:21:52] "[36mGET /static/img/mountains.jpg HTTP/1.1[0m" 304 -
2025-05-12 21:21:52,898 INFO werkzeug 127.0.0.1 - - [12/May/2025 21:21:52] "[36mGET /static/img/colisey.jpg HTTP/1.1[0m" 304 -
2025-05-12 21:21:58,048 INFO werkzeug 127.0.0.1 - - [12/May/2025 21:21:58] "GET /my_plans HTTP/1.1" 200 -
2025-05-12 21:21:58,087 INFO werkzeug 127.0.0.1 - - [12/May/2025 21:21:58] "[36mGET /static/css/base.css HTTP/1.1[0m" 304 -
2025-05-12 21:21:58,096 INFO werkzeug 127.0.0.1 - - [12/May/2025 21:21:58] "[36mGET /static/img/profile2.svg HTTP/1.1[0m" 304 -
2025-05-12 21:22:43,844 INFO werkzeug [31m[1mWARNING: This is a development server. Do not use it in a production deployment. Use a production WSGI server instead.[0m
 * Running on http://127.0.0.1:5000
2025-05-12 21:22:43,845 INFO werkzeug [33mPress CTRL+C to quit[0m
2025-05-12 21:22:45,809 INFO werkzeug 127.0.0.1 - - [12/May/2025 21:22:45] "GET /my_plans HTTP/1.1" 200 -
2025-05-12 21:22:46,011 INFO werkzeug 127.0.0.1 - - [12/May/2025 21:22:46] "[36mGET /static/css/base.css HTTP/1.1[0m" 304 -
2025-05-12 21:22:46,035 INFO werkzeug 127.0.0.1 - - [12/May/2025 21:22:46] "[36mGET /static/img/profile2.svg HTTP/1.1[0m" 304 -
2025-05-12 21:22:48,732 INFO werkzeug 127.0.0.1 - - [12/May/2025 21:22:48] "GET /create_plan HTTP/1.1" 200 -
2025-05-12 21:22:48,782 INFO werkzeug 127.0.0.1 - - [12/May/2025 21:22:48] "[36mGET /static/css/base.css HTTP/1.1[0m" 304 -
2025-05-12 21:22:48,790 INFO werkzeug 127.0.0.1 - - [12/May/2025 21:22:48] "[36mGET /static/img/profile2.svg HTTP/1.1[0m" 304 -
2025-05-12 21:22:57,427 INFO werkzeug 127.0.0.1 - - [12/May/2025 21:22:57] "POST /create_plan HTTP/1.1" 200 -
2025-05-12 21:22:57,493 INFO werkzeug 127.0.0.1 - - [12/May/2025 21:22:57] "[36mGET /static/img/profile2.svg HTTP/1.1[0m" 304 -
2025-05-12 21:22:57,475 INFO werkzeug 127.0.0.1 - - [12/May/2025 21:22:57] "[36mGET /static/css/base.css HTTP/1.1[0m" 304 -
2025-05-12 21:23:00,615 INFO werkzeug 127.0.0.1 - - [12/May/2025 21:23:00] "GET /my_plans HTTP/1.1" 200 -
2025-05-12 21:23:00,740 INFO werkzeug 127.0.0.1 - - [12/May/2025 21:23:00] "[36mGET /static/css/base.css HTTP/1.1[0m" 304 -
2025-05-12 21:23:00,751 INFO werkzeug 127.0.0.1 - - [12/May/2025 21:23:00] "[33mGET /static/css/table.css HTTP/1.1[0m" 404 -
2025-05-12 21:23:00,762 INFO werkzeug 127.0.0.1 - - [12/May/2025 21:23:00] "[36mGET /static/img/profile2.svg HTTP/1.1[0m" 304 -
2025-05-12 21:23:00,803 INFO werkzeug 127.0.0.1 - - [12/May/2025 21:23:00] "[36mGET /static/img/trash.svg HTTP/1.1[0m" 304 -
2025-05-12 21:23:02,948 INFO werkzeug 127.0.0.1 - - [12/May/2025 21:23:02] "GET /plan/–í–∞—Å—è HTTP/1.1" 200 -
2025-05-12 21:23:03,053 INFO werkzeug 127.0.0.1 - - [12/May/2025 21:23:03] "GET /static/css/style_plan.css HTTP/1.1" 200 -
2025-05-12 21:23:03,086 INFO werkzeug 127.0.0.1 - - [12/May/2025 21:23:03] "[36mGET /static/css/base.css HTTP/1.1[0m" 304 -
2025-05-12 21:23:03,110 INFO werkzeug 127.0.0.1 - - [12/May/2025 21:23:03] "[36mGET /static/img/–ê–Ω—Ç–∞–ª—å—è.png HTTP/1.1[0m" 304 -
2025-05-12 21:23:03,150 INFO werkzeug 127.0.0.1 - - [12/May/2025 21:23:03] "[36mGET /static/img/profile2.svg HTTP/1.1[0m" 304 -
2025-05-12 21:23:03,174 INFO werkzeug 127.0.0.1 - - [12/May/2025 21:23:03] "[36mGET /static/img/–°—Ç–∞–º–±—É–ª.png HTTP/1.1[0m" 304 -
2025-05-12 21:23:03,180 INFO werkzeug 127.0.0.1 - - [12/May/2025 21:23:03] "[36mGET /static/img/trash.svg HTTP/1.1[0m" 304 -
2025-05-12 21:23:08,113 INFO werkzeug 127.0.0.1 - - [12/May/2025 21:23:08] "[32mGET /delete_from_plan/–í–∞—Å—è/–ê–Ω—Ç–∞–ª—å—è HTTP/1.1[0m" 302 -
2025-05-12 21:23:08,148 INFO werkzeug 127.0.0.1 - - [12/May/2025 21:23:08] "GET /plan/–í–∞—Å—è HTTP/1.1" 200 -
2025-05-12 21:23:08,225 INFO werkzeug 127.0.0.1 - - [12/May/2025 21:23:08] "[36mGET /static/css/base.css HTTP/1.1[0m" 304 -
2025-05-12 21:23:08,228 INFO werkzeug 127.0.0.1 - - [12/May/2025 21:23:08] "[36mGET /static/css/style_plan.css HTTP/1.1[0m" 304 -
2025-05-12 21:23:08,245 INFO werkzeug 127.0.0.1 - - [12/May/2025 21:23:08] "[36mGET /static/img/profile2.svg HTTP/1.1[0m" 304 -
2025-05-12 21:23:08,251 INFO werkzeug 127.0.0.1 - - [12/May/2025 21:23:08] "[36mGET /static/img/–°—Ç–∞–º–±—É–ª.png HTTP/1.1[0m" 304 -
2025-05-12 21:23:08,259 INFO werkzeug 127.0.0.1 - - [12/May/2025 21:23:08] "[36mGET /static/img/trash.svg HTTP/1.1[0m" 304 -
